<?xml version="1.0" encoding="UTF-8"?>
<testsuite xmlns:xsi="http://www.w3.org/2001/XMLSchema-instance" xsi:noNamespaceSchemaLocation="https://maven.apache.org/surefire/maven-surefire-plugin/xsd/surefire-test-report-3.0.xsd" version="3.0" name="org.example.foodru_microservice.FoodRuMicroServiceApplicationTests" time="6.635" tests="1" errors="1" skipped="0" failures="0">
  <properties>
    <property name="java.specification.version" value="21"/>
    <property name="sun.cpu.isalist" value="amd64"/>
    <property name="sun.jnu.encoding" value="Cp1251"/>
    <property name="java.class.path" value="C:\Users\danil\Desktop\Fintech_Course\FoodRu_MicroService\target\test-classes;C:\Users\danil\Desktop\Fintech_Course\FoodRu_MicroService\target\classes;C:\Users\danil\.m2\repository\org\springframework\boot\spring-boot-starter-actuator\3.3.5\spring-boot-starter-actuator-3.3.5.jar;C:\Users\danil\.m2\repository\org\springframework\boot\spring-boot-starter\3.3.5\spring-boot-starter-3.3.5.jar;C:\Users\danil\.m2\repository\org\springframework\boot\spring-boot-starter-logging\3.3.5\spring-boot-starter-logging-3.3.5.jar;C:\Users\danil\.m2\repository\ch\qos\logback\logback-classic\1.5.11\logback-classic-1.5.11.jar;C:\Users\danil\.m2\repository\ch\qos\logback\logback-core\1.5.11\logback-core-1.5.11.jar;C:\Users\danil\.m2\repository\org\apache\logging\log4j\log4j-to-slf4j\2.23.1\log4j-to-slf4j-2.23.1.jar;C:\Users\danil\.m2\repository\org\apache\logging\log4j\log4j-api\2.23.1\log4j-api-2.23.1.jar;C:\Users\danil\.m2\repository\org\slf4j\jul-to-slf4j\2.0.16\jul-to-slf4j-2.0.16.jar;C:\Users\danil\.m2\repository\jakarta\annotation\jakarta.annotation-api\2.1.1\jakarta.annotation-api-2.1.1.jar;C:\Users\danil\.m2\repository\org\springframework\boot\spring-boot-actuator-autoconfigure\3.3.5\spring-boot-actuator-autoconfigure-3.3.5.jar;C:\Users\danil\.m2\repository\org\springframework\boot\spring-boot-actuator\3.3.5\spring-boot-actuator-3.3.5.jar;C:\Users\danil\.m2\repository\com\fasterxml\jackson\core\jackson-databind\2.17.2\jackson-databind-2.17.2.jar;C:\Users\danil\.m2\repository\com\fasterxml\jackson\core\jackson-annotations\2.17.2\jackson-annotations-2.17.2.jar;C:\Users\danil\.m2\repository\com\fasterxml\jackson\core\jackson-core\2.17.2\jackson-core-2.17.2.jar;C:\Users\danil\.m2\repository\com\fasterxml\jackson\datatype\jackson-datatype-jsr310\2.17.2\jackson-datatype-jsr310-2.17.2.jar;C:\Users\danil\.m2\repository\io\micrometer\micrometer-observation\1.13.6\micrometer-observation-1.13.6.jar;C:\Users\danil\.m2\repository\io\micrometer\micrometer-commons\1.13.6\micrometer-commons-1.13.6.jar;C:\Users\danil\.m2\repository\io\micrometer\micrometer-jakarta9\1.13.6\micrometer-jakarta9-1.13.6.jar;C:\Users\danil\.m2\repository\io\micrometer\micrometer-core\1.13.6\micrometer-core-1.13.6.jar;C:\Users\danil\.m2\repository\org\hdrhistogram\HdrHistogram\2.2.2\HdrHistogram-2.2.2.jar;C:\Users\danil\.m2\repository\org\latencyutils\LatencyUtils\2.0.3\LatencyUtils-2.0.3.jar;C:\Users\danil\.m2\repository\org\springframework\boot\spring-boot-starter-data-jpa\3.3.5\spring-boot-starter-data-jpa-3.3.5.jar;C:\Users\danil\.m2\repository\org\springframework\boot\spring-boot-starter-aop\3.3.5\spring-boot-starter-aop-3.3.5.jar;C:\Users\danil\.m2\repository\org\springframework\spring-aop\6.1.14\spring-aop-6.1.14.jar;C:\Users\danil\.m2\repository\org\aspectj\aspectjweaver\1.9.22.1\aspectjweaver-1.9.22.1.jar;C:\Users\danil\.m2\repository\org\springframework\boot\spring-boot-starter-jdbc\3.3.5\spring-boot-starter-jdbc-3.3.5.jar;C:\Users\danil\.m2\repository\org\springframework\spring-jdbc\6.1.14\spring-jdbc-6.1.14.jar;C:\Users\danil\.m2\repository\org\hibernate\orm\hibernate-core\6.5.3.Final\hibernate-core-6.5.3.Final.jar;C:\Users\danil\.m2\repository\jakarta\transaction\jakarta.transaction-api\2.0.1\jakarta.transaction-api-2.0.1.jar;C:\Users\danil\.m2\repository\org\jboss\logging\jboss-logging\3.5.3.Final\jboss-logging-3.5.3.Final.jar;C:\Users\danil\.m2\repository\org\hibernate\common\hibernate-commons-annotations\6.0.6.Final\hibernate-commons-annotations-6.0.6.Final.jar;C:\Users\danil\.m2\repository\io\smallrye\jandex\3.1.2\jandex-3.1.2.jar;C:\Users\danil\.m2\repository\com\fasterxml\classmate\1.7.0\classmate-1.7.0.jar;C:\Users\danil\.m2\repository\net\bytebuddy\byte-buddy\1.14.19\byte-buddy-1.14.19.jar;C:\Users\danil\.m2\repository\org\glassfish\jaxb\jaxb-runtime\4.0.5\jaxb-runtime-4.0.5.jar;C:\Users\danil\.m2\repository\org\glassfish\jaxb\jaxb-core\4.0.5\jaxb-core-4.0.5.jar;C:\Users\danil\.m2\repository\org\glassfish\jaxb\txw2\4.0.5\txw2-4.0.5.jar;C:\Users\danil\.m2\repository\com\sun\istack\istack-commons-runtime\4.1.2\istack-commons-runtime-4.1.2.jar;C:\Users\danil\.m2\repository\jakarta\inject\jakarta.inject-api\2.0.1\jakarta.inject-api-2.0.1.jar;C:\Users\danil\.m2\repository\org\antlr\antlr4-runtime\4.13.0\antlr4-runtime-4.13.0.jar;C:\Users\danil\.m2\repository\org\springframework\data\spring-data-jpa\3.3.5\spring-data-jpa-3.3.5.jar;C:\Users\danil\.m2\repository\org\springframework\data\spring-data-commons\3.3.5\spring-data-commons-3.3.5.jar;C:\Users\danil\.m2\repository\org\springframework\spring-orm\6.1.14\spring-orm-6.1.14.jar;C:\Users\danil\.m2\repository\org\springframework\spring-aspects\6.1.14\spring-aspects-6.1.14.jar;C:\Users\danil\.m2\repository\org\springframework\boot\spring-boot-starter-validation\3.3.5\spring-boot-starter-validation-3.3.5.jar;C:\Users\danil\.m2\repository\org\apache\tomcat\embed\tomcat-embed-el\10.1.31\tomcat-embed-el-10.1.31.jar;C:\Users\danil\.m2\repository\org\hibernate\validator\hibernate-validator\8.0.1.Final\hibernate-validator-8.0.1.Final.jar;C:\Users\danil\.m2\repository\jakarta\validation\jakarta.validation-api\3.0.2\jakarta.validation-api-3.0.2.jar;C:\Users\danil\.m2\repository\org\springframework\boot\spring-boot-starter-web\3.3.5\spring-boot-starter-web-3.3.5.jar;C:\Users\danil\.m2\repository\org\springframework\boot\spring-boot-starter-json\3.3.5\spring-boot-starter-json-3.3.5.jar;C:\Users\danil\.m2\repository\com\fasterxml\jackson\datatype\jackson-datatype-jdk8\2.17.2\jackson-datatype-jdk8-2.17.2.jar;C:\Users\danil\.m2\repository\com\fasterxml\jackson\module\jackson-module-parameter-names\2.17.2\jackson-module-parameter-names-2.17.2.jar;C:\Users\danil\.m2\repository\org\springframework\boot\spring-boot-starter-tomcat\3.3.5\spring-boot-starter-tomcat-3.3.5.jar;C:\Users\danil\.m2\repository\org\apache\tomcat\embed\tomcat-embed-core\10.1.31\tomcat-embed-core-10.1.31.jar;C:\Users\danil\.m2\repository\org\apache\tomcat\embed\tomcat-embed-websocket\10.1.31\tomcat-embed-websocket-10.1.31.jar;C:\Users\danil\.m2\repository\org\springframework\spring-web\6.1.14\spring-web-6.1.14.jar;C:\Users\danil\.m2\repository\org\springframework\spring-webmvc\6.1.14\spring-webmvc-6.1.14.jar;C:\Users\danil\.m2\repository\org\springframework\spring-expression\6.1.14\spring-expression-6.1.14.jar;C:\Users\danil\.m2\repository\org\liquibase\liquibase-core\4.27.0\liquibase-core-4.27.0.jar;C:\Users\danil\.m2\repository\com\opencsv\opencsv\5.9\opencsv-5.9.jar;C:\Users\danil\.m2\repository\org\apache\commons\commons-text\1.11.0\commons-text-1.11.0.jar;C:\Users\danil\.m2\repository\org\apache\commons\commons-collections4\4.4\commons-collections4-4.4.jar;C:\Users\danil\.m2\repository\org\yaml\snakeyaml\2.2\snakeyaml-2.2.jar;C:\Users\danil\.m2\repository\org\apache\commons\commons-lang3\3.14.0\commons-lang3-3.14.0.jar;C:\Users\danil\.m2\repository\jakarta\persistence\jakarta.persistence-api\3.1.0\jakarta.persistence-api-3.1.0.jar;C:\Users\danil\.m2\repository\org\springframework\boot\spring-boot-devtools\3.3.5\spring-boot-devtools-3.3.5.jar;C:\Users\danil\.m2\repository\org\springframework\boot\spring-boot\3.3.5\spring-boot-3.3.5.jar;C:\Users\danil\.m2\repository\org\springframework\boot\spring-boot-autoconfigure\3.3.5\spring-boot-autoconfigure-3.3.5.jar;C:\Users\danil\.m2\repository\org\postgresql\postgresql\42.7.4\postgresql-42.7.4.jar;C:\Users\danil\.m2\repository\org\checkerframework\checker-qual\3.42.0\checker-qual-3.42.0.jar;C:\Users\danil\.m2\repository\org\springframework\boot\spring-boot-starter-mail\3.3.5\spring-boot-starter-mail-3.3.5.jar;C:\Users\danil\.m2\repository\org\eclipse\angus\jakarta.mail\2.0.3\jakarta.mail-2.0.3.jar;C:\Users\danil\.m2\repository\jakarta\activation\jakarta.activation-api\2.1.3\jakarta.activation-api-2.1.3.jar;C:\Users\danil\.m2\repository\org\eclipse\angus\angus-activation\2.0.2\angus-activation-2.0.2.jar;C:\Users\danil\.m2\repository\org\springframework\spring-context-support\6.1.5\spring-context-support-6.1.5.jar;C:\Users\danil\.m2\repository\org\springframework\spring-beans\6.1.14\spring-beans-6.1.14.jar;C:\Users\danil\.m2\repository\org\springframework\spring-context\6.1.14\spring-context-6.1.14.jar;C:\Users\danil\.m2\repository\org\springframework\spring-core\6.1.14\spring-core-6.1.14.jar;C:\Users\danil\.m2\repository\org\springframework\spring-jcl\6.1.14\spring-jcl-6.1.14.jar;C:\Users\danil\.m2\repository\com\github\librepdf\openpdf\1.3.8\openpdf-1.3.8.jar;C:\Users\danil\.m2\repository\com\github\albfernandez\juniversalchardet\2.3.0\juniversalchardet-2.3.0.jar;C:\Users\danil\.m2\repository\org\springframework\kafka\spring-kafka\3.1.2\spring-kafka-3.1.2.jar;C:\Users\danil\.m2\repository\org\springframework\spring-messaging\6.1.14\spring-messaging-6.1.14.jar;C:\Users\danil\.m2\repository\org\springframework\spring-tx\6.1.14\spring-tx-6.1.14.jar;C:\Users\danil\.m2\repository\org\springframework\retry\spring-retry\2.0.10\spring-retry-2.0.10.jar;C:\Users\danil\.m2\repository\org\apache\kafka\kafka-clients\3.7.1\kafka-clients-3.7.1.jar;C:\Users\danil\.m2\repository\com\github\luben\zstd-jni\1.5.6-3\zstd-jni-1.5.6-3.jar;C:\Users\danil\.m2\repository\org\lz4\lz4-java\1.8.0\lz4-java-1.8.0.jar;C:\Users\danil\.m2\repository\org\xerial\snappy\snappy-java\1.1.10.5\snappy-java-1.1.10.5.jar;C:\Users\danil\.m2\repository\com\google\code\findbugs\jsr305\3.0.2\jsr305-3.0.2.jar;C:\Users\danil\.m2\repository\com\amazonaws\aws-java-sdk\1.12.429\aws-java-sdk-1.12.429.jar;C:\Users\danil\.m2\repository\com\amazonaws\aws-java-sdk-internetmonitor\1.12.429\aws-java-sdk-internetmonitor-1.12.429.jar;C:\Users\danil\.m2\repository\com\amazonaws\jmespath-java\1.12.429\jmespath-java-1.12.429.jar;C:\Users\danil\.m2\repository\com\amazonaws\aws-java-sdk-tnb\1.12.429\aws-java-sdk-tnb-1.12.429.jar;C:\Users\danil\.m2\repository\com\amazonaws\aws-java-sdk-cloudtraildata\1.12.429\aws-java-sdk-cloudtraildata-1.12.429.jar;C:\Users\danil\.m2\repository\com\amazonaws\aws-java-sdk-cleanrooms\1.12.429\aws-java-sdk-cleanrooms-1.12.429.jar;C:\Users\danil\.m2\repository\com\amazonaws\aws-java-sdk-kendraranking\1.12.429\aws-java-sdk-kendraranking-1.12.429.jar;C:\Users\danil\.m2\repository\com\amazonaws\aws-java-sdk-licensemanagerlinuxsubscriptions\1.12.429\aws-java-sdk-licensemanagerlinuxsubscriptions-1.12.429.jar;C:\Users\danil\.m2\repository\com\amazonaws\aws-java-sdk-kinesisvideowebrtcstorage\1.12.429\aws-java-sdk-kinesisvideowebrtcstorage-1.12.429.jar;C:\Users\danil\.m2\repository\com\amazonaws\aws-java-sdk-sagemakermetrics\1.12.429\aws-java-sdk-sagemakermetrics-1.12.429.jar;C:\Users\danil\.m2\repository\com\amazonaws\aws-java-sdk-pipes\1.12.429\aws-java-sdk-pipes-1.12.429.jar;C:\Users\danil\.m2\repository\com\amazonaws\aws-java-sdk-sagemakergeospatial\1.12.429\aws-java-sdk-sagemakergeospatial-1.12.429.jar;C:\Users\danil\.m2\repository\com\amazonaws\aws-java-sdk-docdbelastic\1.12.429\aws-java-sdk-docdbelastic-1.12.429.jar;C:\Users\danil\.m2\repository\com\amazonaws\aws-java-sdk-omics\1.12.429\aws-java-sdk-omics-1.12.429.jar;C:\Users\danil\.m2\repository\com\amazonaws\aws-java-sdk-opensearchserverless\1.12.429\aws-java-sdk-opensearchserverless-1.12.429.jar;C:\Users\danil\.m2\repository\com\amazonaws\aws-java-sdk-securitylake\1.12.429\aws-java-sdk-securitylake-1.12.429.jar;C:\Users\danil\.m2\repository\com\amazonaws\aws-java-sdk-simspaceweaver\1.12.429\aws-java-sdk-simspaceweaver-1.12.429.jar;C:\Users\danil\.m2\repository\com\amazonaws\aws-java-sdk-arczonalshift\1.12.429\aws-java-sdk-arczonalshift-1.12.429.jar;C:\Users\danil\.m2\repository\com\amazonaws\aws-java-sdk-oam\1.12.429\aws-java-sdk-oam-1.12.429.jar;C:\Users\danil\.m2\repository\com\amazonaws\aws-java-sdk-iotroborunner\1.12.429\aws-java-sdk-iotroborunner-1.12.429.jar;C:\Users\danil\.m2\repository\com\amazonaws\aws-java-sdk-chimesdkvoice\1.12.429\aws-java-sdk-chimesdkvoice-1.12.429.jar;C:\Users\danil\.m2\repository\com\amazonaws\aws-java-sdk-ssmsap\1.12.429\aws-java-sdk-ssmsap-1.12.429.jar;C:\Users\danil\.m2\repository\com\amazonaws\aws-java-sdk-scheduler\1.12.429\aws-java-sdk-scheduler-1.12.429.jar;C:\Users\danil\.m2\repository\com\amazonaws\aws-java-sdk-resourceexplorer2\1.12.429\aws-java-sdk-resourceexplorer2-1.12.429.jar;C:\Users\danil\.m2\repository\com\amazonaws\aws-java-sdk-connectcases\1.12.429\aws-java-sdk-connectcases-1.12.429.jar;C:\Users\danil\.m2\repository\com\amazonaws\aws-java-sdk-migrationhuborchestrator\1.12.429\aws-java-sdk-migrationhuborchestrator-1.12.429.jar;C:\Users\danil\.m2\repository\com\amazonaws\aws-java-sdk-iotfleetwise\1.12.429\aws-java-sdk-iotfleetwise-1.12.429.jar;C:\Users\danil\.m2\repository\com\amazonaws\aws-java-sdk-controltower\1.12.429\aws-java-sdk-controltower-1.12.429.jar;C:\Users\danil\.m2\repository\com\amazonaws\aws-java-sdk-supportapp\1.12.429\aws-java-sdk-supportapp-1.12.429.jar;C:\Users\danil\.m2\repository\com\amazonaws\aws-java-sdk-private5g\1.12.429\aws-java-sdk-private5g-1.12.429.jar;C:\Users\danil\.m2\repository\com\amazonaws\aws-java-sdk-backupstorage\1.12.429\aws-java-sdk-backupstorage-1.12.429.jar;C:\Users\danil\.m2\repository\com\amazonaws\aws-java-sdk-licensemanagerusersubscriptions\1.12.429\aws-java-sdk-licensemanagerusersubscriptions-1.12.429.jar;C:\Users\danil\.m2\repository\com\amazonaws\aws-java-sdk-iamrolesanywhere\1.12.429\aws-java-sdk-iamrolesanywhere-1.12.429.jar;C:\Users\danil\.m2\repository\com\amazonaws\aws-java-sdk-redshiftserverless\1.12.429\aws-java-sdk-redshiftserverless-1.12.429.jar;C:\Users\danil\.m2\repository\com\amazonaws\aws-java-sdk-connectcampaign\1.12.429\aws-java-sdk-connectcampaign-1.12.429.jar;C:\Users\danil\.m2\repository\com\amazonaws\aws-java-sdk-mainframemodernization\1.12.429\aws-java-sdk-mainframemodernization-1.12.429.jar;C:\Users\danil\.m2\repository\com\amazonaws\aws-java-sdk-emrserverless\1.12.429\aws-java-sdk-emrserverless-1.12.429.jar;C:\Users\danil\.m2\repository\com\amazonaws\aws-java-sdk-chimesdkmediapipelines\1.12.429\aws-java-sdk-chimesdkmediapipelines-1.12.429.jar;C:\Users\danil\.m2\repository\com\amazonaws\aws-java-sdk-ivschat\1.12.429\aws-java-sdk-ivschat-1.12.429.jar;C:\Users\danil\.m2\repository\com\amazonaws\aws-java-sdk-pinpointsmsvoicev2\1.12.429\aws-java-sdk-pinpointsmsvoicev2-1.12.429.jar;C:\Users\danil\.m2\repository\com\amazonaws\aws-java-sdk-gamesparks\1.12.429\aws-java-sdk-gamesparks-1.12.429.jar;C:\Users\danil\.m2\repository\com\amazonaws\aws-java-sdk-billingconductor\1.12.429\aws-java-sdk-billingconductor-1.12.429.jar;C:\Users\danil\.m2\repository\com\amazonaws\aws-java-sdk-keyspaces\1.12.429\aws-java-sdk-keyspaces-1.12.429.jar;C:\Users\danil\.m2\repository\com\amazonaws\aws-java-sdk-amplifyuibuilder\1.12.429\aws-java-sdk-amplifyuibuilder-1.12.429.jar;C:\Users\danil\.m2\repository\com\amazonaws\aws-java-sdk-backupgateway\1.12.429\aws-java-sdk-backupgateway-1.12.429.jar;C:\Users\danil\.m2\repository\com\amazonaws\aws-java-sdk-workspacesweb\1.12.429\aws-java-sdk-workspacesweb-1.12.429.jar;C:\Users\danil\.m2\repository\com\amazonaws\aws-java-sdk-iottwinmaker\1.12.429\aws-java-sdk-iottwinmaker-1.12.429.jar;C:\Users\danil\.m2\repository\com\amazonaws\aws-java-sdk-recyclebin\1.12.429\aws-java-sdk-recyclebin-1.12.429.jar;C:\Users\danil\.m2\repository\com\amazonaws\aws-java-sdk-cloudwatchrum\1.12.429\aws-java-sdk-cloudwatchrum-1.12.429.jar;C:\Users\danil\.m2\repository\com\amazonaws\aws-java-sdk-cloudwatchevidently\1.12.429\aws-java-sdk-cloudwatchevidently-1.12.429.jar;C:\Users\danil\.m2\repository\com\amazonaws\aws-java-sdk-inspector2\1.12.429\aws-java-sdk-inspector2-1.12.429.jar;C:\Users\danil\.m2\repository\com\amazonaws\aws-java-sdk-migrationhubrefactorspaces\1.12.429\aws-java-sdk-migrationhubrefactorspaces-1.12.429.jar;C:\Users\danil\.m2\repository\com\amazonaws\aws-java-sdk-appconfigdata\1.12.429\aws-java-sdk-appconfigdata-1.12.429.jar;C:\Users\danil\.m2\repository\com\amazonaws\aws-java-sdk-drs\1.12.429\aws-java-sdk-drs-1.12.429.jar;C:\Users\danil\.m2\repository\com\amazonaws\aws-java-sdk-migrationhubstrategyrecommendations\1.12.429\aws-java-sdk-migrationhubstrategyrecommendations-1.12.429.jar;C:\Users\danil\.m2\repository\com\amazonaws\aws-java-sdk-resiliencehub\1.12.429\aws-java-sdk-resiliencehub-1.12.429.jar;C:\Users\danil\.m2\repository\com\amazonaws\aws-java-sdk-chimesdkmeetings\1.12.429\aws-java-sdk-chimesdkmeetings-1.12.429.jar;C:\Users\danil\.m2\repository\com\amazonaws\aws-java-sdk-panorama\1.12.429\aws-java-sdk-panorama-1.12.429.jar;C:\Users\danil\.m2\repository\com\amazonaws\aws-java-sdk-managedgrafana\1.12.429\aws-java-sdk-managedgrafana-1.12.429.jar;C:\Users\danil\.m2\repository\com\amazonaws\aws-java-sdk-cloudcontrolapi\1.12.429\aws-java-sdk-cloudcontrolapi-1.12.429.jar;C:\Users\danil\.m2\repository\com\amazonaws\aws-java-sdk-account\1.12.429\aws-java-sdk-account-1.12.429.jar;C:\Users\danil\.m2\repository\com\amazonaws\aws-java-sdk-voiceid\1.12.429\aws-java-sdk-voiceid-1.12.429.jar;C:\Users\danil\.m2\repository\com\amazonaws\aws-java-sdk-connectwisdom\1.12.429\aws-java-sdk-connectwisdom-1.12.429.jar;C:\Users\danil\.m2\repository\com\amazonaws\aws-java-sdk-kafkaconnect\1.12.429\aws-java-sdk-kafkaconnect-1.12.429.jar;C:\Users\danil\.m2\repository\com\amazonaws\aws-java-sdk-opensearch\1.12.429\aws-java-sdk-opensearch-1.12.429.jar;C:\Users\danil\.m2\repository\com\amazonaws\aws-java-sdk-memorydb\1.12.429\aws-java-sdk-memorydb-1.12.429.jar;C:\Users\danil\.m2\repository\com\amazonaws\aws-java-sdk-snowdevicemanagement\1.12.429\aws-java-sdk-snowdevicemanagement-1.12.429.jar;C:\Users\danil\.m2\repository\com\amazonaws\aws-java-sdk-chimesdkidentity\1.12.429\aws-java-sdk-chimesdkidentity-1.12.429.jar;C:\Users\danil\.m2\repository\com\amazonaws\aws-java-sdk-chimesdkmessaging\1.12.429\aws-java-sdk-chimesdkmessaging-1.12.429.jar;C:\Users\danil\.m2\repository\com\amazonaws\aws-java-sdk-route53recoverycluster\1.12.429\aws-java-sdk-route53recoverycluster-1.12.429.jar;C:\Users\danil\.m2\repository\com\amazonaws\aws-java-sdk-route53recoverycontrolconfig\1.12.429\aws-java-sdk-route53recoverycontrolconfig-1.12.429.jar;C:\Users\danil\.m2\repository\com\amazonaws\aws-java-sdk-route53recoveryreadiness\1.12.429\aws-java-sdk-route53recoveryreadiness-1.12.429.jar;C:\Users\danil\.m2\repository\com\amazonaws\aws-java-sdk-proton\1.12.429\aws-java-sdk-proton-1.12.429.jar;C:\Users\danil\.m2\repository\com\amazonaws\aws-java-sdk-apprunner\1.12.429\aws-java-sdk-apprunner-1.12.429.jar;C:\Users\danil\.m2\repository\com\amazonaws\aws-java-sdk-applicationcostprofiler\1.12.429\aws-java-sdk-applicationcostprofiler-1.12.429.jar;C:\Users\danil\.m2\repository\com\amazonaws\aws-java-sdk-ssmcontacts\1.12.429\aws-java-sdk-ssmcontacts-1.12.429.jar;C:\Users\danil\.m2\repository\com\amazonaws\aws-java-sdk-ssmincidents\1.12.429\aws-java-sdk-ssmincidents-1.12.429.jar;C:\Users\danil\.m2\repository\com\amazonaws\aws-java-sdk-finspacedata\1.12.429\aws-java-sdk-finspacedata-1.12.429.jar;C:\Users\danil\.m2\repository\com\amazonaws\aws-java-sdk-finspace\1.12.429\aws-java-sdk-finspace-1.12.429.jar;C:\Users\danil\.m2\repository\com\amazonaws\aws-java-sdk-nimblestudio\1.12.429\aws-java-sdk-nimblestudio-1.12.429.jar;C:\Users\danil\.m2\repository\com\amazonaws\aws-java-sdk-lookoutequipment\1.12.429\aws-java-sdk-lookoutequipment-1.12.429.jar;C:\Users\danil\.m2\repository\com\amazonaws\aws-java-sdk-mgn\1.12.429\aws-java-sdk-mgn-1.12.429.jar;C:\Users\danil\.m2\repository\com\amazonaws\aws-java-sdk-lookoutmetrics\1.12.429\aws-java-sdk-lookoutmetrics-1.12.429.jar;C:\Users\danil\.m2\repository\com\amazonaws\aws-java-sdk-fis\1.12.429\aws-java-sdk-fis-1.12.429.jar;C:\Users\danil\.m2\repository\com\amazonaws\aws-java-sdk-lexmodelsv2\1.12.429\aws-java-sdk-lexmodelsv2-1.12.429.jar;C:\Users\danil\.m2\repository\com\amazonaws\aws-java-sdk-lexruntimev2\1.12.429\aws-java-sdk-lexruntimev2-1.12.429.jar;C:\Users\danil\.m2\repository\com\amazonaws\aws-java-sdk-wellarchitected\1.12.429\aws-java-sdk-wellarchitected-1.12.429.jar;C:\Users\danil\.m2\repository\com\amazonaws\aws-java-sdk-location\1.12.429\aws-java-sdk-location-1.12.429.jar;C:\Users\danil\.m2\repository\com\amazonaws\aws-java-sdk-iotdeviceadvisor\1.12.429\aws-java-sdk-iotdeviceadvisor-1.12.429.jar;C:\Users\danil\.m2\repository\com\amazonaws\aws-java-sdk-iotfleethub\1.12.429\aws-java-sdk-iotfleethub-1.12.429.jar;C:\Users\danil\.m2\repository\com\amazonaws\aws-java-sdk-iotwireless\1.12.429\aws-java-sdk-iotwireless-1.12.429.jar;C:\Users\danil\.m2\repository\com\amazonaws\aws-java-sdk-greengrassv2\1.12.429\aws-java-sdk-greengrassv2-1.12.429.jar;C:\Users\danil\.m2\repository\com\amazonaws\aws-java-sdk-prometheus\1.12.429\aws-java-sdk-prometheus-1.12.429.jar;C:\Users\danil\.m2\repository\com\amazonaws\aws-java-sdk-auditmanager\1.12.429\aws-java-sdk-auditmanager-1.12.429.jar;C:\Users\danil\.m2\repository\com\amazonaws\aws-java-sdk-healthlake\1.12.429\aws-java-sdk-healthlake-1.12.429.jar;C:\Users\danil\.m2\repository\com\amazonaws\aws-java-sdk-sagemakeredgemanager\1.12.429\aws-java-sdk-sagemakeredgemanager-1.12.429.jar;C:\Users\danil\.m2\repository\com\amazonaws\aws-java-sdk-emrcontainers\1.12.429\aws-java-sdk-emrcontainers-1.12.429.jar;C:\Users\danil\.m2\repository\com\amazonaws\aws-java-sdk-customerprofiles\1.12.429\aws-java-sdk-customerprofiles-1.12.429.jar;C:\Users\danil\.m2\repository\com\amazonaws\aws-java-sdk-lookoutforvision\1.12.429\aws-java-sdk-lookoutforvision-1.12.429.jar;C:\Users\danil\.m2\repository\com\amazonaws\aws-java-sdk-connectcontactlens\1.12.429\aws-java-sdk-connectcontactlens-1.12.429.jar;C:\Users\danil\.m2\repository\com\amazonaws\aws-java-sdk-amplifybackend\1.12.429\aws-java-sdk-amplifybackend-1.12.429.jar;C:\Users\danil\.m2\repository\com\amazonaws\aws-java-sdk-ecrpublic\1.12.429\aws-java-sdk-ecrpublic-1.12.429.jar;C:\Users\danil\.m2\repository\com\amazonaws\aws-java-sdk-appintegrations\1.12.429\aws-java-sdk-appintegrations-1.12.429.jar;C:\Users\danil\.m2\repository\com\amazonaws\aws-java-sdk-sagemakerfeaturestoreruntime\1.12.429\aws-java-sdk-sagemakerfeaturestoreruntime-1.12.429.jar;C:\Users\danil\.m2\repository\com\amazonaws\aws-java-sdk-devopsguru\1.12.429\aws-java-sdk-devopsguru-1.12.429.jar;C:\Users\danil\.m2\repository\com\amazonaws\aws-java-sdk-mwaa\1.12.429\aws-java-sdk-mwaa-1.12.429.jar;C:\Users\danil\.m2\repository\com\amazonaws\aws-java-sdk-networkfirewall\1.12.429\aws-java-sdk-networkfirewall-1.12.429.jar;C:\Users\danil\.m2\repository\com\amazonaws\aws-java-sdk-appregistry\1.12.429\aws-java-sdk-appregistry-1.12.429.jar;C:\Users\danil\.m2\repository\com\amazonaws\aws-java-sdk-gluedatabrew\1.12.429\aws-java-sdk-gluedatabrew-1.12.429.jar;C:\Users\danil\.m2\repository\com\amazonaws\aws-java-sdk-s3outposts\1.12.429\aws-java-sdk-s3outposts-1.12.429.jar;C:\Users\danil\.m2\repository\com\amazonaws\aws-java-sdk-timestreamquery\1.12.429\aws-java-sdk-timestreamquery-1.12.429.jar;C:\Users\danil\.m2\repository\com\amazonaws\aws-java-sdk-timestreamwrite\1.12.429\aws-java-sdk-timestreamwrite-1.12.429.jar;C:\Users\danil\.m2\repository\com\amazonaws\aws-java-sdk-ssoadmin\1.12.429\aws-java-sdk-ssoadmin-1.12.429.jar;C:\Users\danil\.m2\repository\com\amazonaws\aws-java-sdk-redshiftdataapi\1.12.429\aws-java-sdk-redshiftdataapi-1.12.429.jar;C:\Users\danil\.m2\repository\com\amazonaws\aws-java-sdk-appflow\1.12.429\aws-java-sdk-appflow-1.12.429.jar;C:\Users\danil\.m2\repository\com\amazonaws\aws-java-sdk-identitystore\1.12.429\aws-java-sdk-identitystore-1.12.429.jar;C:\Users\danil\.m2\repository\com\amazonaws\aws-java-sdk-braket\1.12.429\aws-java-sdk-braket-1.12.429.jar;C:\Users\danil\.m2\repository\com\amazonaws\aws-java-sdk-ivs\1.12.429\aws-java-sdk-ivs-1.12.429.jar;C:\Users\danil\.m2\repository\com\amazonaws\aws-java-sdk-honeycode\1.12.429\aws-java-sdk-honeycode-1.12.429.jar;C:\Users\danil\.m2\repository\com\amazonaws\aws-java-sdk-codeartifact\1.12.429\aws-java-sdk-codeartifact-1.12.429.jar;C:\Users\danil\.m2\repository\com\amazonaws\aws-java-sdk-macie2\1.12.429\aws-java-sdk-macie2-1.12.429.jar;C:\Users\danil\.m2\repository\com\amazonaws\aws-java-sdk-iotsitewise\1.12.429\aws-java-sdk-iotsitewise-1.12.429.jar;C:\Users\danil\.m2\repository\com\amazonaws\aws-java-sdk-synthetics\1.12.429\aws-java-sdk-synthetics-1.12.429.jar;C:\Users\danil\.m2\repository\com\amazonaws\aws-java-sdk-codestarconnections\1.12.429\aws-java-sdk-codestarconnections-1.12.429.jar;C:\Users\danil\.m2\repository\com\amazonaws\aws-java-sdk-detective\1.12.429\aws-java-sdk-detective-1.12.429.jar;C:\Users\danil\.m2\repository\com\amazonaws\aws-java-sdk-kinesisvideosignalingchannels\1.12.429\aws-java-sdk-kinesisvideosignalingchannels-1.12.429.jar;C:\Users\danil\.m2\repository\com\amazonaws\aws-java-sdk-ebs\1.12.429\aws-java-sdk-ebs-1.12.429.jar;C:\Users\danil\.m2\repository\com\amazonaws\aws-java-sdk-augmentedairuntime\1.12.429\aws-java-sdk-augmentedairuntime-1.12.429.jar;C:\Users\danil\.m2\repository\com\amazonaws\aws-java-sdk-outposts\1.12.429\aws-java-sdk-outposts-1.12.429.jar;C:\Users\danil\.m2\repository\com\amazonaws\aws-java-sdk-codeguruprofiler\1.12.429\aws-java-sdk-codeguruprofiler-1.12.429.jar;C:\Users\danil\.m2\repository\com\amazonaws\aws-java-sdk-codegurureviewer\1.12.429\aws-java-sdk-codegurureviewer-1.12.429.jar;C:\Users\danil\.m2\repository\com\amazonaws\aws-java-sdk-frauddetector\1.12.429\aws-java-sdk-frauddetector-1.12.429.jar;C:\Users\danil\.m2\repository\com\amazonaws\aws-java-sdk-kendra\1.12.429\aws-java-sdk-kendra-1.12.429.jar;C:\Users\danil\.m2\repository\com\amazonaws\aws-java-sdk-networkmanager\1.12.429\aws-java-sdk-networkmanager-1.12.429.jar;C:\Users\danil\.m2\repository\com\amazonaws\aws-java-sdk-computeoptimizer\1.12.429\aws-java-sdk-computeoptimizer-1.12.429.jar;C:\Users\danil\.m2\repository\com\amazonaws\aws-java-sdk-accessanalyzer\1.12.429\aws-java-sdk-accessanalyzer-1.12.429.jar;C:\Users\danil\.m2\repository\com\amazonaws\aws-java-sdk-schemas\1.12.429\aws-java-sdk-schemas-1.12.429.jar;C:\Users\danil\.m2\repository\com\amazonaws\aws-java-sdk-imagebuilder\1.12.429\aws-java-sdk-imagebuilder-1.12.429.jar;C:\Users\danil\.m2\repository\com\amazonaws\aws-java-sdk-elasticinference\1.12.429\aws-java-sdk-elasticinference-1.12.429.jar;C:\Users\danil\.m2\repository\com\amazonaws\aws-java-sdk-iotsecuretunneling\1.12.429\aws-java-sdk-iotsecuretunneling-1.12.429.jar;C:\Users\danil\.m2\repository\com\amazonaws\aws-java-sdk-appconfig\1.12.429\aws-java-sdk-appconfig-1.12.429.jar;C:\Users\danil\.m2\repository\com\amazonaws\aws-java-sdk-wafv2\1.12.429\aws-java-sdk-wafv2-1.12.429.jar;C:\Users\danil\.m2\repository\com\amazonaws\aws-java-sdk-connectparticipant\1.12.429\aws-java-sdk-connectparticipant-1.12.429.jar;C:\Users\danil\.m2\repository\com\amazonaws\aws-java-sdk-migrationhubconfig\1.12.429\aws-java-sdk-migrationhubconfig-1.12.429.jar;C:\Users\danil\.m2\repository\com\amazonaws\aws-java-sdk-dataexchange\1.12.429\aws-java-sdk-dataexchange-1.12.429.jar;C:\Users\danil\.m2\repository\com\amazonaws\aws-java-sdk-sesv2\1.12.429\aws-java-sdk-sesv2-1.12.429.jar;C:\Users\danil\.m2\repository\com\amazonaws\aws-java-sdk-marketplacecatalog\1.12.429\aws-java-sdk-marketplacecatalog-1.12.429.jar;C:\Users\danil\.m2\repository\com\amazonaws\aws-java-sdk-ssooidc\1.12.429\aws-java-sdk-ssooidc-1.12.429.jar;C:\Users\danil\.m2\repository\com\amazonaws\aws-java-sdk-sso\1.12.429\aws-java-sdk-sso-1.12.429.jar;C:\Users\danil\.m2\repository\com\amazonaws\aws-java-sdk-savingsplans\1.12.429\aws-java-sdk-savingsplans-1.12.429.jar;C:\Users\danil\.m2\repository\com\amazonaws\aws-java-sdk-codestarnotifications\1.12.429\aws-java-sdk-codestarnotifications-1.12.429.jar;C:\Users\danil\.m2\repository\com\amazonaws\aws-java-sdk-workmailmessageflow\1.12.429\aws-java-sdk-workmailmessageflow-1.12.429.jar;C:\Users\danil\.m2\repository\com\amazonaws\aws-java-sdk-qldbsession\1.12.429\aws-java-sdk-qldbsession-1.12.429.jar;C:\Users\danil\.m2\repository\com\amazonaws\aws-java-sdk-qldb\1.12.429\aws-java-sdk-qldb-1.12.429.jar;C:\Users\danil\.m2\repository\com\amazonaws\aws-java-sdk-forecastquery\1.12.429\aws-java-sdk-forecastquery-1.12.429.jar;C:\Users\danil\.m2\repository\com\amazonaws\aws-java-sdk-forecast\1.12.429\aws-java-sdk-forecast-1.12.429.jar;C:\Users\danil\.m2\repository\com\amazonaws\aws-java-sdk-lakeformation\1.12.429\aws-java-sdk-lakeformation-1.12.429.jar;C:\Users\danil\.m2\repository\com\amazonaws\aws-java-sdk-eventbridge\1.12.429\aws-java-sdk-eventbridge-1.12.429.jar;C:\Users\danil\.m2\repository\com\amazonaws\aws-java-sdk-ec2instanceconnect\1.12.429\aws-java-sdk-ec2instanceconnect-1.12.429.jar;C:\Users\danil\.m2\repository\com\amazonaws\aws-java-sdk-applicationinsights\1.12.429\aws-java-sdk-applicationinsights-1.12.429.jar;C:\Users\danil\.m2\repository\com\amazonaws\aws-java-sdk-servicequotas\1.12.429\aws-java-sdk-servicequotas-1.12.429.jar;C:\Users\danil\.m2\repository\com\amazonaws\aws-java-sdk-personalizeevents\1.12.429\aws-java-sdk-personalizeevents-1.12.429.jar;C:\Users\danil\.m2\repository\com\amazonaws\aws-java-sdk-personalize\1.12.429\aws-java-sdk-personalize-1.12.429.jar;C:\Users\danil\.m2\repository\com\amazonaws\aws-java-sdk-personalizeruntime\1.12.429\aws-java-sdk-personalizeruntime-1.12.429.jar;C:\Users\danil\.m2\repository\com\amazonaws\aws-java-sdk-ioteventsdata\1.12.429\aws-java-sdk-ioteventsdata-1.12.429.jar;C:\Users\danil\.m2\repository\com\amazonaws\aws-java-sdk-iotevents\1.12.429\aws-java-sdk-iotevents-1.12.429.jar;C:\Users\danil\.m2\repository\com\amazonaws\aws-java-sdk-iotthingsgraph\1.12.429\aws-java-sdk-iotthingsgraph-1.12.429.jar;C:\Users\danil\.m2\repository\com\amazonaws\aws-java-sdk-groundstation\1.12.429\aws-java-sdk-groundstation-1.12.429.jar;C:\Users\danil\.m2\repository\com\amazonaws\aws-java-sdk-mediapackagevod\1.12.429\aws-java-sdk-mediapackagevod-1.12.429.jar;C:\Users\danil\.m2\repository\com\amazonaws\aws-java-sdk-managedblockchain\1.12.429\aws-java-sdk-managedblockchain-1.12.429.jar;C:\Users\danil\.m2\repository\com\amazonaws\aws-java-sdk-textract\1.12.429\aws-java-sdk-textract-1.12.429.jar;C:\Users\danil\.m2\repository\com\amazonaws\aws-java-sdk-worklink\1.12.429\aws-java-sdk-worklink-1.12.429.jar;C:\Users\danil\.m2\repository\com\amazonaws\aws-java-sdk-backup\1.12.429\aws-java-sdk-backup-1.12.429.jar;C:\Users\danil\.m2\repository\com\amazonaws\aws-java-sdk-docdb\1.12.429\aws-java-sdk-docdb-1.12.429.jar;C:\Users\danil\.m2\repository\com\amazonaws\aws-java-sdk-apigatewayv2\1.12.429\aws-java-sdk-apigatewayv2-1.12.429.jar;C:\Users\danil\.m2\repository\com\amazonaws\aws-java-sdk-apigatewaymanagementapi\1.12.429\aws-java-sdk-apigatewaymanagementapi-1.12.429.jar;C:\Users\danil\.m2\repository\com\amazonaws\aws-java-sdk-kafka\1.12.429\aws-java-sdk-kafka-1.12.429.jar;C:\Users\danil\.m2\repository\com\amazonaws\aws-java-sdk-appmesh\1.12.429\aws-java-sdk-appmesh-1.12.429.jar;C:\Users\danil\.m2\repository\com\amazonaws\aws-java-sdk-licensemanager\1.12.429\aws-java-sdk-licensemanager-1.12.429.jar;C:\Users\danil\.m2\repository\com\amazonaws\aws-java-sdk-securityhub\1.12.429\aws-java-sdk-securityhub-1.12.429.jar;C:\Users\danil\.m2\repository\com\amazonaws\aws-java-sdk-fsx\1.12.429\aws-java-sdk-fsx-1.12.429.jar;C:\Users\danil\.m2\repository\com\amazonaws\aws-java-sdk-mediaconnect\1.12.429\aws-java-sdk-mediaconnect-1.12.429.jar;C:\Users\danil\.m2\repository\com\amazonaws\aws-java-sdk-kinesisanalyticsv2\1.12.429\aws-java-sdk-kinesisanalyticsv2-1.12.429.jar;C:\Users\danil\.m2\repository\com\amazonaws\aws-java-sdk-comprehendmedical\1.12.429\aws-java-sdk-comprehendmedical-1.12.429.jar;C:\Users\danil\.m2\repository\com\amazonaws\aws-java-sdk-globalaccelerator\1.12.429\aws-java-sdk-globalaccelerator-1.12.429.jar;C:\Users\danil\.m2\repository\com\amazonaws\aws-java-sdk-transfer\1.12.429\aws-java-sdk-transfer-1.12.429.jar;C:\Users\danil\.m2\repository\com\amazonaws\aws-java-sdk-datasync\1.12.429\aws-java-sdk-datasync-1.12.429.jar;C:\Users\danil\.m2\repository\com\amazonaws\aws-java-sdk-robomaker\1.12.429\aws-java-sdk-robomaker-1.12.429.jar;C:\Users\danil\.m2\repository\com\amazonaws\aws-java-sdk-amplify\1.12.429\aws-java-sdk-amplify-1.12.429.jar;C:\Users\danil\.m2\repository\com\amazonaws\aws-java-sdk-quicksight\1.12.429\aws-java-sdk-quicksight-1.12.429.jar;C:\Users\danil\.m2\repository\com\amazonaws\aws-java-sdk-rdsdata\1.12.429\aws-java-sdk-rdsdata-1.12.429.jar;C:\Users\danil\.m2\repository\com\amazonaws\aws-java-sdk-route53resolver\1.12.429\aws-java-sdk-route53resolver-1.12.429.jar;C:\Users\danil\.m2\repository\com\amazonaws\aws-java-sdk-ram\1.12.429\aws-java-sdk-ram-1.12.429.jar;C:\Users\danil\.m2\repository\com\amazonaws\aws-java-sdk-s3control\1.12.429\aws-java-sdk-s3control-1.12.429.jar;C:\Users\danil\.m2\repository\com\amazonaws\aws-java-sdk-pinpointsmsvoice\1.12.429\aws-java-sdk-pinpointsmsvoice-1.12.429.jar;C:\Users\danil\.m2\repository\com\amazonaws\aws-java-sdk-pinpointemail\1.12.429\aws-java-sdk-pinpointemail-1.12.429.jar;C:\Users\danil\.m2\repository\com\amazonaws\aws-java-sdk-chime\1.12.429\aws-java-sdk-chime-1.12.429.jar;C:\Users\danil\.m2\repository\com\amazonaws\aws-java-sdk-signer\1.12.429\aws-java-sdk-signer-1.12.429.jar;C:\Users\danil\.m2\repository\com\amazonaws\aws-java-sdk-dlm\1.12.429\aws-java-sdk-dlm-1.12.429.jar;C:\Users\danil\.m2\repository\com\amazonaws\aws-java-sdk-macie\1.12.429\aws-java-sdk-macie-1.12.429.jar;C:\Users\danil\.m2\repository\com\amazonaws\aws-java-sdk-eks\1.12.429\aws-java-sdk-eks-1.12.429.jar;C:\Users\danil\.m2\repository\com\amazonaws\aws-java-sdk-mediatailor\1.12.429\aws-java-sdk-mediatailor-1.12.429.jar;C:\Users\danil\.m2\repository\com\amazonaws\aws-java-sdk-neptune\1.12.429\aws-java-sdk-neptune-1.12.429.jar;C:\Users\danil\.m2\repository\com\amazonaws\aws-java-sdk-pi\1.12.429\aws-java-sdk-pi-1.12.429.jar;C:\Users\danil\.m2\repository\com\amazonaws\aws-java-sdk-iot1clickprojects\1.12.429\aws-java-sdk-iot1clickprojects-1.12.429.jar;C:\Users\danil\.m2\repository\com\amazonaws\aws-java-sdk-iot1clickdevices\1.12.429\aws-java-sdk-iot1clickdevices-1.12.429.jar;C:\Users\danil\.m2\repository\com\amazonaws\aws-java-sdk-iotanalytics\1.12.429\aws-java-sdk-iotanalytics-1.12.429.jar;C:\Users\danil\.m2\repository\com\amazonaws\aws-java-sdk-acmpca\1.12.429\aws-java-sdk-acmpca-1.12.429.jar;C:\Users\danil\.m2\repository\com\amazonaws\aws-java-sdk-secretsmanager\1.12.429\aws-java-sdk-secretsmanager-1.12.429.jar;C:\Users\danil\.m2\repository\com\amazonaws\aws-java-sdk-fms\1.12.429\aws-java-sdk-fms-1.12.429.jar;C:\Users\danil\.m2\repository\com\amazonaws\aws-java-sdk-connect\1.12.429\aws-java-sdk-connect-1.12.429.jar;C:\Users\danil\.m2\repository\com\amazonaws\aws-java-sdk-transcribe\1.12.429\aws-java-sdk-transcribe-1.12.429.jar;C:\Users\danil\.m2\repository\com\amazonaws\aws-java-sdk-autoscalingplans\1.12.429\aws-java-sdk-autoscalingplans-1.12.429.jar;C:\Users\danil\.m2\repository\com\amazonaws\aws-java-sdk-workmail\1.12.429\aws-java-sdk-workmail-1.12.429.jar;C:\Users\danil\.m2\repository\com\amazonaws\aws-java-sdk-servicediscovery\1.12.429\aws-java-sdk-servicediscovery-1.12.429.jar;C:\Users\danil\.m2\repository\com\amazonaws\aws-java-sdk-cloud9\1.12.429\aws-java-sdk-cloud9-1.12.429.jar;C:\Users\danil\.m2\repository\com\amazonaws\aws-java-sdk-serverlessapplicationrepository\1.12.429\aws-java-sdk-serverlessapplicationrepository-1.12.429.jar;C:\Users\danil\.m2\repository\com\amazonaws\aws-java-sdk-alexaforbusiness\1.12.429\aws-java-sdk-alexaforbusiness-1.12.429.jar;C:\Users\danil\.m2\repository\com\amazonaws\aws-java-sdk-resourcegroups\1.12.429\aws-java-sdk-resourcegroups-1.12.429.jar;C:\Users\danil\.m2\repository\com\amazonaws\aws-java-sdk-comprehend\1.12.429\aws-java-sdk-comprehend-1.12.429.jar;C:\Users\danil\.m2\repository\com\amazonaws\aws-java-sdk-translate\1.12.429\aws-java-sdk-translate-1.12.429.jar;C:\Users\danil\.m2\repository\com\amazonaws\aws-java-sdk-sagemaker\1.12.429\aws-java-sdk-sagemaker-1.12.429.jar;C:\Users\danil\.m2\repository\com\amazonaws\aws-java-sdk-iotjobsdataplane\1.12.429\aws-java-sdk-iotjobsdataplane-1.12.429.jar;C:\Users\danil\.m2\repository\com\amazonaws\aws-java-sdk-sagemakerruntime\1.12.429\aws-java-sdk-sagemakerruntime-1.12.429.jar;C:\Users\danil\.m2\repository\com\amazonaws\aws-java-sdk-kinesisvideo\1.12.429\aws-java-sdk-kinesisvideo-1.12.429.jar;C:\Users\danil\.m2\repository\io\netty\netty-codec-http\4.1.114.Final\netty-codec-http-4.1.114.Final.jar;C:\Users\danil\.m2\repository\io\netty\netty-common\4.1.114.Final\netty-common-4.1.114.Final.jar;C:\Users\danil\.m2\repository\io\netty\netty-buffer\4.1.114.Final\netty-buffer-4.1.114.Final.jar;C:\Users\danil\.m2\repository\io\netty\netty-transport\4.1.114.Final\netty-transport-4.1.114.Final.jar;C:\Users\danil\.m2\repository\io\netty\netty-codec\4.1.114.Final\netty-codec-4.1.114.Final.jar;C:\Users\danil\.m2\repository\io\netty\netty-handler\4.1.114.Final\netty-handler-4.1.114.Final.jar;C:\Users\danil\.m2\repository\io\netty\netty-resolver\4.1.114.Final\netty-resolver-4.1.114.Final.jar;C:\Users\danil\.m2\repository\io\netty\netty-transport-native-unix-common\4.1.114.Final\netty-transport-native-unix-common-4.1.114.Final.jar;C:\Users\danil\.m2\repository\com\amazonaws\aws-java-sdk-appsync\1.12.429\aws-java-sdk-appsync-1.12.429.jar;C:\Users\danil\.m2\repository\com\amazonaws\aws-java-sdk-guardduty\1.12.429\aws-java-sdk-guardduty-1.12.429.jar;C:\Users\danil\.m2\repository\com\amazonaws\aws-java-sdk-mq\1.12.429\aws-java-sdk-mq-1.12.429.jar;C:\Users\danil\.m2\repository\com\amazonaws\aws-java-sdk-mediaconvert\1.12.429\aws-java-sdk-mediaconvert-1.12.429.jar;C:\Users\danil\.m2\repository\com\amazonaws\aws-java-sdk-mediastore\1.12.429\aws-java-sdk-mediastore-1.12.429.jar;C:\Users\danil\.m2\repository\com\amazonaws\aws-java-sdk-mediastoredata\1.12.429\aws-java-sdk-mediastoredata-1.12.429.jar;C:\Users\danil\.m2\repository\com\amazonaws\aws-java-sdk-medialive\1.12.429\aws-java-sdk-medialive-1.12.429.jar;C:\Users\danil\.m2\repository\com\amazonaws\aws-java-sdk-mediapackage\1.12.429\aws-java-sdk-mediapackage-1.12.429.jar;C:\Users\danil\.m2\repository\com\amazonaws\aws-java-sdk-costexplorer\1.12.429\aws-java-sdk-costexplorer-1.12.429.jar;C:\Users\danil\.m2\repository\com\amazonaws\aws-java-sdk-pricing\1.12.429\aws-java-sdk-pricing-1.12.429.jar;C:\Users\danil\.m2\repository\com\amazonaws\aws-java-sdk-mobile\1.12.429\aws-java-sdk-mobile-1.12.429.jar;C:\Users\danil\.m2\repository\com\amazonaws\aws-java-sdk-cloudhsmv2\1.12.429\aws-java-sdk-cloudhsmv2-1.12.429.jar;C:\Users\danil\.m2\repository\com\amazonaws\aws-java-sdk-glue\1.12.429\aws-java-sdk-glue-1.12.429.jar;C:\Users\danil\.m2\repository\com\amazonaws\aws-java-sdk-migrationhub\1.12.429\aws-java-sdk-migrationhub-1.12.429.jar;C:\Users\danil\.m2\repository\com\amazonaws\aws-java-sdk-dax\1.12.429\aws-java-sdk-dax-1.12.429.jar;C:\Users\danil\.m2\repository\com\amazonaws\aws-java-sdk-greengrass\1.12.429\aws-java-sdk-greengrass-1.12.429.jar;C:\Users\danil\.m2\repository\com\amazonaws\aws-java-sdk-athena\1.12.429\aws-java-sdk-athena-1.12.429.jar;C:\Users\danil\.m2\repository\com\amazonaws\aws-java-sdk-marketplaceentitlement\1.12.429\aws-java-sdk-marketplaceentitlement-1.12.429.jar;C:\Users\danil\.m2\repository\com\amazonaws\aws-java-sdk-codestar\1.12.429\aws-java-sdk-codestar-1.12.429.jar;C:\Users\danil\.m2\repository\com\amazonaws\aws-java-sdk-lexmodelbuilding\1.12.429\aws-java-sdk-lexmodelbuilding-1.12.429.jar;C:\Users\danil\.m2\repository\com\amazonaws\aws-java-sdk-resourcegroupstaggingapi\1.12.429\aws-java-sdk-resourcegroupstaggingapi-1.12.429.jar;C:\Users\danil\.m2\repository\com\amazonaws\aws-java-sdk-pinpoint\1.12.429\aws-java-sdk-pinpoint-1.12.429.jar;C:\Users\danil\.m2\repository\com\amazonaws\aws-java-sdk-xray\1.12.429\aws-java-sdk-xray-1.12.429.jar;C:\Users\danil\.m2\repository\com\amazonaws\aws-java-sdk-opsworkscm\1.12.429\aws-java-sdk-opsworkscm-1.12.429.jar;C:\Users\danil\.m2\repository\com\amazonaws\aws-java-sdk-support\1.12.429\aws-java-sdk-support-1.12.429.jar;C:\Users\danil\.m2\repository\com\amazonaws\aws-java-sdk-simpledb\1.12.429\aws-java-sdk-simpledb-1.12.429.jar;C:\Users\danil\.m2\repository\com\amazonaws\aws-java-sdk-servicecatalog\1.12.429\aws-java-sdk-servicecatalog-1.12.429.jar;C:\Users\danil\.m2\repository\com\amazonaws\aws-java-sdk-servermigration\1.12.429\aws-java-sdk-servermigration-1.12.429.jar;C:\Users\danil\.m2\repository\com\amazonaws\aws-java-sdk-simpleworkflow\1.12.429\aws-java-sdk-simpleworkflow-1.12.429.jar;C:\Users\danil\.m2\repository\com\amazonaws\aws-java-sdk-storagegateway\1.12.429\aws-java-sdk-storagegateway-1.12.429.jar;C:\Users\danil\.m2\repository\com\amazonaws\aws-java-sdk-route53\1.12.429\aws-java-sdk-route53-1.12.429.jar;C:\Users\danil\.m2\repository\com\amazonaws\aws-java-sdk-s3\1.12.429\aws-java-sdk-s3-1.12.429.jar;C:\Users\danil\.m2\repository\com\amazonaws\aws-java-sdk-importexport\1.12.429\aws-java-sdk-importexport-1.12.429.jar;C:\Users\danil\.m2\repository\com\amazonaws\aws-java-sdk-sts\1.12.429\aws-java-sdk-sts-1.12.429.jar;C:\Users\danil\.m2\repository\com\amazonaws\aws-java-sdk-sqs\1.12.429\aws-java-sdk-sqs-1.12.429.jar;C:\Users\danil\.m2\repository\com\amazonaws\aws-java-sdk-rds\1.12.429\aws-java-sdk-rds-1.12.429.jar;C:\Users\danil\.m2\repository\com\amazonaws\aws-java-sdk-redshift\1.12.429\aws-java-sdk-redshift-1.12.429.jar;C:\Users\danil\.m2\repository\com\amazonaws\aws-java-sdk-elasticbeanstalk\1.12.429\aws-java-sdk-elasticbeanstalk-1.12.429.jar;C:\Users\danil\.m2\repository\com\amazonaws\aws-java-sdk-glacier\1.12.429\aws-java-sdk-glacier-1.12.429.jar;C:\Users\danil\.m2\repository\com\amazonaws\aws-java-sdk-iam\1.12.429\aws-java-sdk-iam-1.12.429.jar;C:\Users\danil\.m2\repository\com\amazonaws\aws-java-sdk-datapipeline\1.12.429\aws-java-sdk-datapipeline-1.12.429.jar;C:\Users\danil\.m2\repository\com\amazonaws\aws-java-sdk-elasticloadbalancing\1.12.429\aws-java-sdk-elasticloadbalancing-1.12.429.jar;C:\Users\danil\.m2\repository\com\amazonaws\aws-java-sdk-elasticloadbalancingv2\1.12.429\aws-java-sdk-elasticloadbalancingv2-1.12.429.jar;C:\Users\danil\.m2\repository\com\amazonaws\aws-java-sdk-emr\1.12.429\aws-java-sdk-emr-1.12.429.jar;C:\Users\danil\.m2\repository\com\amazonaws\aws-java-sdk-elasticache\1.12.429\aws-java-sdk-elasticache-1.12.429.jar;C:\Users\danil\.m2\repository\com\amazonaws\aws-java-sdk-elastictranscoder\1.12.429\aws-java-sdk-elastictranscoder-1.12.429.jar;C:\Users\danil\.m2\repository\com\amazonaws\aws-java-sdk-ec2\1.12.429\aws-java-sdk-ec2-1.12.429.jar;C:\Users\danil\.m2\repository\com\amazonaws\aws-java-sdk-dynamodb\1.12.429\aws-java-sdk-dynamodb-1.12.429.jar;C:\Users\danil\.m2\repository\com\amazonaws\aws-java-sdk-sns\1.12.429\aws-java-sdk-sns-1.12.429.jar;C:\Users\danil\.m2\repository\com\amazonaws\aws-java-sdk-budgets\1.12.429\aws-java-sdk-budgets-1.12.429.jar;C:\Users\danil\.m2\repository\com\amazonaws\aws-java-sdk-cloudtrail\1.12.429\aws-java-sdk-cloudtrail-1.12.429.jar;C:\Users\danil\.m2\repository\com\amazonaws\aws-java-sdk-cloudwatch\1.12.429\aws-java-sdk-cloudwatch-1.12.429.jar;C:\Users\danil\.m2\repository\com\amazonaws\aws-java-sdk-logs\1.12.429\aws-java-sdk-logs-1.12.429.jar;C:\Users\danil\.m2\repository\com\amazonaws\aws-java-sdk-events\1.12.429\aws-java-sdk-events-1.12.429.jar;C:\Users\danil\.m2\repository\com\amazonaws\aws-java-sdk-cognitoidentity\1.12.429\aws-java-sdk-cognitoidentity-1.12.429.jar;C:\Users\danil\.m2\repository\com\amazonaws\aws-java-sdk-cognitosync\1.12.429\aws-java-sdk-cognitosync-1.12.429.jar;C:\Users\danil\.m2\repository\com\amazonaws\aws-java-sdk-directconnect\1.12.429\aws-java-sdk-directconnect-1.12.429.jar;C:\Users\danil\.m2\repository\com\amazonaws\aws-java-sdk-cloudformation\1.12.429\aws-java-sdk-cloudformation-1.12.429.jar;C:\Users\danil\.m2\repository\com\amazonaws\aws-java-sdk-cloudfront\1.12.429\aws-java-sdk-cloudfront-1.12.429.jar;C:\Users\danil\.m2\repository\com\amazonaws\aws-java-sdk-clouddirectory\1.12.429\aws-java-sdk-clouddirectory-1.12.429.jar;C:\Users\danil\.m2\repository\com\amazonaws\aws-java-sdk-kinesis\1.12.429\aws-java-sdk-kinesis-1.12.429.jar;C:\Users\danil\.m2\repository\com\amazonaws\aws-java-sdk-opsworks\1.12.429\aws-java-sdk-opsworks-1.12.429.jar;C:\Users\danil\.m2\repository\com\amazonaws\aws-java-sdk-ses\1.12.429\aws-java-sdk-ses-1.12.429.jar;C:\Users\danil\.m2\repository\com\amazonaws\aws-java-sdk-autoscaling\1.12.429\aws-java-sdk-autoscaling-1.12.429.jar;C:\Users\danil\.m2\repository\com\amazonaws\aws-java-sdk-cloudsearch\1.12.429\aws-java-sdk-cloudsearch-1.12.429.jar;C:\Users\danil\.m2\repository\com\amazonaws\aws-java-sdk-cloudwatchmetrics\1.12.429\aws-java-sdk-cloudwatchmetrics-1.12.429.jar;C:\Users\danil\.m2\repository\com\amazonaws\aws-java-sdk-codedeploy\1.12.429\aws-java-sdk-codedeploy-1.12.429.jar;C:\Users\danil\.m2\repository\com\amazonaws\aws-java-sdk-codepipeline\1.12.429\aws-java-sdk-codepipeline-1.12.429.jar;C:\Users\danil\.m2\repository\com\amazonaws\aws-java-sdk-kms\1.12.429\aws-java-sdk-kms-1.12.429.jar;C:\Users\danil\.m2\repository\com\amazonaws\aws-java-sdk-config\1.12.429\aws-java-sdk-config-1.12.429.jar;C:\Users\danil\.m2\repository\com\amazonaws\aws-java-sdk-lambda\1.12.429\aws-java-sdk-lambda-1.12.429.jar;C:\Users\danil\.m2\repository\com\amazonaws\aws-java-sdk-ecs\1.12.429\aws-java-sdk-ecs-1.12.429.jar;C:\Users\danil\.m2\repository\com\amazonaws\aws-java-sdk-ecr\1.12.429\aws-java-sdk-ecr-1.12.429.jar;C:\Users\danil\.m2\repository\com\amazonaws\aws-java-sdk-cloudhsm\1.12.429\aws-java-sdk-cloudhsm-1.12.429.jar;C:\Users\danil\.m2\repository\com\amazonaws\aws-java-sdk-ssm\1.12.429\aws-java-sdk-ssm-1.12.429.jar;C:\Users\danil\.m2\repository\com\amazonaws\aws-java-sdk-workspaces\1.12.429\aws-java-sdk-workspaces-1.12.429.jar;C:\Users\danil\.m2\repository\com\amazonaws\aws-java-sdk-machinelearning\1.12.429\aws-java-sdk-machinelearning-1.12.429.jar;C:\Users\danil\.m2\repository\com\amazonaws\aws-java-sdk-directory\1.12.429\aws-java-sdk-directory-1.12.429.jar;C:\Users\danil\.m2\repository\com\amazonaws\aws-java-sdk-efs\1.12.429\aws-java-sdk-efs-1.12.429.jar;C:\Users\danil\.m2\repository\com\amazonaws\aws-java-sdk-codecommit\1.12.429\aws-java-sdk-codecommit-1.12.429.jar;C:\Users\danil\.m2\repository\com\amazonaws\aws-java-sdk-devicefarm\1.12.429\aws-java-sdk-devicefarm-1.12.429.jar;C:\Users\danil\.m2\repository\com\amazonaws\aws-java-sdk-elasticsearch\1.12.429\aws-java-sdk-elasticsearch-1.12.429.jar;C:\Users\danil\.m2\repository\com\amazonaws\aws-java-sdk-waf\1.12.429\aws-java-sdk-waf-1.12.429.jar;C:\Users\danil\.m2\repository\com\amazonaws\aws-java-sdk-marketplacecommerceanalytics\1.12.429\aws-java-sdk-marketplacecommerceanalytics-1.12.429.jar;C:\Users\danil\.m2\repository\com\amazonaws\aws-java-sdk-inspector\1.12.429\aws-java-sdk-inspector-1.12.429.jar;C:\Users\danil\.m2\repository\com\amazonaws\aws-java-sdk-iot\1.12.429\aws-java-sdk-iot-1.12.429.jar;C:\Users\danil\.m2\repository\com\amazonaws\aws-java-sdk-api-gateway\1.12.429\aws-java-sdk-api-gateway-1.12.429.jar;C:\Users\danil\.m2\repository\com\amazonaws\aws-java-sdk-acm\1.12.429\aws-java-sdk-acm-1.12.429.jar;C:\Users\danil\.m2\repository\com\amazonaws\aws-java-sdk-gamelift\1.12.429\aws-java-sdk-gamelift-1.12.429.jar;C:\Users\danil\.m2\repository\com\amazonaws\aws-java-sdk-dms\1.12.429\aws-java-sdk-dms-1.12.429.jar;C:\Users\danil\.m2\repository\com\amazonaws\aws-java-sdk-marketplacemeteringservice\1.12.429\aws-java-sdk-marketplacemeteringservice-1.12.429.jar;C:\Users\danil\.m2\repository\com\amazonaws\aws-java-sdk-cognitoidp\1.12.429\aws-java-sdk-cognitoidp-1.12.429.jar;C:\Users\danil\.m2\repository\com\amazonaws\aws-java-sdk-discovery\1.12.429\aws-java-sdk-discovery-1.12.429.jar;C:\Users\danil\.m2\repository\com\amazonaws\aws-java-sdk-applicationautoscaling\1.12.429\aws-java-sdk-applicationautoscaling-1.12.429.jar;C:\Users\danil\.m2\repository\com\amazonaws\aws-java-sdk-snowball\1.12.429\aws-java-sdk-snowball-1.12.429.jar;C:\Users\danil\.m2\repository\com\amazonaws\aws-java-sdk-rekognition\1.12.429\aws-java-sdk-rekognition-1.12.429.jar;C:\Users\danil\.m2\repository\com\amazonaws\aws-java-sdk-polly\1.12.429\aws-java-sdk-polly-1.12.429.jar;C:\Users\danil\.m2\repository\com\amazonaws\aws-java-sdk-lightsail\1.12.429\aws-java-sdk-lightsail-1.12.429.jar;C:\Users\danil\.m2\repository\com\amazonaws\aws-java-sdk-stepfunctions\1.12.429\aws-java-sdk-stepfunctions-1.12.429.jar;C:\Users\danil\.m2\repository\com\amazonaws\aws-java-sdk-health\1.12.429\aws-java-sdk-health-1.12.429.jar;C:\Users\danil\.m2\repository\com\amazonaws\aws-java-sdk-costandusagereport\1.12.429\aws-java-sdk-costandusagereport-1.12.429.jar;C:\Users\danil\.m2\repository\com\amazonaws\aws-java-sdk-codebuild\1.12.429\aws-java-sdk-codebuild-1.12.429.jar;C:\Users\danil\.m2\repository\com\amazonaws\aws-java-sdk-appstream\1.12.429\aws-java-sdk-appstream-1.12.429.jar;C:\Users\danil\.m2\repository\com\amazonaws\aws-java-sdk-shield\1.12.429\aws-java-sdk-shield-1.12.429.jar;C:\Users\danil\.m2\repository\com\amazonaws\aws-java-sdk-batch\1.12.429\aws-java-sdk-batch-1.12.429.jar;C:\Users\danil\.m2\repository\com\amazonaws\aws-java-sdk-lex\1.12.429\aws-java-sdk-lex-1.12.429.jar;C:\Users\danil\.m2\repository\com\amazonaws\aws-java-sdk-mechanicalturkrequester\1.12.429\aws-java-sdk-mechanicalturkrequester-1.12.429.jar;C:\Users\danil\.m2\repository\com\amazonaws\aws-java-sdk-organizations\1.12.429\aws-java-sdk-organizations-1.12.429.jar;C:\Users\danil\.m2\repository\com\amazonaws\aws-java-sdk-workdocs\1.12.429\aws-java-sdk-workdocs-1.12.429.jar;C:\Users\danil\.m2\repository\com\amazonaws\aws-java-sdk-core\1.12.429\aws-java-sdk-core-1.12.429.jar;C:\Users\danil\.m2\repository\commons-logging\commons-logging\1.1.3\commons-logging-1.1.3.jar;C:\Users\danil\.m2\repository\commons-codec\commons-codec\1.16.1\commons-codec-1.16.1.jar;C:\Users\danil\.m2\repository\org\apache\httpcomponents\httpclient\4.5.13\httpclient-4.5.13.jar;C:\Users\danil\.m2\repository\org\apache\httpcomponents\httpcore\4.4.16\httpcore-4.4.16.jar;C:\Users\danil\.m2\repository\software\amazon\ion\ion-java\1.0.2\ion-java-1.0.2.jar;C:\Users\danil\.m2\repository\com\fasterxml\jackson\dataformat\jackson-dataformat-cbor\2.17.2\jackson-dataformat-cbor-2.17.2.jar;C:\Users\danil\.m2\repository\joda-time\joda-time\2.8.1\joda-time-2.8.1.jar;C:\Users\danil\.m2\repository\com\amazonaws\aws-java-sdk-models\1.12.429\aws-java-sdk-models-1.12.429.jar;C:\Users\danil\.m2\repository\com\amazonaws\aws-java-sdk-swf-libraries\1.11.22\aws-java-sdk-swf-libraries-1.11.22.jar;C:\Users\danil\.m2\repository\javax\xml\bind\jaxb-api\2.3.1\jaxb-api-2.3.1.jar;C:\Users\danil\.m2\repository\javax\activation\javax.activation-api\1.2.0\javax.activation-api-1.2.0.jar;C:\Users\danil\.m2\repository\com\zaxxer\HikariCP\5.1.0\HikariCP-5.1.0.jar;C:\Users\danil\.m2\repository\org\slf4j\slf4j-api\2.0.16\slf4j-api-2.0.16.jar;C:\Users\danil\.m2\repository\org\springframework\boot\spring-boot-configuration-processor\3.3.5\spring-boot-configuration-processor-3.3.5.jar;C:\Users\danil\.m2\repository\org\projectlombok\lombok\1.18.34\lombok-1.18.34.jar;C:\Users\danil\.m2\repository\org\springframework\boot\spring-boot-starter-test\3.3.5\spring-boot-starter-test-3.3.5.jar;C:\Users\danil\.m2\repository\org\springframework\boot\spring-boot-test\3.3.5\spring-boot-test-3.3.5.jar;C:\Users\danil\.m2\repository\org\springframework\boot\spring-boot-test-autoconfigure\3.3.5\spring-boot-test-autoconfigure-3.3.5.jar;C:\Users\danil\.m2\repository\com\jayway\jsonpath\json-path\2.9.0\json-path-2.9.0.jar;C:\Users\danil\.m2\repository\jakarta\xml\bind\jakarta.xml.bind-api\4.0.2\jakarta.xml.bind-api-4.0.2.jar;C:\Users\danil\.m2\repository\net\minidev\json-smart\2.5.1\json-smart-2.5.1.jar;C:\Users\danil\.m2\repository\net\minidev\accessors-smart\2.5.1\accessors-smart-2.5.1.jar;C:\Users\danil\.m2\repository\org\ow2\asm\asm\9.6\asm-9.6.jar;C:\Users\danil\.m2\repository\org\assertj\assertj-core\3.25.3\assertj-core-3.25.3.jar;C:\Users\danil\.m2\repository\org\awaitility\awaitility\4.2.2\awaitility-4.2.2.jar;C:\Users\danil\.m2\repository\org\hamcrest\hamcrest\2.2\hamcrest-2.2.jar;C:\Users\danil\.m2\repository\org\junit\jupiter\junit-jupiter\5.10.5\junit-jupiter-5.10.5.jar;C:\Users\danil\.m2\repository\org\junit\jupiter\junit-jupiter-api\5.10.5\junit-jupiter-api-5.10.5.jar;C:\Users\danil\.m2\repository\org\opentest4j\opentest4j\1.3.0\opentest4j-1.3.0.jar;C:\Users\danil\.m2\repository\org\junit\platform\junit-platform-commons\1.10.5\junit-platform-commons-1.10.5.jar;C:\Users\danil\.m2\repository\org\apiguardian\apiguardian-api\1.1.2\apiguardian-api-1.1.2.jar;C:\Users\danil\.m2\repository\org\junit\jupiter\junit-jupiter-params\5.10.5\junit-jupiter-params-5.10.5.jar;C:\Users\danil\.m2\repository\org\junit\jupiter\junit-jupiter-engine\5.10.5\junit-jupiter-engine-5.10.5.jar;C:\Users\danil\.m2\repository\org\junit\platform\junit-platform-engine\1.10.5\junit-platform-engine-1.10.5.jar;C:\Users\danil\.m2\repository\org\mockito\mockito-core\5.11.0\mockito-core-5.11.0.jar;C:\Users\danil\.m2\repository\net\bytebuddy\byte-buddy-agent\1.14.19\byte-buddy-agent-1.14.19.jar;C:\Users\danil\.m2\repository\org\objenesis\objenesis\3.3\objenesis-3.3.jar;C:\Users\danil\.m2\repository\org\mockito\mockito-junit-jupiter\5.11.0\mockito-junit-jupiter-5.11.0.jar;C:\Users\danil\.m2\repository\org\skyscreamer\jsonassert\1.5.3\jsonassert-1.5.3.jar;C:\Users\danil\.m2\repository\com\vaadin\external\google\android-json\0.0.20131108.vaadin1\android-json-0.0.20131108.vaadin1.jar;C:\Users\danil\.m2\repository\org\springframework\spring-test\6.1.14\spring-test-6.1.14.jar;C:\Users\danil\.m2\repository\org\xmlunit\xmlunit-core\2.9.1\xmlunit-core-2.9.1.jar;C:\Users\danil\.m2\repository\org\springframework\boot\spring-boot-testcontainers\3.3.5\spring-boot-testcontainers-3.3.5.jar;C:\Users\danil\.m2\repository\org\testcontainers\testcontainers\1.19.8\testcontainers-1.19.8.jar;C:\Users\danil\.m2\repository\junit\junit\4.13.2\junit-4.13.2.jar;C:\Users\danil\.m2\repository\org\hamcrest\hamcrest-core\2.2\hamcrest-core-2.2.jar;C:\Users\danil\.m2\repository\org\apache\commons\commons-compress\1.24.0\commons-compress-1.24.0.jar;C:\Users\danil\.m2\repository\org\rnorth\duct-tape\duct-tape\1.0.8\duct-tape-1.0.8.jar;C:\Users\danil\.m2\repository\org\jetbrains\annotations\17.0.0\annotations-17.0.0.jar;C:\Users\danil\.m2\repository\com\github\docker-java\docker-java-api\3.3.6\docker-java-api-3.3.6.jar;C:\Users\danil\.m2\repository\com\github\docker-java\docker-java-transport-zerodep\3.3.6\docker-java-transport-zerodep-3.3.6.jar;C:\Users\danil\.m2\repository\com\github\docker-java\docker-java-transport\3.3.6\docker-java-transport-3.3.6.jar;C:\Users\danil\.m2\repository\net\java\dev\jna\jna\5.13.0\jna-5.13.0.jar;C:\Users\danil\.m2\repository\org\springframework\restdocs\spring-restdocs-mockmvc\3.0.2\spring-restdocs-mockmvc-3.0.2.jar;C:\Users\danil\.m2\repository\org\springframework\restdocs\spring-restdocs-core\3.0.2\spring-restdocs-core-3.0.2.jar;C:\Users\danil\.m2\repository\jakarta\servlet\jakarta.servlet-api\6.0.0\jakarta.servlet-api-6.0.0.jar;C:\Users\danil\.m2\repository\org\testcontainers\junit-jupiter\1.19.8\junit-jupiter-1.19.8.jar;C:\Users\danil\.m2\repository\org\testcontainers\postgresql\1.19.8\postgresql-1.19.8.jar;C:\Users\danil\.m2\repository\org\testcontainers\jdbc\1.19.8\jdbc-1.19.8.jar;C:\Users\danil\.m2\repository\org\testcontainers\database-commons\1.19.8\database-commons-1.19.8.jar;"/>
    <property name="java.vm.vendor" value="Oracle Corporation"/>
    <property name="sun.arch.data.model" value="64"/>
    <property name="user.variant" value=""/>
    <property name="java.vendor.url" value="https://java.oracle.com/"/>
    <property name="user.timezone" value="Europe/Moscow"/>
    <property name="org.jboss.logging.provider" value="slf4j"/>
    <property name="os.name" value="Windows 10"/>
    <property name="java.vm.specification.version" value="21"/>
    <property name="sun.java.launcher" value="SUN_STANDARD"/>
    <property name="user.country" value="RU"/>
    <property name="sun.boot.library.path" value="C:\Users\danil\.jdks\openjdk-21.0.2\bin"/>
    <property name="sun.java.command" value="C:\Users\danil\AppData\Local\Temp\surefire5060220970754015834\surefirebooter-20241031173313422_3.jar C:\Users\danil\AppData\Local\Temp\surefire5060220970754015834 2024-10-31T17-33-11_041-jvmRun1 surefire-20241031173313422_1tmp surefire_0-20241031173313422_2tmp"/>
    <property name="jdk.debug" value="release"/>
    <property name="surefire.test.class.path" value="C:\Users\danil\Desktop\Fintech_Course\FoodRu_MicroService\target\test-classes;C:\Users\danil\Desktop\Fintech_Course\FoodRu_MicroService\target\classes;C:\Users\danil\.m2\repository\org\springframework\boot\spring-boot-starter-actuator\3.3.5\spring-boot-starter-actuator-3.3.5.jar;C:\Users\danil\.m2\repository\org\springframework\boot\spring-boot-starter\3.3.5\spring-boot-starter-3.3.5.jar;C:\Users\danil\.m2\repository\org\springframework\boot\spring-boot-starter-logging\3.3.5\spring-boot-starter-logging-3.3.5.jar;C:\Users\danil\.m2\repository\ch\qos\logback\logback-classic\1.5.11\logback-classic-1.5.11.jar;C:\Users\danil\.m2\repository\ch\qos\logback\logback-core\1.5.11\logback-core-1.5.11.jar;C:\Users\danil\.m2\repository\org\apache\logging\log4j\log4j-to-slf4j\2.23.1\log4j-to-slf4j-2.23.1.jar;C:\Users\danil\.m2\repository\org\apache\logging\log4j\log4j-api\2.23.1\log4j-api-2.23.1.jar;C:\Users\danil\.m2\repository\org\slf4j\jul-to-slf4j\2.0.16\jul-to-slf4j-2.0.16.jar;C:\Users\danil\.m2\repository\jakarta\annotation\jakarta.annotation-api\2.1.1\jakarta.annotation-api-2.1.1.jar;C:\Users\danil\.m2\repository\org\springframework\boot\spring-boot-actuator-autoconfigure\3.3.5\spring-boot-actuator-autoconfigure-3.3.5.jar;C:\Users\danil\.m2\repository\org\springframework\boot\spring-boot-actuator\3.3.5\spring-boot-actuator-3.3.5.jar;C:\Users\danil\.m2\repository\com\fasterxml\jackson\core\jackson-databind\2.17.2\jackson-databind-2.17.2.jar;C:\Users\danil\.m2\repository\com\fasterxml\jackson\core\jackson-annotations\2.17.2\jackson-annotations-2.17.2.jar;C:\Users\danil\.m2\repository\com\fasterxml\jackson\core\jackson-core\2.17.2\jackson-core-2.17.2.jar;C:\Users\danil\.m2\repository\com\fasterxml\jackson\datatype\jackson-datatype-jsr310\2.17.2\jackson-datatype-jsr310-2.17.2.jar;C:\Users\danil\.m2\repository\io\micrometer\micrometer-observation\1.13.6\micrometer-observation-1.13.6.jar;C:\Users\danil\.m2\repository\io\micrometer\micrometer-commons\1.13.6\micrometer-commons-1.13.6.jar;C:\Users\danil\.m2\repository\io\micrometer\micrometer-jakarta9\1.13.6\micrometer-jakarta9-1.13.6.jar;C:\Users\danil\.m2\repository\io\micrometer\micrometer-core\1.13.6\micrometer-core-1.13.6.jar;C:\Users\danil\.m2\repository\org\hdrhistogram\HdrHistogram\2.2.2\HdrHistogram-2.2.2.jar;C:\Users\danil\.m2\repository\org\latencyutils\LatencyUtils\2.0.3\LatencyUtils-2.0.3.jar;C:\Users\danil\.m2\repository\org\springframework\boot\spring-boot-starter-data-jpa\3.3.5\spring-boot-starter-data-jpa-3.3.5.jar;C:\Users\danil\.m2\repository\org\springframework\boot\spring-boot-starter-aop\3.3.5\spring-boot-starter-aop-3.3.5.jar;C:\Users\danil\.m2\repository\org\springframework\spring-aop\6.1.14\spring-aop-6.1.14.jar;C:\Users\danil\.m2\repository\org\aspectj\aspectjweaver\1.9.22.1\aspectjweaver-1.9.22.1.jar;C:\Users\danil\.m2\repository\org\springframework\boot\spring-boot-starter-jdbc\3.3.5\spring-boot-starter-jdbc-3.3.5.jar;C:\Users\danil\.m2\repository\org\springframework\spring-jdbc\6.1.14\spring-jdbc-6.1.14.jar;C:\Users\danil\.m2\repository\org\hibernate\orm\hibernate-core\6.5.3.Final\hibernate-core-6.5.3.Final.jar;C:\Users\danil\.m2\repository\jakarta\transaction\jakarta.transaction-api\2.0.1\jakarta.transaction-api-2.0.1.jar;C:\Users\danil\.m2\repository\org\jboss\logging\jboss-logging\3.5.3.Final\jboss-logging-3.5.3.Final.jar;C:\Users\danil\.m2\repository\org\hibernate\common\hibernate-commons-annotations\6.0.6.Final\hibernate-commons-annotations-6.0.6.Final.jar;C:\Users\danil\.m2\repository\io\smallrye\jandex\3.1.2\jandex-3.1.2.jar;C:\Users\danil\.m2\repository\com\fasterxml\classmate\1.7.0\classmate-1.7.0.jar;C:\Users\danil\.m2\repository\net\bytebuddy\byte-buddy\1.14.19\byte-buddy-1.14.19.jar;C:\Users\danil\.m2\repository\org\glassfish\jaxb\jaxb-runtime\4.0.5\jaxb-runtime-4.0.5.jar;C:\Users\danil\.m2\repository\org\glassfish\jaxb\jaxb-core\4.0.5\jaxb-core-4.0.5.jar;C:\Users\danil\.m2\repository\org\glassfish\jaxb\txw2\4.0.5\txw2-4.0.5.jar;C:\Users\danil\.m2\repository\com\sun\istack\istack-commons-runtime\4.1.2\istack-commons-runtime-4.1.2.jar;C:\Users\danil\.m2\repository\jakarta\inject\jakarta.inject-api\2.0.1\jakarta.inject-api-2.0.1.jar;C:\Users\danil\.m2\repository\org\antlr\antlr4-runtime\4.13.0\antlr4-runtime-4.13.0.jar;C:\Users\danil\.m2\repository\org\springframework\data\spring-data-jpa\3.3.5\spring-data-jpa-3.3.5.jar;C:\Users\danil\.m2\repository\org\springframework\data\spring-data-commons\3.3.5\spring-data-commons-3.3.5.jar;C:\Users\danil\.m2\repository\org\springframework\spring-orm\6.1.14\spring-orm-6.1.14.jar;C:\Users\danil\.m2\repository\org\springframework\spring-aspects\6.1.14\spring-aspects-6.1.14.jar;C:\Users\danil\.m2\repository\org\springframework\boot\spring-boot-starter-validation\3.3.5\spring-boot-starter-validation-3.3.5.jar;C:\Users\danil\.m2\repository\org\apache\tomcat\embed\tomcat-embed-el\10.1.31\tomcat-embed-el-10.1.31.jar;C:\Users\danil\.m2\repository\org\hibernate\validator\hibernate-validator\8.0.1.Final\hibernate-validator-8.0.1.Final.jar;C:\Users\danil\.m2\repository\jakarta\validation\jakarta.validation-api\3.0.2\jakarta.validation-api-3.0.2.jar;C:\Users\danil\.m2\repository\org\springframework\boot\spring-boot-starter-web\3.3.5\spring-boot-starter-web-3.3.5.jar;C:\Users\danil\.m2\repository\org\springframework\boot\spring-boot-starter-json\3.3.5\spring-boot-starter-json-3.3.5.jar;C:\Users\danil\.m2\repository\com\fasterxml\jackson\datatype\jackson-datatype-jdk8\2.17.2\jackson-datatype-jdk8-2.17.2.jar;C:\Users\danil\.m2\repository\com\fasterxml\jackson\module\jackson-module-parameter-names\2.17.2\jackson-module-parameter-names-2.17.2.jar;C:\Users\danil\.m2\repository\org\springframework\boot\spring-boot-starter-tomcat\3.3.5\spring-boot-starter-tomcat-3.3.5.jar;C:\Users\danil\.m2\repository\org\apache\tomcat\embed\tomcat-embed-core\10.1.31\tomcat-embed-core-10.1.31.jar;C:\Users\danil\.m2\repository\org\apache\tomcat\embed\tomcat-embed-websocket\10.1.31\tomcat-embed-websocket-10.1.31.jar;C:\Users\danil\.m2\repository\org\springframework\spring-web\6.1.14\spring-web-6.1.14.jar;C:\Users\danil\.m2\repository\org\springframework\spring-webmvc\6.1.14\spring-webmvc-6.1.14.jar;C:\Users\danil\.m2\repository\org\springframework\spring-expression\6.1.14\spring-expression-6.1.14.jar;C:\Users\danil\.m2\repository\org\liquibase\liquibase-core\4.27.0\liquibase-core-4.27.0.jar;C:\Users\danil\.m2\repository\com\opencsv\opencsv\5.9\opencsv-5.9.jar;C:\Users\danil\.m2\repository\org\apache\commons\commons-text\1.11.0\commons-text-1.11.0.jar;C:\Users\danil\.m2\repository\org\apache\commons\commons-collections4\4.4\commons-collections4-4.4.jar;C:\Users\danil\.m2\repository\org\yaml\snakeyaml\2.2\snakeyaml-2.2.jar;C:\Users\danil\.m2\repository\org\apache\commons\commons-lang3\3.14.0\commons-lang3-3.14.0.jar;C:\Users\danil\.m2\repository\jakarta\persistence\jakarta.persistence-api\3.1.0\jakarta.persistence-api-3.1.0.jar;C:\Users\danil\.m2\repository\org\springframework\boot\spring-boot-devtools\3.3.5\spring-boot-devtools-3.3.5.jar;C:\Users\danil\.m2\repository\org\springframework\boot\spring-boot\3.3.5\spring-boot-3.3.5.jar;C:\Users\danil\.m2\repository\org\springframework\boot\spring-boot-autoconfigure\3.3.5\spring-boot-autoconfigure-3.3.5.jar;C:\Users\danil\.m2\repository\org\postgresql\postgresql\42.7.4\postgresql-42.7.4.jar;C:\Users\danil\.m2\repository\org\checkerframework\checker-qual\3.42.0\checker-qual-3.42.0.jar;C:\Users\danil\.m2\repository\org\springframework\boot\spring-boot-starter-mail\3.3.5\spring-boot-starter-mail-3.3.5.jar;C:\Users\danil\.m2\repository\org\eclipse\angus\jakarta.mail\2.0.3\jakarta.mail-2.0.3.jar;C:\Users\danil\.m2\repository\jakarta\activation\jakarta.activation-api\2.1.3\jakarta.activation-api-2.1.3.jar;C:\Users\danil\.m2\repository\org\eclipse\angus\angus-activation\2.0.2\angus-activation-2.0.2.jar;C:\Users\danil\.m2\repository\org\springframework\spring-context-support\6.1.5\spring-context-support-6.1.5.jar;C:\Users\danil\.m2\repository\org\springframework\spring-beans\6.1.14\spring-beans-6.1.14.jar;C:\Users\danil\.m2\repository\org\springframework\spring-context\6.1.14\spring-context-6.1.14.jar;C:\Users\danil\.m2\repository\org\springframework\spring-core\6.1.14\spring-core-6.1.14.jar;C:\Users\danil\.m2\repository\org\springframework\spring-jcl\6.1.14\spring-jcl-6.1.14.jar;C:\Users\danil\.m2\repository\com\github\librepdf\openpdf\1.3.8\openpdf-1.3.8.jar;C:\Users\danil\.m2\repository\com\github\albfernandez\juniversalchardet\2.3.0\juniversalchardet-2.3.0.jar;C:\Users\danil\.m2\repository\org\springframework\kafka\spring-kafka\3.1.2\spring-kafka-3.1.2.jar;C:\Users\danil\.m2\repository\org\springframework\spring-messaging\6.1.14\spring-messaging-6.1.14.jar;C:\Users\danil\.m2\repository\org\springframework\spring-tx\6.1.14\spring-tx-6.1.14.jar;C:\Users\danil\.m2\repository\org\springframework\retry\spring-retry\2.0.10\spring-retry-2.0.10.jar;C:\Users\danil\.m2\repository\org\apache\kafka\kafka-clients\3.7.1\kafka-clients-3.7.1.jar;C:\Users\danil\.m2\repository\com\github\luben\zstd-jni\1.5.6-3\zstd-jni-1.5.6-3.jar;C:\Users\danil\.m2\repository\org\lz4\lz4-java\1.8.0\lz4-java-1.8.0.jar;C:\Users\danil\.m2\repository\org\xerial\snappy\snappy-java\1.1.10.5\snappy-java-1.1.10.5.jar;C:\Users\danil\.m2\repository\com\google\code\findbugs\jsr305\3.0.2\jsr305-3.0.2.jar;C:\Users\danil\.m2\repository\com\amazonaws\aws-java-sdk\1.12.429\aws-java-sdk-1.12.429.jar;C:\Users\danil\.m2\repository\com\amazonaws\aws-java-sdk-internetmonitor\1.12.429\aws-java-sdk-internetmonitor-1.12.429.jar;C:\Users\danil\.m2\repository\com\amazonaws\jmespath-java\1.12.429\jmespath-java-1.12.429.jar;C:\Users\danil\.m2\repository\com\amazonaws\aws-java-sdk-tnb\1.12.429\aws-java-sdk-tnb-1.12.429.jar;C:\Users\danil\.m2\repository\com\amazonaws\aws-java-sdk-cloudtraildata\1.12.429\aws-java-sdk-cloudtraildata-1.12.429.jar;C:\Users\danil\.m2\repository\com\amazonaws\aws-java-sdk-cleanrooms\1.12.429\aws-java-sdk-cleanrooms-1.12.429.jar;C:\Users\danil\.m2\repository\com\amazonaws\aws-java-sdk-kendraranking\1.12.429\aws-java-sdk-kendraranking-1.12.429.jar;C:\Users\danil\.m2\repository\com\amazonaws\aws-java-sdk-licensemanagerlinuxsubscriptions\1.12.429\aws-java-sdk-licensemanagerlinuxsubscriptions-1.12.429.jar;C:\Users\danil\.m2\repository\com\amazonaws\aws-java-sdk-kinesisvideowebrtcstorage\1.12.429\aws-java-sdk-kinesisvideowebrtcstorage-1.12.429.jar;C:\Users\danil\.m2\repository\com\amazonaws\aws-java-sdk-sagemakermetrics\1.12.429\aws-java-sdk-sagemakermetrics-1.12.429.jar;C:\Users\danil\.m2\repository\com\amazonaws\aws-java-sdk-pipes\1.12.429\aws-java-sdk-pipes-1.12.429.jar;C:\Users\danil\.m2\repository\com\amazonaws\aws-java-sdk-sagemakergeospatial\1.12.429\aws-java-sdk-sagemakergeospatial-1.12.429.jar;C:\Users\danil\.m2\repository\com\amazonaws\aws-java-sdk-docdbelastic\1.12.429\aws-java-sdk-docdbelastic-1.12.429.jar;C:\Users\danil\.m2\repository\com\amazonaws\aws-java-sdk-omics\1.12.429\aws-java-sdk-omics-1.12.429.jar;C:\Users\danil\.m2\repository\com\amazonaws\aws-java-sdk-opensearchserverless\1.12.429\aws-java-sdk-opensearchserverless-1.12.429.jar;C:\Users\danil\.m2\repository\com\amazonaws\aws-java-sdk-securitylake\1.12.429\aws-java-sdk-securitylake-1.12.429.jar;C:\Users\danil\.m2\repository\com\amazonaws\aws-java-sdk-simspaceweaver\1.12.429\aws-java-sdk-simspaceweaver-1.12.429.jar;C:\Users\danil\.m2\repository\com\amazonaws\aws-java-sdk-arczonalshift\1.12.429\aws-java-sdk-arczonalshift-1.12.429.jar;C:\Users\danil\.m2\repository\com\amazonaws\aws-java-sdk-oam\1.12.429\aws-java-sdk-oam-1.12.429.jar;C:\Users\danil\.m2\repository\com\amazonaws\aws-java-sdk-iotroborunner\1.12.429\aws-java-sdk-iotroborunner-1.12.429.jar;C:\Users\danil\.m2\repository\com\amazonaws\aws-java-sdk-chimesdkvoice\1.12.429\aws-java-sdk-chimesdkvoice-1.12.429.jar;C:\Users\danil\.m2\repository\com\amazonaws\aws-java-sdk-ssmsap\1.12.429\aws-java-sdk-ssmsap-1.12.429.jar;C:\Users\danil\.m2\repository\com\amazonaws\aws-java-sdk-scheduler\1.12.429\aws-java-sdk-scheduler-1.12.429.jar;C:\Users\danil\.m2\repository\com\amazonaws\aws-java-sdk-resourceexplorer2\1.12.429\aws-java-sdk-resourceexplorer2-1.12.429.jar;C:\Users\danil\.m2\repository\com\amazonaws\aws-java-sdk-connectcases\1.12.429\aws-java-sdk-connectcases-1.12.429.jar;C:\Users\danil\.m2\repository\com\amazonaws\aws-java-sdk-migrationhuborchestrator\1.12.429\aws-java-sdk-migrationhuborchestrator-1.12.429.jar;C:\Users\danil\.m2\repository\com\amazonaws\aws-java-sdk-iotfleetwise\1.12.429\aws-java-sdk-iotfleetwise-1.12.429.jar;C:\Users\danil\.m2\repository\com\amazonaws\aws-java-sdk-controltower\1.12.429\aws-java-sdk-controltower-1.12.429.jar;C:\Users\danil\.m2\repository\com\amazonaws\aws-java-sdk-supportapp\1.12.429\aws-java-sdk-supportapp-1.12.429.jar;C:\Users\danil\.m2\repository\com\amazonaws\aws-java-sdk-private5g\1.12.429\aws-java-sdk-private5g-1.12.429.jar;C:\Users\danil\.m2\repository\com\amazonaws\aws-java-sdk-backupstorage\1.12.429\aws-java-sdk-backupstorage-1.12.429.jar;C:\Users\danil\.m2\repository\com\amazonaws\aws-java-sdk-licensemanagerusersubscriptions\1.12.429\aws-java-sdk-licensemanagerusersubscriptions-1.12.429.jar;C:\Users\danil\.m2\repository\com\amazonaws\aws-java-sdk-iamrolesanywhere\1.12.429\aws-java-sdk-iamrolesanywhere-1.12.429.jar;C:\Users\danil\.m2\repository\com\amazonaws\aws-java-sdk-redshiftserverless\1.12.429\aws-java-sdk-redshiftserverless-1.12.429.jar;C:\Users\danil\.m2\repository\com\amazonaws\aws-java-sdk-connectcampaign\1.12.429\aws-java-sdk-connectcampaign-1.12.429.jar;C:\Users\danil\.m2\repository\com\amazonaws\aws-java-sdk-mainframemodernization\1.12.429\aws-java-sdk-mainframemodernization-1.12.429.jar;C:\Users\danil\.m2\repository\com\amazonaws\aws-java-sdk-emrserverless\1.12.429\aws-java-sdk-emrserverless-1.12.429.jar;C:\Users\danil\.m2\repository\com\amazonaws\aws-java-sdk-chimesdkmediapipelines\1.12.429\aws-java-sdk-chimesdkmediapipelines-1.12.429.jar;C:\Users\danil\.m2\repository\com\amazonaws\aws-java-sdk-ivschat\1.12.429\aws-java-sdk-ivschat-1.12.429.jar;C:\Users\danil\.m2\repository\com\amazonaws\aws-java-sdk-pinpointsmsvoicev2\1.12.429\aws-java-sdk-pinpointsmsvoicev2-1.12.429.jar;C:\Users\danil\.m2\repository\com\amazonaws\aws-java-sdk-gamesparks\1.12.429\aws-java-sdk-gamesparks-1.12.429.jar;C:\Users\danil\.m2\repository\com\amazonaws\aws-java-sdk-billingconductor\1.12.429\aws-java-sdk-billingconductor-1.12.429.jar;C:\Users\danil\.m2\repository\com\amazonaws\aws-java-sdk-keyspaces\1.12.429\aws-java-sdk-keyspaces-1.12.429.jar;C:\Users\danil\.m2\repository\com\amazonaws\aws-java-sdk-amplifyuibuilder\1.12.429\aws-java-sdk-amplifyuibuilder-1.12.429.jar;C:\Users\danil\.m2\repository\com\amazonaws\aws-java-sdk-backupgateway\1.12.429\aws-java-sdk-backupgateway-1.12.429.jar;C:\Users\danil\.m2\repository\com\amazonaws\aws-java-sdk-workspacesweb\1.12.429\aws-java-sdk-workspacesweb-1.12.429.jar;C:\Users\danil\.m2\repository\com\amazonaws\aws-java-sdk-iottwinmaker\1.12.429\aws-java-sdk-iottwinmaker-1.12.429.jar;C:\Users\danil\.m2\repository\com\amazonaws\aws-java-sdk-recyclebin\1.12.429\aws-java-sdk-recyclebin-1.12.429.jar;C:\Users\danil\.m2\repository\com\amazonaws\aws-java-sdk-cloudwatchrum\1.12.429\aws-java-sdk-cloudwatchrum-1.12.429.jar;C:\Users\danil\.m2\repository\com\amazonaws\aws-java-sdk-cloudwatchevidently\1.12.429\aws-java-sdk-cloudwatchevidently-1.12.429.jar;C:\Users\danil\.m2\repository\com\amazonaws\aws-java-sdk-inspector2\1.12.429\aws-java-sdk-inspector2-1.12.429.jar;C:\Users\danil\.m2\repository\com\amazonaws\aws-java-sdk-migrationhubrefactorspaces\1.12.429\aws-java-sdk-migrationhubrefactorspaces-1.12.429.jar;C:\Users\danil\.m2\repository\com\amazonaws\aws-java-sdk-appconfigdata\1.12.429\aws-java-sdk-appconfigdata-1.12.429.jar;C:\Users\danil\.m2\repository\com\amazonaws\aws-java-sdk-drs\1.12.429\aws-java-sdk-drs-1.12.429.jar;C:\Users\danil\.m2\repository\com\amazonaws\aws-java-sdk-migrationhubstrategyrecommendations\1.12.429\aws-java-sdk-migrationhubstrategyrecommendations-1.12.429.jar;C:\Users\danil\.m2\repository\com\amazonaws\aws-java-sdk-resiliencehub\1.12.429\aws-java-sdk-resiliencehub-1.12.429.jar;C:\Users\danil\.m2\repository\com\amazonaws\aws-java-sdk-chimesdkmeetings\1.12.429\aws-java-sdk-chimesdkmeetings-1.12.429.jar;C:\Users\danil\.m2\repository\com\amazonaws\aws-java-sdk-panorama\1.12.429\aws-java-sdk-panorama-1.12.429.jar;C:\Users\danil\.m2\repository\com\amazonaws\aws-java-sdk-managedgrafana\1.12.429\aws-java-sdk-managedgrafana-1.12.429.jar;C:\Users\danil\.m2\repository\com\amazonaws\aws-java-sdk-cloudcontrolapi\1.12.429\aws-java-sdk-cloudcontrolapi-1.12.429.jar;C:\Users\danil\.m2\repository\com\amazonaws\aws-java-sdk-account\1.12.429\aws-java-sdk-account-1.12.429.jar;C:\Users\danil\.m2\repository\com\amazonaws\aws-java-sdk-voiceid\1.12.429\aws-java-sdk-voiceid-1.12.429.jar;C:\Users\danil\.m2\repository\com\amazonaws\aws-java-sdk-connectwisdom\1.12.429\aws-java-sdk-connectwisdom-1.12.429.jar;C:\Users\danil\.m2\repository\com\amazonaws\aws-java-sdk-kafkaconnect\1.12.429\aws-java-sdk-kafkaconnect-1.12.429.jar;C:\Users\danil\.m2\repository\com\amazonaws\aws-java-sdk-opensearch\1.12.429\aws-java-sdk-opensearch-1.12.429.jar;C:\Users\danil\.m2\repository\com\amazonaws\aws-java-sdk-memorydb\1.12.429\aws-java-sdk-memorydb-1.12.429.jar;C:\Users\danil\.m2\repository\com\amazonaws\aws-java-sdk-snowdevicemanagement\1.12.429\aws-java-sdk-snowdevicemanagement-1.12.429.jar;C:\Users\danil\.m2\repository\com\amazonaws\aws-java-sdk-chimesdkidentity\1.12.429\aws-java-sdk-chimesdkidentity-1.12.429.jar;C:\Users\danil\.m2\repository\com\amazonaws\aws-java-sdk-chimesdkmessaging\1.12.429\aws-java-sdk-chimesdkmessaging-1.12.429.jar;C:\Users\danil\.m2\repository\com\amazonaws\aws-java-sdk-route53recoverycluster\1.12.429\aws-java-sdk-route53recoverycluster-1.12.429.jar;C:\Users\danil\.m2\repository\com\amazonaws\aws-java-sdk-route53recoverycontrolconfig\1.12.429\aws-java-sdk-route53recoverycontrolconfig-1.12.429.jar;C:\Users\danil\.m2\repository\com\amazonaws\aws-java-sdk-route53recoveryreadiness\1.12.429\aws-java-sdk-route53recoveryreadiness-1.12.429.jar;C:\Users\danil\.m2\repository\com\amazonaws\aws-java-sdk-proton\1.12.429\aws-java-sdk-proton-1.12.429.jar;C:\Users\danil\.m2\repository\com\amazonaws\aws-java-sdk-apprunner\1.12.429\aws-java-sdk-apprunner-1.12.429.jar;C:\Users\danil\.m2\repository\com\amazonaws\aws-java-sdk-applicationcostprofiler\1.12.429\aws-java-sdk-applicationcostprofiler-1.12.429.jar;C:\Users\danil\.m2\repository\com\amazonaws\aws-java-sdk-ssmcontacts\1.12.429\aws-java-sdk-ssmcontacts-1.12.429.jar;C:\Users\danil\.m2\repository\com\amazonaws\aws-java-sdk-ssmincidents\1.12.429\aws-java-sdk-ssmincidents-1.12.429.jar;C:\Users\danil\.m2\repository\com\amazonaws\aws-java-sdk-finspacedata\1.12.429\aws-java-sdk-finspacedata-1.12.429.jar;C:\Users\danil\.m2\repository\com\amazonaws\aws-java-sdk-finspace\1.12.429\aws-java-sdk-finspace-1.12.429.jar;C:\Users\danil\.m2\repository\com\amazonaws\aws-java-sdk-nimblestudio\1.12.429\aws-java-sdk-nimblestudio-1.12.429.jar;C:\Users\danil\.m2\repository\com\amazonaws\aws-java-sdk-lookoutequipment\1.12.429\aws-java-sdk-lookoutequipment-1.12.429.jar;C:\Users\danil\.m2\repository\com\amazonaws\aws-java-sdk-mgn\1.12.429\aws-java-sdk-mgn-1.12.429.jar;C:\Users\danil\.m2\repository\com\amazonaws\aws-java-sdk-lookoutmetrics\1.12.429\aws-java-sdk-lookoutmetrics-1.12.429.jar;C:\Users\danil\.m2\repository\com\amazonaws\aws-java-sdk-fis\1.12.429\aws-java-sdk-fis-1.12.429.jar;C:\Users\danil\.m2\repository\com\amazonaws\aws-java-sdk-lexmodelsv2\1.12.429\aws-java-sdk-lexmodelsv2-1.12.429.jar;C:\Users\danil\.m2\repository\com\amazonaws\aws-java-sdk-lexruntimev2\1.12.429\aws-java-sdk-lexruntimev2-1.12.429.jar;C:\Users\danil\.m2\repository\com\amazonaws\aws-java-sdk-wellarchitected\1.12.429\aws-java-sdk-wellarchitected-1.12.429.jar;C:\Users\danil\.m2\repository\com\amazonaws\aws-java-sdk-location\1.12.429\aws-java-sdk-location-1.12.429.jar;C:\Users\danil\.m2\repository\com\amazonaws\aws-java-sdk-iotdeviceadvisor\1.12.429\aws-java-sdk-iotdeviceadvisor-1.12.429.jar;C:\Users\danil\.m2\repository\com\amazonaws\aws-java-sdk-iotfleethub\1.12.429\aws-java-sdk-iotfleethub-1.12.429.jar;C:\Users\danil\.m2\repository\com\amazonaws\aws-java-sdk-iotwireless\1.12.429\aws-java-sdk-iotwireless-1.12.429.jar;C:\Users\danil\.m2\repository\com\amazonaws\aws-java-sdk-greengrassv2\1.12.429\aws-java-sdk-greengrassv2-1.12.429.jar;C:\Users\danil\.m2\repository\com\amazonaws\aws-java-sdk-prometheus\1.12.429\aws-java-sdk-prometheus-1.12.429.jar;C:\Users\danil\.m2\repository\com\amazonaws\aws-java-sdk-auditmanager\1.12.429\aws-java-sdk-auditmanager-1.12.429.jar;C:\Users\danil\.m2\repository\com\amazonaws\aws-java-sdk-healthlake\1.12.429\aws-java-sdk-healthlake-1.12.429.jar;C:\Users\danil\.m2\repository\com\amazonaws\aws-java-sdk-sagemakeredgemanager\1.12.429\aws-java-sdk-sagemakeredgemanager-1.12.429.jar;C:\Users\danil\.m2\repository\com\amazonaws\aws-java-sdk-emrcontainers\1.12.429\aws-java-sdk-emrcontainers-1.12.429.jar;C:\Users\danil\.m2\repository\com\amazonaws\aws-java-sdk-customerprofiles\1.12.429\aws-java-sdk-customerprofiles-1.12.429.jar;C:\Users\danil\.m2\repository\com\amazonaws\aws-java-sdk-lookoutforvision\1.12.429\aws-java-sdk-lookoutforvision-1.12.429.jar;C:\Users\danil\.m2\repository\com\amazonaws\aws-java-sdk-connectcontactlens\1.12.429\aws-java-sdk-connectcontactlens-1.12.429.jar;C:\Users\danil\.m2\repository\com\amazonaws\aws-java-sdk-amplifybackend\1.12.429\aws-java-sdk-amplifybackend-1.12.429.jar;C:\Users\danil\.m2\repository\com\amazonaws\aws-java-sdk-ecrpublic\1.12.429\aws-java-sdk-ecrpublic-1.12.429.jar;C:\Users\danil\.m2\repository\com\amazonaws\aws-java-sdk-appintegrations\1.12.429\aws-java-sdk-appintegrations-1.12.429.jar;C:\Users\danil\.m2\repository\com\amazonaws\aws-java-sdk-sagemakerfeaturestoreruntime\1.12.429\aws-java-sdk-sagemakerfeaturestoreruntime-1.12.429.jar;C:\Users\danil\.m2\repository\com\amazonaws\aws-java-sdk-devopsguru\1.12.429\aws-java-sdk-devopsguru-1.12.429.jar;C:\Users\danil\.m2\repository\com\amazonaws\aws-java-sdk-mwaa\1.12.429\aws-java-sdk-mwaa-1.12.429.jar;C:\Users\danil\.m2\repository\com\amazonaws\aws-java-sdk-networkfirewall\1.12.429\aws-java-sdk-networkfirewall-1.12.429.jar;C:\Users\danil\.m2\repository\com\amazonaws\aws-java-sdk-appregistry\1.12.429\aws-java-sdk-appregistry-1.12.429.jar;C:\Users\danil\.m2\repository\com\amazonaws\aws-java-sdk-gluedatabrew\1.12.429\aws-java-sdk-gluedatabrew-1.12.429.jar;C:\Users\danil\.m2\repository\com\amazonaws\aws-java-sdk-s3outposts\1.12.429\aws-java-sdk-s3outposts-1.12.429.jar;C:\Users\danil\.m2\repository\com\amazonaws\aws-java-sdk-timestreamquery\1.12.429\aws-java-sdk-timestreamquery-1.12.429.jar;C:\Users\danil\.m2\repository\com\amazonaws\aws-java-sdk-timestreamwrite\1.12.429\aws-java-sdk-timestreamwrite-1.12.429.jar;C:\Users\danil\.m2\repository\com\amazonaws\aws-java-sdk-ssoadmin\1.12.429\aws-java-sdk-ssoadmin-1.12.429.jar;C:\Users\danil\.m2\repository\com\amazonaws\aws-java-sdk-redshiftdataapi\1.12.429\aws-java-sdk-redshiftdataapi-1.12.429.jar;C:\Users\danil\.m2\repository\com\amazonaws\aws-java-sdk-appflow\1.12.429\aws-java-sdk-appflow-1.12.429.jar;C:\Users\danil\.m2\repository\com\amazonaws\aws-java-sdk-identitystore\1.12.429\aws-java-sdk-identitystore-1.12.429.jar;C:\Users\danil\.m2\repository\com\amazonaws\aws-java-sdk-braket\1.12.429\aws-java-sdk-braket-1.12.429.jar;C:\Users\danil\.m2\repository\com\amazonaws\aws-java-sdk-ivs\1.12.429\aws-java-sdk-ivs-1.12.429.jar;C:\Users\danil\.m2\repository\com\amazonaws\aws-java-sdk-honeycode\1.12.429\aws-java-sdk-honeycode-1.12.429.jar;C:\Users\danil\.m2\repository\com\amazonaws\aws-java-sdk-codeartifact\1.12.429\aws-java-sdk-codeartifact-1.12.429.jar;C:\Users\danil\.m2\repository\com\amazonaws\aws-java-sdk-macie2\1.12.429\aws-java-sdk-macie2-1.12.429.jar;C:\Users\danil\.m2\repository\com\amazonaws\aws-java-sdk-iotsitewise\1.12.429\aws-java-sdk-iotsitewise-1.12.429.jar;C:\Users\danil\.m2\repository\com\amazonaws\aws-java-sdk-synthetics\1.12.429\aws-java-sdk-synthetics-1.12.429.jar;C:\Users\danil\.m2\repository\com\amazonaws\aws-java-sdk-codestarconnections\1.12.429\aws-java-sdk-codestarconnections-1.12.429.jar;C:\Users\danil\.m2\repository\com\amazonaws\aws-java-sdk-detective\1.12.429\aws-java-sdk-detective-1.12.429.jar;C:\Users\danil\.m2\repository\com\amazonaws\aws-java-sdk-kinesisvideosignalingchannels\1.12.429\aws-java-sdk-kinesisvideosignalingchannels-1.12.429.jar;C:\Users\danil\.m2\repository\com\amazonaws\aws-java-sdk-ebs\1.12.429\aws-java-sdk-ebs-1.12.429.jar;C:\Users\danil\.m2\repository\com\amazonaws\aws-java-sdk-augmentedairuntime\1.12.429\aws-java-sdk-augmentedairuntime-1.12.429.jar;C:\Users\danil\.m2\repository\com\amazonaws\aws-java-sdk-outposts\1.12.429\aws-java-sdk-outposts-1.12.429.jar;C:\Users\danil\.m2\repository\com\amazonaws\aws-java-sdk-codeguruprofiler\1.12.429\aws-java-sdk-codeguruprofiler-1.12.429.jar;C:\Users\danil\.m2\repository\com\amazonaws\aws-java-sdk-codegurureviewer\1.12.429\aws-java-sdk-codegurureviewer-1.12.429.jar;C:\Users\danil\.m2\repository\com\amazonaws\aws-java-sdk-frauddetector\1.12.429\aws-java-sdk-frauddetector-1.12.429.jar;C:\Users\danil\.m2\repository\com\amazonaws\aws-java-sdk-kendra\1.12.429\aws-java-sdk-kendra-1.12.429.jar;C:\Users\danil\.m2\repository\com\amazonaws\aws-java-sdk-networkmanager\1.12.429\aws-java-sdk-networkmanager-1.12.429.jar;C:\Users\danil\.m2\repository\com\amazonaws\aws-java-sdk-computeoptimizer\1.12.429\aws-java-sdk-computeoptimizer-1.12.429.jar;C:\Users\danil\.m2\repository\com\amazonaws\aws-java-sdk-accessanalyzer\1.12.429\aws-java-sdk-accessanalyzer-1.12.429.jar;C:\Users\danil\.m2\repository\com\amazonaws\aws-java-sdk-schemas\1.12.429\aws-java-sdk-schemas-1.12.429.jar;C:\Users\danil\.m2\repository\com\amazonaws\aws-java-sdk-imagebuilder\1.12.429\aws-java-sdk-imagebuilder-1.12.429.jar;C:\Users\danil\.m2\repository\com\amazonaws\aws-java-sdk-elasticinference\1.12.429\aws-java-sdk-elasticinference-1.12.429.jar;C:\Users\danil\.m2\repository\com\amazonaws\aws-java-sdk-iotsecuretunneling\1.12.429\aws-java-sdk-iotsecuretunneling-1.12.429.jar;C:\Users\danil\.m2\repository\com\amazonaws\aws-java-sdk-appconfig\1.12.429\aws-java-sdk-appconfig-1.12.429.jar;C:\Users\danil\.m2\repository\com\amazonaws\aws-java-sdk-wafv2\1.12.429\aws-java-sdk-wafv2-1.12.429.jar;C:\Users\danil\.m2\repository\com\amazonaws\aws-java-sdk-connectparticipant\1.12.429\aws-java-sdk-connectparticipant-1.12.429.jar;C:\Users\danil\.m2\repository\com\amazonaws\aws-java-sdk-migrationhubconfig\1.12.429\aws-java-sdk-migrationhubconfig-1.12.429.jar;C:\Users\danil\.m2\repository\com\amazonaws\aws-java-sdk-dataexchange\1.12.429\aws-java-sdk-dataexchange-1.12.429.jar;C:\Users\danil\.m2\repository\com\amazonaws\aws-java-sdk-sesv2\1.12.429\aws-java-sdk-sesv2-1.12.429.jar;C:\Users\danil\.m2\repository\com\amazonaws\aws-java-sdk-marketplacecatalog\1.12.429\aws-java-sdk-marketplacecatalog-1.12.429.jar;C:\Users\danil\.m2\repository\com\amazonaws\aws-java-sdk-ssooidc\1.12.429\aws-java-sdk-ssooidc-1.12.429.jar;C:\Users\danil\.m2\repository\com\amazonaws\aws-java-sdk-sso\1.12.429\aws-java-sdk-sso-1.12.429.jar;C:\Users\danil\.m2\repository\com\amazonaws\aws-java-sdk-savingsplans\1.12.429\aws-java-sdk-savingsplans-1.12.429.jar;C:\Users\danil\.m2\repository\com\amazonaws\aws-java-sdk-codestarnotifications\1.12.429\aws-java-sdk-codestarnotifications-1.12.429.jar;C:\Users\danil\.m2\repository\com\amazonaws\aws-java-sdk-workmailmessageflow\1.12.429\aws-java-sdk-workmailmessageflow-1.12.429.jar;C:\Users\danil\.m2\repository\com\amazonaws\aws-java-sdk-qldbsession\1.12.429\aws-java-sdk-qldbsession-1.12.429.jar;C:\Users\danil\.m2\repository\com\amazonaws\aws-java-sdk-qldb\1.12.429\aws-java-sdk-qldb-1.12.429.jar;C:\Users\danil\.m2\repository\com\amazonaws\aws-java-sdk-forecastquery\1.12.429\aws-java-sdk-forecastquery-1.12.429.jar;C:\Users\danil\.m2\repository\com\amazonaws\aws-java-sdk-forecast\1.12.429\aws-java-sdk-forecast-1.12.429.jar;C:\Users\danil\.m2\repository\com\amazonaws\aws-java-sdk-lakeformation\1.12.429\aws-java-sdk-lakeformation-1.12.429.jar;C:\Users\danil\.m2\repository\com\amazonaws\aws-java-sdk-eventbridge\1.12.429\aws-java-sdk-eventbridge-1.12.429.jar;C:\Users\danil\.m2\repository\com\amazonaws\aws-java-sdk-ec2instanceconnect\1.12.429\aws-java-sdk-ec2instanceconnect-1.12.429.jar;C:\Users\danil\.m2\repository\com\amazonaws\aws-java-sdk-applicationinsights\1.12.429\aws-java-sdk-applicationinsights-1.12.429.jar;C:\Users\danil\.m2\repository\com\amazonaws\aws-java-sdk-servicequotas\1.12.429\aws-java-sdk-servicequotas-1.12.429.jar;C:\Users\danil\.m2\repository\com\amazonaws\aws-java-sdk-personalizeevents\1.12.429\aws-java-sdk-personalizeevents-1.12.429.jar;C:\Users\danil\.m2\repository\com\amazonaws\aws-java-sdk-personalize\1.12.429\aws-java-sdk-personalize-1.12.429.jar;C:\Users\danil\.m2\repository\com\amazonaws\aws-java-sdk-personalizeruntime\1.12.429\aws-java-sdk-personalizeruntime-1.12.429.jar;C:\Users\danil\.m2\repository\com\amazonaws\aws-java-sdk-ioteventsdata\1.12.429\aws-java-sdk-ioteventsdata-1.12.429.jar;C:\Users\danil\.m2\repository\com\amazonaws\aws-java-sdk-iotevents\1.12.429\aws-java-sdk-iotevents-1.12.429.jar;C:\Users\danil\.m2\repository\com\amazonaws\aws-java-sdk-iotthingsgraph\1.12.429\aws-java-sdk-iotthingsgraph-1.12.429.jar;C:\Users\danil\.m2\repository\com\amazonaws\aws-java-sdk-groundstation\1.12.429\aws-java-sdk-groundstation-1.12.429.jar;C:\Users\danil\.m2\repository\com\amazonaws\aws-java-sdk-mediapackagevod\1.12.429\aws-java-sdk-mediapackagevod-1.12.429.jar;C:\Users\danil\.m2\repository\com\amazonaws\aws-java-sdk-managedblockchain\1.12.429\aws-java-sdk-managedblockchain-1.12.429.jar;C:\Users\danil\.m2\repository\com\amazonaws\aws-java-sdk-textract\1.12.429\aws-java-sdk-textract-1.12.429.jar;C:\Users\danil\.m2\repository\com\amazonaws\aws-java-sdk-worklink\1.12.429\aws-java-sdk-worklink-1.12.429.jar;C:\Users\danil\.m2\repository\com\amazonaws\aws-java-sdk-backup\1.12.429\aws-java-sdk-backup-1.12.429.jar;C:\Users\danil\.m2\repository\com\amazonaws\aws-java-sdk-docdb\1.12.429\aws-java-sdk-docdb-1.12.429.jar;C:\Users\danil\.m2\repository\com\amazonaws\aws-java-sdk-apigatewayv2\1.12.429\aws-java-sdk-apigatewayv2-1.12.429.jar;C:\Users\danil\.m2\repository\com\amazonaws\aws-java-sdk-apigatewaymanagementapi\1.12.429\aws-java-sdk-apigatewaymanagementapi-1.12.429.jar;C:\Users\danil\.m2\repository\com\amazonaws\aws-java-sdk-kafka\1.12.429\aws-java-sdk-kafka-1.12.429.jar;C:\Users\danil\.m2\repository\com\amazonaws\aws-java-sdk-appmesh\1.12.429\aws-java-sdk-appmesh-1.12.429.jar;C:\Users\danil\.m2\repository\com\amazonaws\aws-java-sdk-licensemanager\1.12.429\aws-java-sdk-licensemanager-1.12.429.jar;C:\Users\danil\.m2\repository\com\amazonaws\aws-java-sdk-securityhub\1.12.429\aws-java-sdk-securityhub-1.12.429.jar;C:\Users\danil\.m2\repository\com\amazonaws\aws-java-sdk-fsx\1.12.429\aws-java-sdk-fsx-1.12.429.jar;C:\Users\danil\.m2\repository\com\amazonaws\aws-java-sdk-mediaconnect\1.12.429\aws-java-sdk-mediaconnect-1.12.429.jar;C:\Users\danil\.m2\repository\com\amazonaws\aws-java-sdk-kinesisanalyticsv2\1.12.429\aws-java-sdk-kinesisanalyticsv2-1.12.429.jar;C:\Users\danil\.m2\repository\com\amazonaws\aws-java-sdk-comprehendmedical\1.12.429\aws-java-sdk-comprehendmedical-1.12.429.jar;C:\Users\danil\.m2\repository\com\amazonaws\aws-java-sdk-globalaccelerator\1.12.429\aws-java-sdk-globalaccelerator-1.12.429.jar;C:\Users\danil\.m2\repository\com\amazonaws\aws-java-sdk-transfer\1.12.429\aws-java-sdk-transfer-1.12.429.jar;C:\Users\danil\.m2\repository\com\amazonaws\aws-java-sdk-datasync\1.12.429\aws-java-sdk-datasync-1.12.429.jar;C:\Users\danil\.m2\repository\com\amazonaws\aws-java-sdk-robomaker\1.12.429\aws-java-sdk-robomaker-1.12.429.jar;C:\Users\danil\.m2\repository\com\amazonaws\aws-java-sdk-amplify\1.12.429\aws-java-sdk-amplify-1.12.429.jar;C:\Users\danil\.m2\repository\com\amazonaws\aws-java-sdk-quicksight\1.12.429\aws-java-sdk-quicksight-1.12.429.jar;C:\Users\danil\.m2\repository\com\amazonaws\aws-java-sdk-rdsdata\1.12.429\aws-java-sdk-rdsdata-1.12.429.jar;C:\Users\danil\.m2\repository\com\amazonaws\aws-java-sdk-route53resolver\1.12.429\aws-java-sdk-route53resolver-1.12.429.jar;C:\Users\danil\.m2\repository\com\amazonaws\aws-java-sdk-ram\1.12.429\aws-java-sdk-ram-1.12.429.jar;C:\Users\danil\.m2\repository\com\amazonaws\aws-java-sdk-s3control\1.12.429\aws-java-sdk-s3control-1.12.429.jar;C:\Users\danil\.m2\repository\com\amazonaws\aws-java-sdk-pinpointsmsvoice\1.12.429\aws-java-sdk-pinpointsmsvoice-1.12.429.jar;C:\Users\danil\.m2\repository\com\amazonaws\aws-java-sdk-pinpointemail\1.12.429\aws-java-sdk-pinpointemail-1.12.429.jar;C:\Users\danil\.m2\repository\com\amazonaws\aws-java-sdk-chime\1.12.429\aws-java-sdk-chime-1.12.429.jar;C:\Users\danil\.m2\repository\com\amazonaws\aws-java-sdk-signer\1.12.429\aws-java-sdk-signer-1.12.429.jar;C:\Users\danil\.m2\repository\com\amazonaws\aws-java-sdk-dlm\1.12.429\aws-java-sdk-dlm-1.12.429.jar;C:\Users\danil\.m2\repository\com\amazonaws\aws-java-sdk-macie\1.12.429\aws-java-sdk-macie-1.12.429.jar;C:\Users\danil\.m2\repository\com\amazonaws\aws-java-sdk-eks\1.12.429\aws-java-sdk-eks-1.12.429.jar;C:\Users\danil\.m2\repository\com\amazonaws\aws-java-sdk-mediatailor\1.12.429\aws-java-sdk-mediatailor-1.12.429.jar;C:\Users\danil\.m2\repository\com\amazonaws\aws-java-sdk-neptune\1.12.429\aws-java-sdk-neptune-1.12.429.jar;C:\Users\danil\.m2\repository\com\amazonaws\aws-java-sdk-pi\1.12.429\aws-java-sdk-pi-1.12.429.jar;C:\Users\danil\.m2\repository\com\amazonaws\aws-java-sdk-iot1clickprojects\1.12.429\aws-java-sdk-iot1clickprojects-1.12.429.jar;C:\Users\danil\.m2\repository\com\amazonaws\aws-java-sdk-iot1clickdevices\1.12.429\aws-java-sdk-iot1clickdevices-1.12.429.jar;C:\Users\danil\.m2\repository\com\amazonaws\aws-java-sdk-iotanalytics\1.12.429\aws-java-sdk-iotanalytics-1.12.429.jar;C:\Users\danil\.m2\repository\com\amazonaws\aws-java-sdk-acmpca\1.12.429\aws-java-sdk-acmpca-1.12.429.jar;C:\Users\danil\.m2\repository\com\amazonaws\aws-java-sdk-secretsmanager\1.12.429\aws-java-sdk-secretsmanager-1.12.429.jar;C:\Users\danil\.m2\repository\com\amazonaws\aws-java-sdk-fms\1.12.429\aws-java-sdk-fms-1.12.429.jar;C:\Users\danil\.m2\repository\com\amazonaws\aws-java-sdk-connect\1.12.429\aws-java-sdk-connect-1.12.429.jar;C:\Users\danil\.m2\repository\com\amazonaws\aws-java-sdk-transcribe\1.12.429\aws-java-sdk-transcribe-1.12.429.jar;C:\Users\danil\.m2\repository\com\amazonaws\aws-java-sdk-autoscalingplans\1.12.429\aws-java-sdk-autoscalingplans-1.12.429.jar;C:\Users\danil\.m2\repository\com\amazonaws\aws-java-sdk-workmail\1.12.429\aws-java-sdk-workmail-1.12.429.jar;C:\Users\danil\.m2\repository\com\amazonaws\aws-java-sdk-servicediscovery\1.12.429\aws-java-sdk-servicediscovery-1.12.429.jar;C:\Users\danil\.m2\repository\com\amazonaws\aws-java-sdk-cloud9\1.12.429\aws-java-sdk-cloud9-1.12.429.jar;C:\Users\danil\.m2\repository\com\amazonaws\aws-java-sdk-serverlessapplicationrepository\1.12.429\aws-java-sdk-serverlessapplicationrepository-1.12.429.jar;C:\Users\danil\.m2\repository\com\amazonaws\aws-java-sdk-alexaforbusiness\1.12.429\aws-java-sdk-alexaforbusiness-1.12.429.jar;C:\Users\danil\.m2\repository\com\amazonaws\aws-java-sdk-resourcegroups\1.12.429\aws-java-sdk-resourcegroups-1.12.429.jar;C:\Users\danil\.m2\repository\com\amazonaws\aws-java-sdk-comprehend\1.12.429\aws-java-sdk-comprehend-1.12.429.jar;C:\Users\danil\.m2\repository\com\amazonaws\aws-java-sdk-translate\1.12.429\aws-java-sdk-translate-1.12.429.jar;C:\Users\danil\.m2\repository\com\amazonaws\aws-java-sdk-sagemaker\1.12.429\aws-java-sdk-sagemaker-1.12.429.jar;C:\Users\danil\.m2\repository\com\amazonaws\aws-java-sdk-iotjobsdataplane\1.12.429\aws-java-sdk-iotjobsdataplane-1.12.429.jar;C:\Users\danil\.m2\repository\com\amazonaws\aws-java-sdk-sagemakerruntime\1.12.429\aws-java-sdk-sagemakerruntime-1.12.429.jar;C:\Users\danil\.m2\repository\com\amazonaws\aws-java-sdk-kinesisvideo\1.12.429\aws-java-sdk-kinesisvideo-1.12.429.jar;C:\Users\danil\.m2\repository\io\netty\netty-codec-http\4.1.114.Final\netty-codec-http-4.1.114.Final.jar;C:\Users\danil\.m2\repository\io\netty\netty-common\4.1.114.Final\netty-common-4.1.114.Final.jar;C:\Users\danil\.m2\repository\io\netty\netty-buffer\4.1.114.Final\netty-buffer-4.1.114.Final.jar;C:\Users\danil\.m2\repository\io\netty\netty-transport\4.1.114.Final\netty-transport-4.1.114.Final.jar;C:\Users\danil\.m2\repository\io\netty\netty-codec\4.1.114.Final\netty-codec-4.1.114.Final.jar;C:\Users\danil\.m2\repository\io\netty\netty-handler\4.1.114.Final\netty-handler-4.1.114.Final.jar;C:\Users\danil\.m2\repository\io\netty\netty-resolver\4.1.114.Final\netty-resolver-4.1.114.Final.jar;C:\Users\danil\.m2\repository\io\netty\netty-transport-native-unix-common\4.1.114.Final\netty-transport-native-unix-common-4.1.114.Final.jar;C:\Users\danil\.m2\repository\com\amazonaws\aws-java-sdk-appsync\1.12.429\aws-java-sdk-appsync-1.12.429.jar;C:\Users\danil\.m2\repository\com\amazonaws\aws-java-sdk-guardduty\1.12.429\aws-java-sdk-guardduty-1.12.429.jar;C:\Users\danil\.m2\repository\com\amazonaws\aws-java-sdk-mq\1.12.429\aws-java-sdk-mq-1.12.429.jar;C:\Users\danil\.m2\repository\com\amazonaws\aws-java-sdk-mediaconvert\1.12.429\aws-java-sdk-mediaconvert-1.12.429.jar;C:\Users\danil\.m2\repository\com\amazonaws\aws-java-sdk-mediastore\1.12.429\aws-java-sdk-mediastore-1.12.429.jar;C:\Users\danil\.m2\repository\com\amazonaws\aws-java-sdk-mediastoredata\1.12.429\aws-java-sdk-mediastoredata-1.12.429.jar;C:\Users\danil\.m2\repository\com\amazonaws\aws-java-sdk-medialive\1.12.429\aws-java-sdk-medialive-1.12.429.jar;C:\Users\danil\.m2\repository\com\amazonaws\aws-java-sdk-mediapackage\1.12.429\aws-java-sdk-mediapackage-1.12.429.jar;C:\Users\danil\.m2\repository\com\amazonaws\aws-java-sdk-costexplorer\1.12.429\aws-java-sdk-costexplorer-1.12.429.jar;C:\Users\danil\.m2\repository\com\amazonaws\aws-java-sdk-pricing\1.12.429\aws-java-sdk-pricing-1.12.429.jar;C:\Users\danil\.m2\repository\com\amazonaws\aws-java-sdk-mobile\1.12.429\aws-java-sdk-mobile-1.12.429.jar;C:\Users\danil\.m2\repository\com\amazonaws\aws-java-sdk-cloudhsmv2\1.12.429\aws-java-sdk-cloudhsmv2-1.12.429.jar;C:\Users\danil\.m2\repository\com\amazonaws\aws-java-sdk-glue\1.12.429\aws-java-sdk-glue-1.12.429.jar;C:\Users\danil\.m2\repository\com\amazonaws\aws-java-sdk-migrationhub\1.12.429\aws-java-sdk-migrationhub-1.12.429.jar;C:\Users\danil\.m2\repository\com\amazonaws\aws-java-sdk-dax\1.12.429\aws-java-sdk-dax-1.12.429.jar;C:\Users\danil\.m2\repository\com\amazonaws\aws-java-sdk-greengrass\1.12.429\aws-java-sdk-greengrass-1.12.429.jar;C:\Users\danil\.m2\repository\com\amazonaws\aws-java-sdk-athena\1.12.429\aws-java-sdk-athena-1.12.429.jar;C:\Users\danil\.m2\repository\com\amazonaws\aws-java-sdk-marketplaceentitlement\1.12.429\aws-java-sdk-marketplaceentitlement-1.12.429.jar;C:\Users\danil\.m2\repository\com\amazonaws\aws-java-sdk-codestar\1.12.429\aws-java-sdk-codestar-1.12.429.jar;C:\Users\danil\.m2\repository\com\amazonaws\aws-java-sdk-lexmodelbuilding\1.12.429\aws-java-sdk-lexmodelbuilding-1.12.429.jar;C:\Users\danil\.m2\repository\com\amazonaws\aws-java-sdk-resourcegroupstaggingapi\1.12.429\aws-java-sdk-resourcegroupstaggingapi-1.12.429.jar;C:\Users\danil\.m2\repository\com\amazonaws\aws-java-sdk-pinpoint\1.12.429\aws-java-sdk-pinpoint-1.12.429.jar;C:\Users\danil\.m2\repository\com\amazonaws\aws-java-sdk-xray\1.12.429\aws-java-sdk-xray-1.12.429.jar;C:\Users\danil\.m2\repository\com\amazonaws\aws-java-sdk-opsworkscm\1.12.429\aws-java-sdk-opsworkscm-1.12.429.jar;C:\Users\danil\.m2\repository\com\amazonaws\aws-java-sdk-support\1.12.429\aws-java-sdk-support-1.12.429.jar;C:\Users\danil\.m2\repository\com\amazonaws\aws-java-sdk-simpledb\1.12.429\aws-java-sdk-simpledb-1.12.429.jar;C:\Users\danil\.m2\repository\com\amazonaws\aws-java-sdk-servicecatalog\1.12.429\aws-java-sdk-servicecatalog-1.12.429.jar;C:\Users\danil\.m2\repository\com\amazonaws\aws-java-sdk-servermigration\1.12.429\aws-java-sdk-servermigration-1.12.429.jar;C:\Users\danil\.m2\repository\com\amazonaws\aws-java-sdk-simpleworkflow\1.12.429\aws-java-sdk-simpleworkflow-1.12.429.jar;C:\Users\danil\.m2\repository\com\amazonaws\aws-java-sdk-storagegateway\1.12.429\aws-java-sdk-storagegateway-1.12.429.jar;C:\Users\danil\.m2\repository\com\amazonaws\aws-java-sdk-route53\1.12.429\aws-java-sdk-route53-1.12.429.jar;C:\Users\danil\.m2\repository\com\amazonaws\aws-java-sdk-s3\1.12.429\aws-java-sdk-s3-1.12.429.jar;C:\Users\danil\.m2\repository\com\amazonaws\aws-java-sdk-importexport\1.12.429\aws-java-sdk-importexport-1.12.429.jar;C:\Users\danil\.m2\repository\com\amazonaws\aws-java-sdk-sts\1.12.429\aws-java-sdk-sts-1.12.429.jar;C:\Users\danil\.m2\repository\com\amazonaws\aws-java-sdk-sqs\1.12.429\aws-java-sdk-sqs-1.12.429.jar;C:\Users\danil\.m2\repository\com\amazonaws\aws-java-sdk-rds\1.12.429\aws-java-sdk-rds-1.12.429.jar;C:\Users\danil\.m2\repository\com\amazonaws\aws-java-sdk-redshift\1.12.429\aws-java-sdk-redshift-1.12.429.jar;C:\Users\danil\.m2\repository\com\amazonaws\aws-java-sdk-elasticbeanstalk\1.12.429\aws-java-sdk-elasticbeanstalk-1.12.429.jar;C:\Users\danil\.m2\repository\com\amazonaws\aws-java-sdk-glacier\1.12.429\aws-java-sdk-glacier-1.12.429.jar;C:\Users\danil\.m2\repository\com\amazonaws\aws-java-sdk-iam\1.12.429\aws-java-sdk-iam-1.12.429.jar;C:\Users\danil\.m2\repository\com\amazonaws\aws-java-sdk-datapipeline\1.12.429\aws-java-sdk-datapipeline-1.12.429.jar;C:\Users\danil\.m2\repository\com\amazonaws\aws-java-sdk-elasticloadbalancing\1.12.429\aws-java-sdk-elasticloadbalancing-1.12.429.jar;C:\Users\danil\.m2\repository\com\amazonaws\aws-java-sdk-elasticloadbalancingv2\1.12.429\aws-java-sdk-elasticloadbalancingv2-1.12.429.jar;C:\Users\danil\.m2\repository\com\amazonaws\aws-java-sdk-emr\1.12.429\aws-java-sdk-emr-1.12.429.jar;C:\Users\danil\.m2\repository\com\amazonaws\aws-java-sdk-elasticache\1.12.429\aws-java-sdk-elasticache-1.12.429.jar;C:\Users\danil\.m2\repository\com\amazonaws\aws-java-sdk-elastictranscoder\1.12.429\aws-java-sdk-elastictranscoder-1.12.429.jar;C:\Users\danil\.m2\repository\com\amazonaws\aws-java-sdk-ec2\1.12.429\aws-java-sdk-ec2-1.12.429.jar;C:\Users\danil\.m2\repository\com\amazonaws\aws-java-sdk-dynamodb\1.12.429\aws-java-sdk-dynamodb-1.12.429.jar;C:\Users\danil\.m2\repository\com\amazonaws\aws-java-sdk-sns\1.12.429\aws-java-sdk-sns-1.12.429.jar;C:\Users\danil\.m2\repository\com\amazonaws\aws-java-sdk-budgets\1.12.429\aws-java-sdk-budgets-1.12.429.jar;C:\Users\danil\.m2\repository\com\amazonaws\aws-java-sdk-cloudtrail\1.12.429\aws-java-sdk-cloudtrail-1.12.429.jar;C:\Users\danil\.m2\repository\com\amazonaws\aws-java-sdk-cloudwatch\1.12.429\aws-java-sdk-cloudwatch-1.12.429.jar;C:\Users\danil\.m2\repository\com\amazonaws\aws-java-sdk-logs\1.12.429\aws-java-sdk-logs-1.12.429.jar;C:\Users\danil\.m2\repository\com\amazonaws\aws-java-sdk-events\1.12.429\aws-java-sdk-events-1.12.429.jar;C:\Users\danil\.m2\repository\com\amazonaws\aws-java-sdk-cognitoidentity\1.12.429\aws-java-sdk-cognitoidentity-1.12.429.jar;C:\Users\danil\.m2\repository\com\amazonaws\aws-java-sdk-cognitosync\1.12.429\aws-java-sdk-cognitosync-1.12.429.jar;C:\Users\danil\.m2\repository\com\amazonaws\aws-java-sdk-directconnect\1.12.429\aws-java-sdk-directconnect-1.12.429.jar;C:\Users\danil\.m2\repository\com\amazonaws\aws-java-sdk-cloudformation\1.12.429\aws-java-sdk-cloudformation-1.12.429.jar;C:\Users\danil\.m2\repository\com\amazonaws\aws-java-sdk-cloudfront\1.12.429\aws-java-sdk-cloudfront-1.12.429.jar;C:\Users\danil\.m2\repository\com\amazonaws\aws-java-sdk-clouddirectory\1.12.429\aws-java-sdk-clouddirectory-1.12.429.jar;C:\Users\danil\.m2\repository\com\amazonaws\aws-java-sdk-kinesis\1.12.429\aws-java-sdk-kinesis-1.12.429.jar;C:\Users\danil\.m2\repository\com\amazonaws\aws-java-sdk-opsworks\1.12.429\aws-java-sdk-opsworks-1.12.429.jar;C:\Users\danil\.m2\repository\com\amazonaws\aws-java-sdk-ses\1.12.429\aws-java-sdk-ses-1.12.429.jar;C:\Users\danil\.m2\repository\com\amazonaws\aws-java-sdk-autoscaling\1.12.429\aws-java-sdk-autoscaling-1.12.429.jar;C:\Users\danil\.m2\repository\com\amazonaws\aws-java-sdk-cloudsearch\1.12.429\aws-java-sdk-cloudsearch-1.12.429.jar;C:\Users\danil\.m2\repository\com\amazonaws\aws-java-sdk-cloudwatchmetrics\1.12.429\aws-java-sdk-cloudwatchmetrics-1.12.429.jar;C:\Users\danil\.m2\repository\com\amazonaws\aws-java-sdk-codedeploy\1.12.429\aws-java-sdk-codedeploy-1.12.429.jar;C:\Users\danil\.m2\repository\com\amazonaws\aws-java-sdk-codepipeline\1.12.429\aws-java-sdk-codepipeline-1.12.429.jar;C:\Users\danil\.m2\repository\com\amazonaws\aws-java-sdk-kms\1.12.429\aws-java-sdk-kms-1.12.429.jar;C:\Users\danil\.m2\repository\com\amazonaws\aws-java-sdk-config\1.12.429\aws-java-sdk-config-1.12.429.jar;C:\Users\danil\.m2\repository\com\amazonaws\aws-java-sdk-lambda\1.12.429\aws-java-sdk-lambda-1.12.429.jar;C:\Users\danil\.m2\repository\com\amazonaws\aws-java-sdk-ecs\1.12.429\aws-java-sdk-ecs-1.12.429.jar;C:\Users\danil\.m2\repository\com\amazonaws\aws-java-sdk-ecr\1.12.429\aws-java-sdk-ecr-1.12.429.jar;C:\Users\danil\.m2\repository\com\amazonaws\aws-java-sdk-cloudhsm\1.12.429\aws-java-sdk-cloudhsm-1.12.429.jar;C:\Users\danil\.m2\repository\com\amazonaws\aws-java-sdk-ssm\1.12.429\aws-java-sdk-ssm-1.12.429.jar;C:\Users\danil\.m2\repository\com\amazonaws\aws-java-sdk-workspaces\1.12.429\aws-java-sdk-workspaces-1.12.429.jar;C:\Users\danil\.m2\repository\com\amazonaws\aws-java-sdk-machinelearning\1.12.429\aws-java-sdk-machinelearning-1.12.429.jar;C:\Users\danil\.m2\repository\com\amazonaws\aws-java-sdk-directory\1.12.429\aws-java-sdk-directory-1.12.429.jar;C:\Users\danil\.m2\repository\com\amazonaws\aws-java-sdk-efs\1.12.429\aws-java-sdk-efs-1.12.429.jar;C:\Users\danil\.m2\repository\com\amazonaws\aws-java-sdk-codecommit\1.12.429\aws-java-sdk-codecommit-1.12.429.jar;C:\Users\danil\.m2\repository\com\amazonaws\aws-java-sdk-devicefarm\1.12.429\aws-java-sdk-devicefarm-1.12.429.jar;C:\Users\danil\.m2\repository\com\amazonaws\aws-java-sdk-elasticsearch\1.12.429\aws-java-sdk-elasticsearch-1.12.429.jar;C:\Users\danil\.m2\repository\com\amazonaws\aws-java-sdk-waf\1.12.429\aws-java-sdk-waf-1.12.429.jar;C:\Users\danil\.m2\repository\com\amazonaws\aws-java-sdk-marketplacecommerceanalytics\1.12.429\aws-java-sdk-marketplacecommerceanalytics-1.12.429.jar;C:\Users\danil\.m2\repository\com\amazonaws\aws-java-sdk-inspector\1.12.429\aws-java-sdk-inspector-1.12.429.jar;C:\Users\danil\.m2\repository\com\amazonaws\aws-java-sdk-iot\1.12.429\aws-java-sdk-iot-1.12.429.jar;C:\Users\danil\.m2\repository\com\amazonaws\aws-java-sdk-api-gateway\1.12.429\aws-java-sdk-api-gateway-1.12.429.jar;C:\Users\danil\.m2\repository\com\amazonaws\aws-java-sdk-acm\1.12.429\aws-java-sdk-acm-1.12.429.jar;C:\Users\danil\.m2\repository\com\amazonaws\aws-java-sdk-gamelift\1.12.429\aws-java-sdk-gamelift-1.12.429.jar;C:\Users\danil\.m2\repository\com\amazonaws\aws-java-sdk-dms\1.12.429\aws-java-sdk-dms-1.12.429.jar;C:\Users\danil\.m2\repository\com\amazonaws\aws-java-sdk-marketplacemeteringservice\1.12.429\aws-java-sdk-marketplacemeteringservice-1.12.429.jar;C:\Users\danil\.m2\repository\com\amazonaws\aws-java-sdk-cognitoidp\1.12.429\aws-java-sdk-cognitoidp-1.12.429.jar;C:\Users\danil\.m2\repository\com\amazonaws\aws-java-sdk-discovery\1.12.429\aws-java-sdk-discovery-1.12.429.jar;C:\Users\danil\.m2\repository\com\amazonaws\aws-java-sdk-applicationautoscaling\1.12.429\aws-java-sdk-applicationautoscaling-1.12.429.jar;C:\Users\danil\.m2\repository\com\amazonaws\aws-java-sdk-snowball\1.12.429\aws-java-sdk-snowball-1.12.429.jar;C:\Users\danil\.m2\repository\com\amazonaws\aws-java-sdk-rekognition\1.12.429\aws-java-sdk-rekognition-1.12.429.jar;C:\Users\danil\.m2\repository\com\amazonaws\aws-java-sdk-polly\1.12.429\aws-java-sdk-polly-1.12.429.jar;C:\Users\danil\.m2\repository\com\amazonaws\aws-java-sdk-lightsail\1.12.429\aws-java-sdk-lightsail-1.12.429.jar;C:\Users\danil\.m2\repository\com\amazonaws\aws-java-sdk-stepfunctions\1.12.429\aws-java-sdk-stepfunctions-1.12.429.jar;C:\Users\danil\.m2\repository\com\amazonaws\aws-java-sdk-health\1.12.429\aws-java-sdk-health-1.12.429.jar;C:\Users\danil\.m2\repository\com\amazonaws\aws-java-sdk-costandusagereport\1.12.429\aws-java-sdk-costandusagereport-1.12.429.jar;C:\Users\danil\.m2\repository\com\amazonaws\aws-java-sdk-codebuild\1.12.429\aws-java-sdk-codebuild-1.12.429.jar;C:\Users\danil\.m2\repository\com\amazonaws\aws-java-sdk-appstream\1.12.429\aws-java-sdk-appstream-1.12.429.jar;C:\Users\danil\.m2\repository\com\amazonaws\aws-java-sdk-shield\1.12.429\aws-java-sdk-shield-1.12.429.jar;C:\Users\danil\.m2\repository\com\amazonaws\aws-java-sdk-batch\1.12.429\aws-java-sdk-batch-1.12.429.jar;C:\Users\danil\.m2\repository\com\amazonaws\aws-java-sdk-lex\1.12.429\aws-java-sdk-lex-1.12.429.jar;C:\Users\danil\.m2\repository\com\amazonaws\aws-java-sdk-mechanicalturkrequester\1.12.429\aws-java-sdk-mechanicalturkrequester-1.12.429.jar;C:\Users\danil\.m2\repository\com\amazonaws\aws-java-sdk-organizations\1.12.429\aws-java-sdk-organizations-1.12.429.jar;C:\Users\danil\.m2\repository\com\amazonaws\aws-java-sdk-workdocs\1.12.429\aws-java-sdk-workdocs-1.12.429.jar;C:\Users\danil\.m2\repository\com\amazonaws\aws-java-sdk-core\1.12.429\aws-java-sdk-core-1.12.429.jar;C:\Users\danil\.m2\repository\commons-logging\commons-logging\1.1.3\commons-logging-1.1.3.jar;C:\Users\danil\.m2\repository\commons-codec\commons-codec\1.16.1\commons-codec-1.16.1.jar;C:\Users\danil\.m2\repository\org\apache\httpcomponents\httpclient\4.5.13\httpclient-4.5.13.jar;C:\Users\danil\.m2\repository\org\apache\httpcomponents\httpcore\4.4.16\httpcore-4.4.16.jar;C:\Users\danil\.m2\repository\software\amazon\ion\ion-java\1.0.2\ion-java-1.0.2.jar;C:\Users\danil\.m2\repository\com\fasterxml\jackson\dataformat\jackson-dataformat-cbor\2.17.2\jackson-dataformat-cbor-2.17.2.jar;C:\Users\danil\.m2\repository\joda-time\joda-time\2.8.1\joda-time-2.8.1.jar;C:\Users\danil\.m2\repository\com\amazonaws\aws-java-sdk-models\1.12.429\aws-java-sdk-models-1.12.429.jar;C:\Users\danil\.m2\repository\com\amazonaws\aws-java-sdk-swf-libraries\1.11.22\aws-java-sdk-swf-libraries-1.11.22.jar;C:\Users\danil\.m2\repository\javax\xml\bind\jaxb-api\2.3.1\jaxb-api-2.3.1.jar;C:\Users\danil\.m2\repository\javax\activation\javax.activation-api\1.2.0\javax.activation-api-1.2.0.jar;C:\Users\danil\.m2\repository\com\zaxxer\HikariCP\5.1.0\HikariCP-5.1.0.jar;C:\Users\danil\.m2\repository\org\slf4j\slf4j-api\2.0.16\slf4j-api-2.0.16.jar;C:\Users\danil\.m2\repository\org\springframework\boot\spring-boot-configuration-processor\3.3.5\spring-boot-configuration-processor-3.3.5.jar;C:\Users\danil\.m2\repository\org\projectlombok\lombok\1.18.34\lombok-1.18.34.jar;C:\Users\danil\.m2\repository\org\springframework\boot\spring-boot-starter-test\3.3.5\spring-boot-starter-test-3.3.5.jar;C:\Users\danil\.m2\repository\org\springframework\boot\spring-boot-test\3.3.5\spring-boot-test-3.3.5.jar;C:\Users\danil\.m2\repository\org\springframework\boot\spring-boot-test-autoconfigure\3.3.5\spring-boot-test-autoconfigure-3.3.5.jar;C:\Users\danil\.m2\repository\com\jayway\jsonpath\json-path\2.9.0\json-path-2.9.0.jar;C:\Users\danil\.m2\repository\jakarta\xml\bind\jakarta.xml.bind-api\4.0.2\jakarta.xml.bind-api-4.0.2.jar;C:\Users\danil\.m2\repository\net\minidev\json-smart\2.5.1\json-smart-2.5.1.jar;C:\Users\danil\.m2\repository\net\minidev\accessors-smart\2.5.1\accessors-smart-2.5.1.jar;C:\Users\danil\.m2\repository\org\ow2\asm\asm\9.6\asm-9.6.jar;C:\Users\danil\.m2\repository\org\assertj\assertj-core\3.25.3\assertj-core-3.25.3.jar;C:\Users\danil\.m2\repository\org\awaitility\awaitility\4.2.2\awaitility-4.2.2.jar;C:\Users\danil\.m2\repository\org\hamcrest\hamcrest\2.2\hamcrest-2.2.jar;C:\Users\danil\.m2\repository\org\junit\jupiter\junit-jupiter\5.10.5\junit-jupiter-5.10.5.jar;C:\Users\danil\.m2\repository\org\junit\jupiter\junit-jupiter-api\5.10.5\junit-jupiter-api-5.10.5.jar;C:\Users\danil\.m2\repository\org\opentest4j\opentest4j\1.3.0\opentest4j-1.3.0.jar;C:\Users\danil\.m2\repository\org\junit\platform\junit-platform-commons\1.10.5\junit-platform-commons-1.10.5.jar;C:\Users\danil\.m2\repository\org\apiguardian\apiguardian-api\1.1.2\apiguardian-api-1.1.2.jar;C:\Users\danil\.m2\repository\org\junit\jupiter\junit-jupiter-params\5.10.5\junit-jupiter-params-5.10.5.jar;C:\Users\danil\.m2\repository\org\junit\jupiter\junit-jupiter-engine\5.10.5\junit-jupiter-engine-5.10.5.jar;C:\Users\danil\.m2\repository\org\junit\platform\junit-platform-engine\1.10.5\junit-platform-engine-1.10.5.jar;C:\Users\danil\.m2\repository\org\mockito\mockito-core\5.11.0\mockito-core-5.11.0.jar;C:\Users\danil\.m2\repository\net\bytebuddy\byte-buddy-agent\1.14.19\byte-buddy-agent-1.14.19.jar;C:\Users\danil\.m2\repository\org\objenesis\objenesis\3.3\objenesis-3.3.jar;C:\Users\danil\.m2\repository\org\mockito\mockito-junit-jupiter\5.11.0\mockito-junit-jupiter-5.11.0.jar;C:\Users\danil\.m2\repository\org\skyscreamer\jsonassert\1.5.3\jsonassert-1.5.3.jar;C:\Users\danil\.m2\repository\com\vaadin\external\google\android-json\0.0.20131108.vaadin1\android-json-0.0.20131108.vaadin1.jar;C:\Users\danil\.m2\repository\org\springframework\spring-test\6.1.14\spring-test-6.1.14.jar;C:\Users\danil\.m2\repository\org\xmlunit\xmlunit-core\2.9.1\xmlunit-core-2.9.1.jar;C:\Users\danil\.m2\repository\org\springframework\boot\spring-boot-testcontainers\3.3.5\spring-boot-testcontainers-3.3.5.jar;C:\Users\danil\.m2\repository\org\testcontainers\testcontainers\1.19.8\testcontainers-1.19.8.jar;C:\Users\danil\.m2\repository\junit\junit\4.13.2\junit-4.13.2.jar;C:\Users\danil\.m2\repository\org\hamcrest\hamcrest-core\2.2\hamcrest-core-2.2.jar;C:\Users\danil\.m2\repository\org\apache\commons\commons-compress\1.24.0\commons-compress-1.24.0.jar;C:\Users\danil\.m2\repository\org\rnorth\duct-tape\duct-tape\1.0.8\duct-tape-1.0.8.jar;C:\Users\danil\.m2\repository\org\jetbrains\annotations\17.0.0\annotations-17.0.0.jar;C:\Users\danil\.m2\repository\com\github\docker-java\docker-java-api\3.3.6\docker-java-api-3.3.6.jar;C:\Users\danil\.m2\repository\com\github\docker-java\docker-java-transport-zerodep\3.3.6\docker-java-transport-zerodep-3.3.6.jar;C:\Users\danil\.m2\repository\com\github\docker-java\docker-java-transport\3.3.6\docker-java-transport-3.3.6.jar;C:\Users\danil\.m2\repository\net\java\dev\jna\jna\5.13.0\jna-5.13.0.jar;C:\Users\danil\.m2\repository\org\springframework\restdocs\spring-restdocs-mockmvc\3.0.2\spring-restdocs-mockmvc-3.0.2.jar;C:\Users\danil\.m2\repository\org\springframework\restdocs\spring-restdocs-core\3.0.2\spring-restdocs-core-3.0.2.jar;C:\Users\danil\.m2\repository\jakarta\servlet\jakarta.servlet-api\6.0.0\jakarta.servlet-api-6.0.0.jar;C:\Users\danil\.m2\repository\org\testcontainers\junit-jupiter\1.19.8\junit-jupiter-1.19.8.jar;C:\Users\danil\.m2\repository\org\testcontainers\postgresql\1.19.8\postgresql-1.19.8.jar;C:\Users\danil\.m2\repository\org\testcontainers\jdbc\1.19.8\jdbc-1.19.8.jar;C:\Users\danil\.m2\repository\org\testcontainers\database-commons\1.19.8\database-commons-1.19.8.jar;"/>
    <property name="sun.cpu.endian" value="little"/>
    <property name="user.home" value="C:\Users\danil"/>
    <property name="user.language" value="ru"/>
    <property name="java.specification.vendor" value="Oracle Corporation"/>
    <property name="java.version.date" value="2024-01-16"/>
    <property name="java.home" value="C:\Users\danil\.jdks\openjdk-21.0.2"/>
    <property name="file.separator" value="\"/>
    <property name="basedir" value="C:\Users\danil\Desktop\Fintech_Course\FoodRu_MicroService"/>
    <property name="java.vm.compressedOopsMode" value="Zero based"/>
    <property name="line.separator" value="&#10;"/>
    <property name="java.vm.specification.vendor" value="Oracle Corporation"/>
    <property name="java.specification.name" value="Java Platform API Specification"/>
    <property name="FILE_LOG_CHARSET" value="UTF-8"/>
    <property name="java.awt.headless" value="true"/>
    <property name="surefire.real.class.path" value="C:\Users\danil\AppData\Local\Temp\surefire5060220970754015834\surefirebooter-20241031173313422_3.jar"/>
    <property name="user.script" value=""/>
    <property name="sun.management.compiler" value="HotSpot 64-Bit Tiered Compilers"/>
    <property name="java.runtime.version" value="21.0.2+13-58"/>
    <property name="user.name" value="danil"/>
    <property name="stdout.encoding" value="Cp1251"/>
    <property name="path.separator" value=";"/>
    <property name="os.version" value="10.0"/>
    <property name="java.runtime.name" value="OpenJDK Runtime Environment"/>
    <property name="file.encoding" value="UTF-8"/>
    <property name="java.vm.name" value="OpenJDK 64-Bit Server VM"/>
    <property name="localRepository" value="C:\Users\danil\.m2\repository"/>
    <property name="java.vendor.url.bug" value="https://bugreport.java.com/bugreport/"/>
    <property name="java.io.tmpdir" value="C:\Users\danil\AppData\Local\Temp\"/>
    <property name="idea.version" value="2024.2.3"/>
    <property name="java.version" value="21.0.2"/>
    <property name="user.dir" value="C:\Users\danil\Desktop\Fintech_Course\FoodRu_MicroService"/>
    <property name="os.arch" value="amd64"/>
    <property name="java.vm.specification.name" value="Java Virtual Machine Specification"/>
    <property name="PID" value="19916"/>
    <property name="sun.os.patch.level" value=""/>
    <property name="CONSOLE_LOG_CHARSET" value="UTF-8"/>
    <property name="native.encoding" value="Cp1251"/>
    <property name="java.library.path" value="C:\Users\danil\.jdks\openjdk-21.0.2\bin;C:\Windows\Sun\Java\bin;C:\Windows\system32;C:\Windows;C:\ProgramData\Oracle\Java\javapath;C:\Windows\system32;C:\Windows;C:\Windows\System32\Wbem;C:\Windows\System32\WindowsPowerShell\v1.0\;C:\Windows\System32\OpenSSH\;C:\Program Files\Git\cmd;C:\Program Files\Docker\Docker\resources\bin;C:\Program Files (x86)\Microsoft SQL Server\160\DTS\Binn\;C:\Program Files\Microsoft SQL Server\Client SDK\ODBC\170\Tools\Binn\;C:\Program Files (x86)\Microsoft SQL Server\150\Tools\Binn\;C:\Program Files\Microsoft SQL Server\150\Tools\Binn\;C:\Program Files\Microsoft SQL Server\150\DTS\Binn\;C:\Program Files\MySQL\MySQL Shell 8.0\bin\;%USERPROFILE%\AppData\Local\Microsoft\WindowsApps;%IntelliJ IDEA%;C:\Program Files\liquibase;C:\Users\danil\yandex-cloud\bin;C:\Users\danil\AppData\Local\JetBrains\Toolbox\scripts;;."/>
    <property name="java.vm.info" value="mixed mode, sharing"/>
    <property name="stderr.encoding" value="Cp1251"/>
    <property name="java.vendor" value="Oracle Corporation"/>
    <property name="java.vm.version" value="21.0.2+13-58"/>
    <property name="sun.io.unicode.encoding" value="UnicodeLittle"/>
    <property name="java.class.version" value="65.0"/>
    <property name="LOGGED_APPLICATION_NAME" value="[FoodRu_MicroService] "/>
  </properties>
  <testcase name="contextLoads" classname="org.example.foodru_microservice.FoodRuMicroServiceApplicationTests" time="0.02">
    <error message="Failed to load ApplicationContext for [WebMergedContextConfiguration@ebe067d testClass = org.example.foodru_microservice.FoodRuMicroServiceApplicationTests, locations = [], classes = [org.example.foodru_microservice.FoodRuMicroServiceApplication], contextInitializerClasses = [], activeProfiles = [], propertySourceDescriptors = [], propertySourceProperties = [&quot;org.springframework.boot.test.context.SpringBootTestContextBootstrapper=true&quot;], contextCustomizers = [[ImportsContextCustomizer@3a4ab7f7 key = [org.example.foodru_microservice.TestcontainersConfiguration]], org.springframework.boot.test.context.filter.ExcludeFilterContextCustomizer@6f63b475, org.springframework.boot.test.json.DuplicateJsonObjectContextCustomizerFactory$DuplicateJsonObjectContextCustomizer@b2c5e07, org.springframework.boot.test.mock.mockito.MockitoContextCustomizer@0, org.springframework.boot.test.web.client.TestRestTemplateContextCustomizer@676cf48, org.springframework.boot.test.web.reactor.netty.DisableReactorResourceFactoryGlobalResourcesContextCustomizerFactory$DisableReactorResourceFactoryGlobalResourcesContextCustomizerCustomizer@6ed3f258, org.springframework.boot.test.autoconfigure.OnFailureConditionReportContextCustomizerFactory$OnFailureConditionReportContextCustomizer@19835e64, org.springframework.boot.test.autoconfigure.actuate.observability.ObservabilityContextCustomizerFactory$DisableObservabilityContextCustomizer@1f, org.springframework.boot.test.autoconfigure.properties.PropertyMappingContextCustomizer@0, org.springframework.boot.test.autoconfigure.web.servlet.WebDriverContextCustomizer@21a21c64, org.springframework.boot.testcontainers.service.connection.ServiceConnectionContextCustomizer@0, org.springframework.boot.test.context.SpringBootTestAnnotation@a8be3142], resourceBasePath = &quot;src/main/webapp&quot;, contextLoader = org.springframework.boot.test.context.SpringBootContextLoader, parent = null]" type="java.lang.IllegalStateException"><![CDATA[java.lang.IllegalStateException: Failed to load ApplicationContext for [WebMergedContextConfiguration@ebe067d testClass = org.example.foodru_microservice.FoodRuMicroServiceApplicationTests, locations = [], classes = [org.example.foodru_microservice.FoodRuMicroServiceApplication], contextInitializerClasses = [], activeProfiles = [], propertySourceDescriptors = [], propertySourceProperties = ["org.springframework.boot.test.context.SpringBootTestContextBootstrapper=true"], contextCustomizers = [[ImportsContextCustomizer@3a4ab7f7 key = [org.example.foodru_microservice.TestcontainersConfiguration]], org.springframework.boot.test.context.filter.ExcludeFilterContextCustomizer@6f63b475, org.springframework.boot.test.json.DuplicateJsonObjectContextCustomizerFactory$DuplicateJsonObjectContextCustomizer@b2c5e07, org.springframework.boot.test.mock.mockito.MockitoContextCustomizer@0, org.springframework.boot.test.web.client.TestRestTemplateContextCustomizer@676cf48, org.springframework.boot.test.web.reactor.netty.DisableReactorResourceFactoryGlobalResourcesContextCustomizerFactory$DisableReactorResourceFactoryGlobalResourcesContextCustomizerCustomizer@6ed3f258, org.springframework.boot.test.autoconfigure.OnFailureConditionReportContextCustomizerFactory$OnFailureConditionReportContextCustomizer@19835e64, org.springframework.boot.test.autoconfigure.actuate.observability.ObservabilityContextCustomizerFactory$DisableObservabilityContextCustomizer@1f, org.springframework.boot.test.autoconfigure.properties.PropertyMappingContextCustomizer@0, org.springframework.boot.test.autoconfigure.web.servlet.WebDriverContextCustomizer@21a21c64, org.springframework.boot.testcontainers.service.connection.ServiceConnectionContextCustomizer@0, org.springframework.boot.test.context.SpringBootTestAnnotation@a8be3142], resourceBasePath = "src/main/webapp", contextLoader = org.springframework.boot.test.context.SpringBootContextLoader, parent = null]
	at org.springframework.test.context.cache.DefaultCacheAwareContextLoaderDelegate.loadContext(DefaultCacheAwareContextLoaderDelegate.java:180)
	at org.springframework.test.context.support.DefaultTestContext.getApplicationContext(DefaultTestContext.java:130)
	at org.springframework.test.context.web.ServletTestExecutionListener.setUpRequestContextIfNecessary(ServletTestExecutionListener.java:191)
	at org.springframework.test.context.web.ServletTestExecutionListener.prepareTestInstance(ServletTestExecutionListener.java:130)
	at org.springframework.test.context.TestContextManager.prepareTestInstance(TestContextManager.java:260)
	at org.springframework.test.context.junit.jupiter.SpringExtension.postProcessTestInstance(SpringExtension.java:163)
	at java.base/java.util.stream.ReferencePipeline$3$1.accept(ReferencePipeline.java:197)
	at java.base/java.util.stream.ReferencePipeline$2$1.accept(ReferencePipeline.java:179)
	at java.base/java.util.ArrayList$ArrayListSpliterator.forEachRemaining(ArrayList.java:1708)
	at java.base/java.util.stream.AbstractPipeline.copyInto(AbstractPipeline.java:509)
	at java.base/java.util.stream.AbstractPipeline.wrapAndCopyInto(AbstractPipeline.java:499)
	at java.base/java.util.stream.StreamSpliterators$WrappingSpliterator.forEachRemaining(StreamSpliterators.java:310)
	at java.base/java.util.stream.Streams$ConcatSpliterator.forEachRemaining(Streams.java:735)
	at java.base/java.util.stream.Streams$ConcatSpliterator.forEachRemaining(Streams.java:734)
	at java.base/java.util.stream.ReferencePipeline$Head.forEach(ReferencePipeline.java:762)
	at java.base/java.util.Optional.orElseGet(Optional.java:364)
	at java.base/java.util.ArrayList.forEach(ArrayList.java:1596)
	at java.base/java.util.ArrayList.forEach(ArrayList.java:1596)
Caused by: org.springframework.beans.factory.support.BeanDefinitionOverrideException: Invalid bean definition with name 'myDataSource' defined in class path resource [org/example/foodru_microservice/configuration/DataSourceConfiguration.class]: Cannot register bean definition [Root bean: class [null]; scope=; abstract=false; lazyInit=null; autowireMode=3; dependencyCheck=0; autowireCandidate=true; primary=false; factoryBeanName=dataSourceConfiguration; factoryMethodName=myDataSource; initMethodNames=null; destroyMethodNames=[(inferred)]; defined in class path resource [org/example/foodru_microservice/configuration/DataSourceConfiguration.class]] for bean 'myDataSource' since there is already [Root bean: class [null]; scope=; abstract=false; lazyInit=null; autowireMode=3; dependencyCheck=0; autowireCandidate=true; primary=false; factoryBeanName=dataSourceConfig; factoryMethodName=myDataSource; initMethodNames=null; destroyMethodNames=[(inferred)]; defined in class path resource [org/example/foodru_microservice/configuration/DataSourceConfig.class]] bound.
	at org.springframework.beans.factory.support.DefaultListableBeanFactory.registerBeanDefinition(DefaultListableBeanFactory.java:1017)
	at org.springframework.context.annotation.ConfigurationClassBeanDefinitionReader.loadBeanDefinitionsForBeanMethod(ConfigurationClassBeanDefinitionReader.java:277)
	at org.springframework.context.annotation.ConfigurationClassBeanDefinitionReader.loadBeanDefinitionsForConfigurationClass(ConfigurationClassBeanDefinitionReader.java:144)
	at org.springframework.context.annotation.ConfigurationClassBeanDefinitionReader.loadBeanDefinitions(ConfigurationClassBeanDefinitionReader.java:120)
	at org.springframework.context.annotation.ConfigurationClassPostProcessor.processConfigBeanDefinitions(ConfigurationClassPostProcessor.java:429)
	at org.springframework.context.annotation.ConfigurationClassPostProcessor.postProcessBeanDefinitionRegistry(ConfigurationClassPostProcessor.java:290)
	at org.springframework.context.support.PostProcessorRegistrationDelegate.invokeBeanDefinitionRegistryPostProcessors(PostProcessorRegistrationDelegate.java:349)
	at org.springframework.context.support.PostProcessorRegistrationDelegate.invokeBeanFactoryPostProcessors(PostProcessorRegistrationDelegate.java:118)
	at org.springframework.context.support.AbstractApplicationContext.invokeBeanFactoryPostProcessors(AbstractApplicationContext.java:789)
	at org.springframework.context.support.AbstractApplicationContext.refresh(AbstractApplicationContext.java:607)
	at org.springframework.boot.SpringApplication.refresh(SpringApplication.java:754)
	at org.springframework.boot.SpringApplication.refreshContext(SpringApplication.java:456)
	at org.springframework.boot.SpringApplication.run(SpringApplication.java:335)
	at org.springframework.boot.test.context.SpringBootContextLoader.lambda$loadContext$3(SpringBootContextLoader.java:137)
	at org.springframework.util.function.ThrowingSupplier.get(ThrowingSupplier.java:58)
	at org.springframework.util.function.ThrowingSupplier.get(ThrowingSupplier.java:46)
	at org.springframework.boot.SpringApplication.withHook(SpringApplication.java:1463)
	at org.springframework.boot.test.context.SpringBootContextLoader$ContextLoaderHook.run(SpringBootContextLoader.java:553)
	at org.springframework.boot.test.context.SpringBootContextLoader.loadContext(SpringBootContextLoader.java:137)
	at org.springframework.boot.test.context.SpringBootContextLoader.loadContext(SpringBootContextLoader.java:108)
	at org.springframework.test.context.cache.DefaultCacheAwareContextLoaderDelegate.loadContextInternal(DefaultCacheAwareContextLoaderDelegate.java:225)
	at org.springframework.test.context.cache.DefaultCacheAwareContextLoaderDelegate.loadContext(DefaultCacheAwareContextLoaderDelegate.java:152)
	... 17 more
]]></error>
    <system-out><![CDATA[17:33:16.425 [main] INFO org.springframework.test.context.support.AnnotationConfigContextLoaderUtils -- Could not detect default configuration classes for test class [org.example.foodru_microservice.FoodRuMicroServiceApplicationTests]: FoodRuMicroServiceApplicationTests does not declare any static, non-private, non-final, nested classes annotated with @Configuration.
17:33:16.910 [main] INFO org.springframework.boot.test.context.SpringBootTestContextBootstrapper -- Found @SpringBootConfiguration org.example.foodru_microservice.FoodRuMicroServiceApplication for test class org.example.foodru_microservice.FoodRuMicroServiceApplicationTests
17:33:17.390 [main] INFO org.springframework.boot.devtools.restart.RestartApplicationListener -- Restart disabled due to context in which it is running

  .   ____          _            __ _ _
 /\\ / ___'_ __ _ _(_)_ __  __ _ \ \ \ \
( ( )\___ | '_ | '_| | '_ \/ _` | \ \ \ \
 \\/  ___)| |_)| | | | | || (_| |  ) ) ) )
  '  |____| .__|_| |_|_| |_\__, | / / / /
 =========|_|==============|___/=/_/_/_/

 :: Spring Boot ::                (v3.3.5)

2024-10-31T17:33:18.305+03:00  INFO 19916 --- [FoodRu_MicroService] [           main] o.e.f.FoodRuMicroServiceApplicationTests : Starting FoodRuMicroServiceApplicationTests using Java 21.0.2 with PID 19916 (started by danil in C:\Users\danil\Desktop\Fintech_Course\FoodRu_MicroService)
2024-10-31T17:33:18.309+03:00  INFO 19916 --- [FoodRu_MicroService] [           main] o.e.f.FoodRuMicroServiceApplicationTests : No active profile set, falling back to 1 default profile: "default"
2024-10-31T17:33:22.210+03:00  WARN 19916 --- [FoodRu_MicroService] [           main] o.s.w.c.s.GenericWebApplicationContext   : Exception encountered during context initialization - cancelling refresh attempt: org.springframework.beans.factory.support.BeanDefinitionOverrideException: Invalid bean definition with name 'myDataSource' defined in class path resource [org/example/foodru_microservice/configuration/DataSourceConfiguration.class]: Cannot register bean definition [Root bean: class [null]; scope=; abstract=false; lazyInit=null; autowireMode=3; dependencyCheck=0; autowireCandidate=true; primary=false; factoryBeanName=dataSourceConfiguration; factoryMethodName=myDataSource; initMethodNames=null; destroyMethodNames=[(inferred)]; defined in class path resource [org/example/foodru_microservice/configuration/DataSourceConfiguration.class]] for bean 'myDataSource' since there is already [Root bean: class [null]; scope=; abstract=false; lazyInit=null; autowireMode=3; dependencyCheck=0; autowireCandidate=true; primary=false; factoryBeanName=dataSourceConfig; factoryMethodName=myDataSource; initMethodNames=null; destroyMethodNames=[(inferred)]; defined in class path resource [org/example/foodru_microservice/configuration/DataSourceConfig.class]] bound.
2024-10-31T17:33:22.269+03:00  INFO 19916 --- [FoodRu_MicroService] [           main] .s.b.a.l.ConditionEvaluationReportLogger : 

Error starting ApplicationContext. To display the condition evaluation report re-run your application with 'debug' enabled.
2024-10-31T17:33:22.378+03:00 ERROR 19916 --- [FoodRu_MicroService] [           main] o.s.b.d.LoggingFailureAnalysisReporter   : 

***************************
APPLICATION FAILED TO START
***************************

Description:

The bean 'myDataSource', defined in class path resource [org/example/foodru_microservice/configuration/DataSourceConfiguration.class], could not be registered. A bean with that name has already been defined in class path resource [org/example/foodru_microservice/configuration/DataSourceConfig.class] and overriding is disabled.

Action:

Consider renaming one of the beans or enabling overriding by setting spring.main.allow-bean-definition-overriding=true

2024-10-31T17:33:22.396+03:00  WARN 19916 --- [FoodRu_MicroService] [           main] o.s.test.context.TestContextManager      : Caught exception while allowing TestExecutionListener [org.springframework.test.context.web.ServletTestExecutionListener] to prepare test instance [org.example.foodru_microservice.FoodRuMicroServiceApplicationTests@6badba10]

java.lang.IllegalStateException: Failed to load ApplicationContext for [WebMergedContextConfiguration@ebe067d testClass = org.example.foodru_microservice.FoodRuMicroServiceApplicationTests, locations = [], classes = [org.example.foodru_microservice.FoodRuMicroServiceApplication], contextInitializerClasses = [], activeProfiles = [], propertySourceDescriptors = [], propertySourceProperties = ["org.springframework.boot.test.context.SpringBootTestContextBootstrapper=true"], contextCustomizers = [[ImportsContextCustomizer@3a4ab7f7 key = [org.example.foodru_microservice.TestcontainersConfiguration]], org.springframework.boot.test.context.filter.ExcludeFilterContextCustomizer@6f63b475, org.springframework.boot.test.json.DuplicateJsonObjectContextCustomizerFactory$DuplicateJsonObjectContextCustomizer@b2c5e07, org.springframework.boot.test.mock.mockito.MockitoContextCustomizer@0, org.springframework.boot.test.web.client.TestRestTemplateContextCustomizer@676cf48, org.springframework.boot.test.web.reactor.netty.DisableReactorResourceFactoryGlobalResourcesContextCustomizerFactory$DisableReactorResourceFactoryGlobalResourcesContextCustomizerCustomizer@6ed3f258, org.springframework.boot.test.autoconfigure.OnFailureConditionReportContextCustomizerFactory$OnFailureConditionReportContextCustomizer@19835e64, org.springframework.boot.test.autoconfigure.actuate.observability.ObservabilityContextCustomizerFactory$DisableObservabilityContextCustomizer@1f, org.springframework.boot.test.autoconfigure.properties.PropertyMappingContextCustomizer@0, org.springframework.boot.test.autoconfigure.web.servlet.WebDriverContextCustomizer@21a21c64, org.springframework.boot.testcontainers.service.connection.ServiceConnectionContextCustomizer@0, org.springframework.boot.test.context.SpringBootTestAnnotation@a8be3142], resourceBasePath = "src/main/webapp", contextLoader = org.springframework.boot.test.context.SpringBootContextLoader, parent = null]
	at org.springframework.test.context.cache.DefaultCacheAwareContextLoaderDelegate.loadContext(DefaultCacheAwareContextLoaderDelegate.java:180) ~[spring-test-6.1.14.jar:6.1.14]
	at org.springframework.test.context.support.DefaultTestContext.getApplicationContext(DefaultTestContext.java:130) ~[spring-test-6.1.14.jar:6.1.14]
	at org.springframework.test.context.web.ServletTestExecutionListener.setUpRequestContextIfNecessary(ServletTestExecutionListener.java:191) ~[spring-test-6.1.14.jar:6.1.14]
	at org.springframework.test.context.web.ServletTestExecutionListener.prepareTestInstance(ServletTestExecutionListener.java:130) ~[spring-test-6.1.14.jar:6.1.14]
	at org.springframework.test.context.TestContextManager.prepareTestInstance(TestContextManager.java:260) ~[spring-test-6.1.14.jar:6.1.14]
	at org.springframework.test.context.junit.jupiter.SpringExtension.postProcessTestInstance(SpringExtension.java:163) ~[spring-test-6.1.14.jar:6.1.14]
	at org.junit.jupiter.engine.descriptor.ClassBasedTestDescriptor.lambda$invokeTestInstancePostProcessors$10(ClassBasedTestDescriptor.java:378) ~[junit-jupiter-engine-5.10.5.jar:5.10.5]
	at org.junit.jupiter.engine.descriptor.ClassBasedTestDescriptor.executeAndMaskThrowable(ClassBasedTestDescriptor.java:383) ~[junit-jupiter-engine-5.10.5.jar:5.10.5]
	at org.junit.jupiter.engine.descriptor.ClassBasedTestDescriptor.lambda$invokeTestInstancePostProcessors$11(ClassBasedTestDescriptor.java:378) ~[junit-jupiter-engine-5.10.5.jar:5.10.5]
	at java.base/java.util.stream.ReferencePipeline$3$1.accept(ReferencePipeline.java:197) ~[na:na]
	at java.base/java.util.stream.ReferencePipeline$2$1.accept(ReferencePipeline.java:179) ~[na:na]
	at java.base/java.util.ArrayList$ArrayListSpliterator.forEachRemaining(ArrayList.java:1708) ~[na:na]
	at java.base/java.util.stream.AbstractPipeline.copyInto(AbstractPipeline.java:509) ~[na:na]
	at java.base/java.util.stream.AbstractPipeline.wrapAndCopyInto(AbstractPipeline.java:499) ~[na:na]
	at java.base/java.util.stream.StreamSpliterators$WrappingSpliterator.forEachRemaining(StreamSpliterators.java:310) ~[na:na]
	at java.base/java.util.stream.Streams$ConcatSpliterator.forEachRemaining(Streams.java:735) ~[na:na]
	at java.base/java.util.stream.Streams$ConcatSpliterator.forEachRemaining(Streams.java:734) ~[na:na]
	at java.base/java.util.stream.ReferencePipeline$Head.forEach(ReferencePipeline.java:762) ~[na:na]
	at org.junit.jupiter.engine.descriptor.ClassBasedTestDescriptor.invokeTestInstancePostProcessors(ClassBasedTestDescriptor.java:377) ~[junit-jupiter-engine-5.10.5.jar:5.10.5]
	at org.junit.jupiter.engine.descriptor.ClassBasedTestDescriptor.lambda$instantiateAndPostProcessTestInstance$6(ClassBasedTestDescriptor.java:290) ~[junit-jupiter-engine-5.10.5.jar:5.10.5]
	at org.junit.platform.engine.support.hierarchical.ThrowableCollector.execute(ThrowableCollector.java:73) ~[junit-platform-engine-1.10.5.jar:1.10.5]
	at org.junit.jupiter.engine.descriptor.ClassBasedTestDescriptor.instantiateAndPostProcessTestInstance(ClassBasedTestDescriptor.java:289) ~[junit-jupiter-engine-5.10.5.jar:5.10.5]
	at org.junit.jupiter.engine.descriptor.ClassBasedTestDescriptor.lambda$testInstancesProvider$4(ClassBasedTestDescriptor.java:279) ~[junit-jupiter-engine-5.10.5.jar:5.10.5]
	at java.base/java.util.Optional.orElseGet(Optional.java:364) ~[na:na]
	at org.junit.jupiter.engine.descriptor.ClassBasedTestDescriptor.lambda$testInstancesProvider$5(ClassBasedTestDescriptor.java:278) ~[junit-jupiter-engine-5.10.5.jar:5.10.5]
	at org.junit.jupiter.engine.execution.TestInstancesProvider.getTestInstances(TestInstancesProvider.java:31) ~[junit-jupiter-engine-5.10.5.jar:5.10.5]
	at org.junit.jupiter.engine.descriptor.TestMethodTestDescriptor.lambda$prepare$0(TestMethodTestDescriptor.java:106) ~[junit-jupiter-engine-5.10.5.jar:5.10.5]
	at org.junit.platform.engine.support.hierarchical.ThrowableCollector.execute(ThrowableCollector.java:73) ~[junit-platform-engine-1.10.5.jar:1.10.5]
	at org.junit.jupiter.engine.descriptor.TestMethodTestDescriptor.prepare(TestMethodTestDescriptor.java:105) ~[junit-jupiter-engine-5.10.5.jar:5.10.5]
	at org.junit.jupiter.engine.descriptor.TestMethodTestDescriptor.prepare(TestMethodTestDescriptor.java:69) ~[junit-jupiter-engine-5.10.5.jar:5.10.5]
	at org.junit.platform.engine.support.hierarchical.NodeTestTask.lambda$prepare$2(NodeTestTask.java:128) ~[junit-platform-engine-1.10.5.jar:1.10.5]
	at org.junit.platform.engine.support.hierarchical.ThrowableCollector.execute(ThrowableCollector.java:73) ~[junit-platform-engine-1.10.5.jar:1.10.5]
	at org.junit.platform.engine.support.hierarchical.NodeTestTask.prepare(NodeTestTask.java:128) ~[junit-platform-engine-1.10.5.jar:1.10.5]
	at org.junit.platform.engine.support.hierarchical.NodeTestTask.execute(NodeTestTask.java:95) ~[junit-platform-engine-1.10.5.jar:1.10.5]
	at java.base/java.util.ArrayList.forEach(ArrayList.java:1596) ~[na:na]
	at org.junit.platform.engine.support.hierarchical.SameThreadHierarchicalTestExecutorService.invokeAll(SameThreadHierarchicalTestExecutorService.java:41) ~[junit-platform-engine-1.10.5.jar:1.10.5]
	at org.junit.platform.engine.support.hierarchical.NodeTestTask.lambda$executeRecursively$6(NodeTestTask.java:160) ~[junit-platform-engine-1.10.5.jar:1.10.5]
	at org.junit.platform.engine.support.hierarchical.ThrowableCollector.execute(ThrowableCollector.java:73) ~[junit-platform-engine-1.10.5.jar:1.10.5]
	at org.junit.platform.engine.support.hierarchical.NodeTestTask.lambda$executeRecursively$8(NodeTestTask.java:146) ~[junit-platform-engine-1.10.5.jar:1.10.5]
	at org.junit.platform.engine.support.hierarchical.Node.around(Node.java:137) ~[junit-platform-engine-1.10.5.jar:1.10.5]
	at org.junit.platform.engine.support.hierarchical.NodeTestTask.lambda$executeRecursively$9(NodeTestTask.java:144) ~[junit-platform-engine-1.10.5.jar:1.10.5]
	at org.junit.platform.engine.support.hierarchical.ThrowableCollector.execute(ThrowableCollector.java:73) ~[junit-platform-engine-1.10.5.jar:1.10.5]
	at org.junit.platform.engine.support.hierarchical.NodeTestTask.executeRecursively(NodeTestTask.java:143) ~[junit-platform-engine-1.10.5.jar:1.10.5]
	at org.junit.platform.engine.support.hierarchical.NodeTestTask.execute(NodeTestTask.java:100) ~[junit-platform-engine-1.10.5.jar:1.10.5]
	at java.base/java.util.ArrayList.forEach(ArrayList.java:1596) ~[na:na]
	at org.junit.platform.engine.support.hierarchical.SameThreadHierarchicalTestExecutorService.invokeAll(SameThreadHierarchicalTestExecutorService.java:41) ~[junit-platform-engine-1.10.5.jar:1.10.5]
	at org.junit.platform.engine.support.hierarchical.NodeTestTask.lambda$executeRecursively$6(NodeTestTask.java:160) ~[junit-platform-engine-1.10.5.jar:1.10.5]
	at org.junit.platform.engine.support.hierarchical.ThrowableCollector.execute(ThrowableCollector.java:73) ~[junit-platform-engine-1.10.5.jar:1.10.5]
	at org.junit.platform.engine.support.hierarchical.NodeTestTask.lambda$executeRecursively$8(NodeTestTask.java:146) ~[junit-platform-engine-1.10.5.jar:1.10.5]
	at org.junit.platform.engine.support.hierarchical.Node.around(Node.java:137) ~[junit-platform-engine-1.10.5.jar:1.10.5]
	at org.junit.platform.engine.support.hierarchical.NodeTestTask.lambda$executeRecursively$9(NodeTestTask.java:144) ~[junit-platform-engine-1.10.5.jar:1.10.5]
	at org.junit.platform.engine.support.hierarchical.ThrowableCollector.execute(ThrowableCollector.java:73) ~[junit-platform-engine-1.10.5.jar:1.10.5]
	at org.junit.platform.engine.support.hierarchical.NodeTestTask.executeRecursively(NodeTestTask.java:143) ~[junit-platform-engine-1.10.5.jar:1.10.5]
	at org.junit.platform.engine.support.hierarchical.NodeTestTask.execute(NodeTestTask.java:100) ~[junit-platform-engine-1.10.5.jar:1.10.5]
	at org.junit.platform.engine.support.hierarchical.SameThreadHierarchicalTestExecutorService.submit(SameThreadHierarchicalTestExecutorService.java:35) ~[junit-platform-engine-1.10.5.jar:1.10.5]
	at org.junit.platform.engine.support.hierarchical.HierarchicalTestExecutor.execute(HierarchicalTestExecutor.java:57) ~[junit-platform-engine-1.10.5.jar:1.10.5]
	at org.junit.platform.engine.support.hierarchical.HierarchicalTestEngine.execute(HierarchicalTestEngine.java:54) ~[junit-platform-engine-1.10.5.jar:1.10.5]
	at org.junit.platform.launcher.core.EngineExecutionOrchestrator.execute(EngineExecutionOrchestrator.java:198) ~[junit-platform-launcher-1.10.5.jar:1.10.5]
	at org.junit.platform.launcher.core.EngineExecutionOrchestrator.execute(EngineExecutionOrchestrator.java:169) ~[junit-platform-launcher-1.10.5.jar:1.10.5]
	at org.junit.platform.launcher.core.EngineExecutionOrchestrator.execute(EngineExecutionOrchestrator.java:93) ~[junit-platform-launcher-1.10.5.jar:1.10.5]
	at org.junit.platform.launcher.core.EngineExecutionOrchestrator.lambda$execute$0(EngineExecutionOrchestrator.java:58) ~[junit-platform-launcher-1.10.5.jar:1.10.5]
	at org.junit.platform.launcher.core.EngineExecutionOrchestrator.withInterceptedStreams(EngineExecutionOrchestrator.java:141) ~[junit-platform-launcher-1.10.5.jar:1.10.5]
	at org.junit.platform.launcher.core.EngineExecutionOrchestrator.execute(EngineExecutionOrchestrator.java:57) ~[junit-platform-launcher-1.10.5.jar:1.10.5]
	at org.junit.platform.launcher.core.DefaultLauncher.execute(DefaultLauncher.java:103) ~[junit-platform-launcher-1.10.5.jar:1.10.5]
	at org.junit.platform.launcher.core.DefaultLauncher.execute(DefaultLauncher.java:85) ~[junit-platform-launcher-1.10.5.jar:1.10.5]
	at org.junit.platform.launcher.core.DelegatingLauncher.execute(DelegatingLauncher.java:47) ~[junit-platform-launcher-1.10.5.jar:1.10.5]
	at org.apache.maven.surefire.junitplatform.LazyLauncher.execute(LazyLauncher.java:56) ~[surefire-junit-platform-3.2.5.jar:3.2.5]
	at org.apache.maven.surefire.junitplatform.JUnitPlatformProvider.execute(JUnitPlatformProvider.java:184) ~[surefire-junit-platform-3.2.5.jar:3.2.5]
	at org.apache.maven.surefire.junitplatform.JUnitPlatformProvider.invokeAllTests(JUnitPlatformProvider.java:148) ~[surefire-junit-platform-3.2.5.jar:3.2.5]
	at org.apache.maven.surefire.junitplatform.JUnitPlatformProvider.invoke(JUnitPlatformProvider.java:122) ~[surefire-junit-platform-3.2.5.jar:3.2.5]
	at org.apache.maven.surefire.booter.ForkedBooter.runSuitesInProcess(ForkedBooter.java:385) ~[surefire-booter-3.2.5.jar:3.2.5]
	at org.apache.maven.surefire.booter.ForkedBooter.execute(ForkedBooter.java:162) ~[surefire-booter-3.2.5.jar:3.2.5]
	at org.apache.maven.surefire.booter.ForkedBooter.run(ForkedBooter.java:507) ~[surefire-booter-3.2.5.jar:3.2.5]
	at org.apache.maven.surefire.booter.ForkedBooter.main(ForkedBooter.java:495) ~[surefire-booter-3.2.5.jar:3.2.5]
Caused by: org.springframework.beans.factory.support.BeanDefinitionOverrideException: Invalid bean definition with name 'myDataSource' defined in class path resource [org/example/foodru_microservice/configuration/DataSourceConfiguration.class]: Cannot register bean definition [Root bean: class [null]; scope=; abstract=false; lazyInit=null; autowireMode=3; dependencyCheck=0; autowireCandidate=true; primary=false; factoryBeanName=dataSourceConfiguration; factoryMethodName=myDataSource; initMethodNames=null; destroyMethodNames=[(inferred)]; defined in class path resource [org/example/foodru_microservice/configuration/DataSourceConfiguration.class]] for bean 'myDataSource' since there is already [Root bean: class [null]; scope=; abstract=false; lazyInit=null; autowireMode=3; dependencyCheck=0; autowireCandidate=true; primary=false; factoryBeanName=dataSourceConfig; factoryMethodName=myDataSource; initMethodNames=null; destroyMethodNames=[(inferred)]; defined in class path resource [org/example/foodru_microservice/configuration/DataSourceConfig.class]] bound.
	at org.springframework.beans.factory.support.DefaultListableBeanFactory.registerBeanDefinition(DefaultListableBeanFactory.java:1017) ~[spring-beans-6.1.14.jar:6.1.14]
	at org.springframework.context.annotation.ConfigurationClassBeanDefinitionReader.loadBeanDefinitionsForBeanMethod(ConfigurationClassBeanDefinitionReader.java:277) ~[spring-context-6.1.14.jar:6.1.14]
	at org.springframework.context.annotation.ConfigurationClassBeanDefinitionReader.loadBeanDefinitionsForConfigurationClass(ConfigurationClassBeanDefinitionReader.java:144) ~[spring-context-6.1.14.jar:6.1.14]
	at org.springframework.context.annotation.ConfigurationClassBeanDefinitionReader.loadBeanDefinitions(ConfigurationClassBeanDefinitionReader.java:120) ~[spring-context-6.1.14.jar:6.1.14]
	at org.springframework.context.annotation.ConfigurationClassPostProcessor.processConfigBeanDefinitions(ConfigurationClassPostProcessor.java:429) ~[spring-context-6.1.14.jar:6.1.14]
	at org.springframework.context.annotation.ConfigurationClassPostProcessor.postProcessBeanDefinitionRegistry(ConfigurationClassPostProcessor.java:290) ~[spring-context-6.1.14.jar:6.1.14]
	at org.springframework.context.support.PostProcessorRegistrationDelegate.invokeBeanDefinitionRegistryPostProcessors(PostProcessorRegistrationDelegate.java:349) ~[spring-context-6.1.14.jar:6.1.14]
	at org.springframework.context.support.PostProcessorRegistrationDelegate.invokeBeanFactoryPostProcessors(PostProcessorRegistrationDelegate.java:118) ~[spring-context-6.1.14.jar:6.1.14]
	at org.springframework.context.support.AbstractApplicationContext.invokeBeanFactoryPostProcessors(AbstractApplicationContext.java:789) ~[spring-context-6.1.14.jar:6.1.14]
	at org.springframework.context.support.AbstractApplicationContext.refresh(AbstractApplicationContext.java:607) ~[spring-context-6.1.14.jar:6.1.14]
	at org.springframework.boot.SpringApplication.refresh(SpringApplication.java:754) ~[spring-boot-3.3.5.jar:3.3.5]
	at org.springframework.boot.SpringApplication.refreshContext(SpringApplication.java:456) ~[spring-boot-3.3.5.jar:3.3.5]
	at org.springframework.boot.SpringApplication.run(SpringApplication.java:335) ~[spring-boot-3.3.5.jar:3.3.5]
	at org.springframework.boot.test.context.SpringBootContextLoader.lambda$loadContext$3(SpringBootContextLoader.java:137) ~[spring-boot-test-3.3.5.jar:3.3.5]
	at org.springframework.util.function.ThrowingSupplier.get(ThrowingSupplier.java:58) ~[spring-core-6.1.14.jar:6.1.14]
	at org.springframework.util.function.ThrowingSupplier.get(ThrowingSupplier.java:46) ~[spring-core-6.1.14.jar:6.1.14]
	at org.springframework.boot.SpringApplication.withHook(SpringApplication.java:1463) ~[spring-boot-3.3.5.jar:3.3.5]
	at org.springframework.boot.test.context.SpringBootContextLoader$ContextLoaderHook.run(SpringBootContextLoader.java:553) ~[spring-boot-test-3.3.5.jar:3.3.5]
	at org.springframework.boot.test.context.SpringBootContextLoader.loadContext(SpringBootContextLoader.java:137) ~[spring-boot-test-3.3.5.jar:3.3.5]
	at org.springframework.boot.test.context.SpringBootContextLoader.loadContext(SpringBootContextLoader.java:108) ~[spring-boot-test-3.3.5.jar:3.3.5]
	at org.springframework.test.context.cache.DefaultCacheAwareContextLoaderDelegate.loadContextInternal(DefaultCacheAwareContextLoaderDelegate.java:225) ~[spring-test-6.1.14.jar:6.1.14]
	at org.springframework.test.context.cache.DefaultCacheAwareContextLoaderDelegate.loadContext(DefaultCacheAwareContextLoaderDelegate.java:152) ~[spring-test-6.1.14.jar:6.1.14]
	... 73 common frames omitted

]]></system-out>
    <system-err><![CDATA[


============================
CONDITIONS EVALUATION REPORT
============================


Positive matches:
-----------------

   AopAutoConfiguration matched:
      - @ConditionalOnProperty (spring.aop.auto=true) matched (OnPropertyCondition)

   AopAutoConfiguration.AspectJAutoProxyingConfiguration matched:
      - @ConditionalOnClass found required class 'org.aspectj.weaver.Advice' (OnClassCondition)

   AopAutoConfiguration.AspectJAutoProxyingConfiguration.CglibAutoProxyConfiguration matched:
      - @ConditionalOnProperty (spring.aop.proxy-target-class=true) matched (OnPropertyCondition)

   AuditAutoConfiguration matched:
      - @ConditionalOnProperty (management.auditevents.enabled) matched (OnPropertyCondition)

   CacheAutoConfiguration matched:
      - @ConditionalOnClass found required class 'org.springframework.cache.CacheManager' (OnClassCondition)

   CacheAutoConfiguration.CacheManagerEntityManagerFactoryDependsOnPostProcessor matched:
      - @ConditionalOnClass found required class 'org.springframework.orm.jpa.LocalContainerEntityManagerFactoryBean' (OnClassCondition)

   CacheMeterBinderProvidersConfiguration matched:
      - @ConditionalOnClass found required class 'io.micrometer.core.instrument.binder.MeterBinder' (OnClassCondition)

   CompositeMeterRegistryAutoConfiguration matched:
      - @ConditionalOnClass found required class 'io.micrometer.core.instrument.composite.CompositeMeterRegistry' (OnClassCondition)

   DataSourceAutoConfiguration matched:
      - @ConditionalOnClass found required classes 'javax.sql.DataSource', 'org.springframework.jdbc.datasource.embedded.EmbeddedDatabaseType' (OnClassCondition)

   DataSourceAutoConfiguration.PooledDataSourceConfiguration matched:
      - AnyNestedCondition 1 matched 1 did not; NestedCondition on DataSourceAutoConfiguration.PooledDataSourceCondition.PooledDataSourceAvailable PooledDataSource found supported DataSource; NestedCondition on DataSourceAutoConfiguration.PooledDataSourceCondition.ExplicitType @ConditionalOnProperty (spring.datasource.type) did not find property 'type' (DataSourceAutoConfiguration.PooledDataSourceCondition)

   DataSourceConfiguration.Hikari matched:
      - @ConditionalOnClass found required class 'com.zaxxer.hikari.HikariDataSource' (OnClassCondition)
      - @ConditionalOnProperty (spring.datasource.type=com.zaxxer.hikari.HikariDataSource) matched (OnPropertyCondition)

   DataSourceHealthContributorAutoConfiguration matched:
      - @ConditionalOnClass found required classes 'org.springframework.jdbc.core.JdbcTemplate', 'org.springframework.jdbc.datasource.lookup.AbstractRoutingDataSource' (OnClassCondition)
      - @ConditionalOnEnabledHealthIndicator management.health.defaults.enabled is considered true (OnEnabledHealthIndicatorCondition)

   DataSourceInitializationConfiguration matched:
      - @ConditionalOnClass found required class 'org.springframework.jdbc.datasource.init.DatabasePopulator' (OnClassCondition)

   DataSourcePoolMetadataProvidersConfiguration.HikariPoolDataSourceMetadataProviderConfiguration matched:
      - @ConditionalOnClass found required class 'com.zaxxer.hikari.HikariDataSource' (OnClassCondition)

   DataSourcePoolMetricsAutoConfiguration matched:
      - @ConditionalOnClass found required classes 'javax.sql.DataSource', 'io.micrometer.core.instrument.MeterRegistry' (OnClassCondition)

   DataSourcePoolMetricsAutoConfiguration.HikariDataSourceMetricsConfiguration matched:
      - @ConditionalOnClass found required class 'com.zaxxer.hikari.HikariDataSource' (OnClassCondition)

   DataSourceTransactionManagerAutoConfiguration matched:
      - @ConditionalOnClass found required classes 'javax.sql.DataSource', 'org.springframework.jdbc.core.JdbcTemplate', 'org.springframework.transaction.TransactionManager' (OnClassCondition)

   DiskSpaceHealthContributorAutoConfiguration matched:
      - @ConditionalOnEnabledHealthIndicator management.health.defaults.enabled is considered true (OnEnabledHealthIndicatorCondition)

   DispatcherServletAutoConfiguration matched:
      - @ConditionalOnClass found required class 'org.springframework.web.servlet.DispatcherServlet' (OnClassCondition)
      - found 'session' scope (OnWebApplicationCondition)

   DispatcherServletAutoConfiguration.DispatcherServletConfiguration matched:
      - @ConditionalOnClass found required class 'jakarta.servlet.ServletRegistration' (OnClassCondition)
      - Default DispatcherServlet did not find dispatcher servlet beans (DispatcherServletAutoConfiguration.DefaultDispatcherServletCondition)

   DispatcherServletAutoConfiguration.DispatcherServletRegistrationConfiguration matched:
      - @ConditionalOnClass found required class 'jakarta.servlet.ServletRegistration' (OnClassCondition)
      - DispatcherServlet Registration did not find servlet registration bean (DispatcherServletAutoConfiguration.DispatcherServletRegistrationCondition)

   ErrorMvcAutoConfiguration matched:
      - @ConditionalOnClass found required classes 'jakarta.servlet.Servlet', 'org.springframework.web.servlet.DispatcherServlet' (OnClassCondition)
      - found 'session' scope (OnWebApplicationCondition)

   ErrorMvcAutoConfiguration.WhitelabelErrorViewConfiguration matched:
      - @ConditionalOnProperty (server.error.whitelabel.enabled) matched (OnPropertyCondition)
      - ErrorTemplate Missing did not find error template view (ErrorMvcAutoConfiguration.ErrorTemplateMissingCondition)

   GenericCacheConfiguration matched:
      - Cache org.springframework.boot.autoconfigure.cache.GenericCacheConfiguration automatic cache type (CacheCondition)

   HealthEndpointAutoConfiguration matched:
      - @ConditionalOnAvailableEndpoint marked as exposed by a 'management.endpoints.web.exposure' property (OnAvailableEndpointCondition)

   HealthEndpointWebExtensionConfiguration matched:
      - found 'session' scope (OnWebApplicationCondition)
      - @ConditionalOnAvailableEndpoint marked as exposed by a 'management.endpoints.web.exposure' property (OnAvailableEndpointCondition)

   HealthEndpointWebExtensionConfiguration.MvcAdditionalHealthEndpointPathsConfiguration matched:
      - @ConditionalOnAvailableEndpoint marked as exposed by a 'management.endpoints.web.exposure' property (OnAvailableEndpointCondition)

   HibernateJpaAutoConfiguration matched:
      - @ConditionalOnClass found required classes 'org.springframework.orm.jpa.LocalContainerEntityManagerFactoryBean', 'jakarta.persistence.EntityManager', 'org.hibernate.engine.spi.SessionImplementor' (OnClassCondition)

   HttpClientObservationsAutoConfiguration matched:
      - @ConditionalOnClass found required class 'io.micrometer.observation.Observation' (OnClassCondition)

   HttpClientObservationsAutoConfiguration.MeterFilterConfiguration matched:
      - @ConditionalOnClass found required class 'io.micrometer.core.instrument.MeterRegistry' (OnClassCondition)

   HttpEncodingAutoConfiguration matched:
      - @ConditionalOnClass found required class 'org.springframework.web.filter.CharacterEncodingFilter' (OnClassCondition)
      - found 'session' scope (OnWebApplicationCondition)
      - @ConditionalOnProperty (server.servlet.encoding.enabled) matched (OnPropertyCondition)

   HttpExchangesAutoConfiguration matched:
      - @ConditionalOnWebApplication (required) found 'session' scope (OnWebApplicationCondition)
      - @ConditionalOnProperty (management.httpexchanges.recording.enabled) matched (OnPropertyCondition)

   HttpExchangesAutoConfiguration.ServletHttpExchangesConfiguration matched:
      - found 'session' scope (OnWebApplicationCondition)

   HttpMessageConvertersAutoConfiguration matched:
      - @ConditionalOnClass found required class 'org.springframework.http.converter.HttpMessageConverter' (OnClassCondition)
      - NoneNestedConditions 0 matched 1 did not; NestedCondition on HttpMessageConvertersAutoConfiguration.NotReactiveWebApplicationCondition.ReactiveWebApplication did not find reactive web application classes (HttpMessageConvertersAutoConfiguration.NotReactiveWebApplicationCondition)

   HttpMessageConvertersAutoConfiguration.StringHttpMessageConverterConfiguration matched:
      - @ConditionalOnClass found required class 'org.springframework.http.converter.StringHttpMessageConverter' (OnClassCondition)

   JacksonAutoConfiguration matched:
      - @ConditionalOnClass found required class 'com.fasterxml.jackson.databind.ObjectMapper' (OnClassCondition)

   JacksonAutoConfiguration.Jackson2ObjectMapperBuilderCustomizerConfiguration matched:
      - @ConditionalOnClass found required class 'org.springframework.http.converter.json.Jackson2ObjectMapperBuilder' (OnClassCondition)

   JacksonAutoConfiguration.JacksonObjectMapperBuilderConfiguration matched:
      - @ConditionalOnClass found required class 'org.springframework.http.converter.json.Jackson2ObjectMapperBuilder' (OnClassCondition)

   JacksonAutoConfiguration.JacksonObjectMapperConfiguration matched:
      - @ConditionalOnClass found required class 'org.springframework.http.converter.json.Jackson2ObjectMapperBuilder' (OnClassCondition)

   JacksonAutoConfiguration.ParameterNamesModuleConfiguration matched:
      - @ConditionalOnClass found required class 'com.fasterxml.jackson.module.paramnames.ParameterNamesModule' (OnClassCondition)

   JacksonHttpMessageConvertersConfiguration.MappingJackson2HttpMessageConverterConfiguration matched:
      - @ConditionalOnClass found required class 'com.fasterxml.jackson.databind.ObjectMapper' (OnClassCondition)
      - @ConditionalOnProperty (spring.mvc.converters.preferred-json-mapper=jackson) matched (OnPropertyCondition)

   JdbcTemplateAutoConfiguration matched:
      - @ConditionalOnClass found required classes 'javax.sql.DataSource', 'org.springframework.jdbc.core.JdbcTemplate' (OnClassCondition)

   JpaBaseConfiguration.JpaWebConfiguration matched:
      - @ConditionalOnClass found required class 'org.springframework.web.servlet.config.annotation.WebMvcConfigurer' (OnClassCondition)
      - found 'session' scope (OnWebApplicationCondition)
      - @ConditionalOnProperty (spring.jpa.open-in-view=true) matched (OnPropertyCondition)

   JpaRepositoriesAutoConfiguration matched:
      - @ConditionalOnClass found required class 'org.springframework.data.jpa.repository.JpaRepository' (OnClassCondition)
      - @ConditionalOnProperty (spring.data.jpa.repositories.enabled=true) matched (OnPropertyCondition)

   JtaAutoConfiguration matched:
      - @ConditionalOnClass found required class 'jakarta.transaction.Transaction' (OnClassCondition)
      - @ConditionalOnProperty (spring.jta.enabled) matched (OnPropertyCondition)

   JvmMetricsAutoConfiguration matched:
      - @ConditionalOnClass found required class 'io.micrometer.core.instrument.MeterRegistry' (OnClassCondition)

   KafkaAnnotationDrivenConfiguration matched:
      - @ConditionalOnClass found required class 'org.springframework.kafka.annotation.EnableKafka' (OnClassCondition)

   KafkaAutoConfiguration matched:
      - @ConditionalOnClass found required class 'org.springframework.kafka.core.KafkaTemplate' (OnClassCondition)

   KafkaMetricsAutoConfiguration matched:
      - @ConditionalOnClass found required classes 'io.micrometer.core.instrument.binder.kafka.KafkaClientMetrics', 'org.springframework.kafka.core.ProducerFactory' (OnClassCondition)

   KafkaMetricsAutoConfiguration.KafkaStreamsMetricsConfiguration matched:
      - @ConditionalOnClass found required classes 'io.micrometer.core.instrument.binder.kafka.KafkaStreamsMetrics', 'org.springframework.kafka.config.StreamsBuilderFactoryBean' (OnClassCondition)

   LogbackMetricsAutoConfiguration matched:
      - @ConditionalOnClass found required classes 'io.micrometer.core.instrument.MeterRegistry', 'ch.qos.logback.classic.LoggerContext', 'org.slf4j.LoggerFactory' (OnClassCondition)
      - LogbackLoggingCondition ILoggerFactory is a Logback LoggerContext (LogbackMetricsAutoConfiguration.LogbackLoggingCondition)

   MailHealthContributorAutoConfiguration matched:
      - @ConditionalOnClass found required class 'org.springframework.mail.javamail.JavaMailSenderImpl' (OnClassCondition)
      - @ConditionalOnEnabledHealthIndicator management.health.defaults.enabled is considered true (OnEnabledHealthIndicatorCondition)

   MailSenderAutoConfiguration matched:
      - @ConditionalOnClass found required classes 'jakarta.mail.internet.MimeMessage', 'jakarta.activation.MimeType', 'org.springframework.mail.MailSender' (OnClassCondition)
      - AnyNestedCondition 1 matched 1 did not; NestedCondition on MailSenderAutoConfiguration.MailSenderCondition.JndiNameProperty @ConditionalOnProperty (spring.mail.jndi-name) did not find property 'jndi-name'; NestedCondition on MailSenderAutoConfiguration.MailSenderCondition.HostProperty @ConditionalOnProperty (spring.mail.host) matched (MailSenderAutoConfiguration.MailSenderCondition)

   MailSenderPropertiesConfiguration matched:
      - @ConditionalOnProperty (spring.mail.host) matched (OnPropertyCondition)

   ManagementContextAutoConfiguration.SameManagementContextConfiguration matched:
      - Management Port actual port type (SAME) matched required type (OnManagementPortCondition)

   ManagementWebSecurityAutoConfiguration matched:
      - found 'session' scope (OnWebApplicationCondition)

   MetricsAutoConfiguration matched:
      - @ConditionalOnClass found required class 'io.micrometer.core.annotation.Timed' (OnClassCondition)

   MultipartAutoConfiguration matched:
      - @ConditionalOnClass found required classes 'jakarta.servlet.Servlet', 'org.springframework.web.multipart.support.StandardServletMultipartResolver', 'jakarta.servlet.MultipartConfigElement' (OnClassCondition)
      - found 'session' scope (OnWebApplicationCondition)
      - @ConditionalOnProperty (spring.servlet.multipart.enabled) matched (OnPropertyCondition)

   NettyAutoConfiguration matched:
      - @ConditionalOnClass found required class 'io.netty.util.NettyRuntime' (OnClassCondition)

   NoOpCacheConfiguration matched:
      - Cache org.springframework.boot.autoconfigure.cache.NoOpCacheConfiguration automatic cache type (CacheCondition)

   ObservationAutoConfiguration matched:
      - @ConditionalOnClass found required class 'io.micrometer.observation.ObservationRegistry' (OnClassCondition)

   ObservationAutoConfiguration.ObservedAspectConfiguration matched:
      - @ConditionalOnClass found required class 'org.aspectj.weaver.Advice' (OnClassCondition)

   ObservationAutoConfiguration.OnlyMetricsConfiguration matched:
      - @ConditionalOnClass found required class 'io.micrometer.core.instrument.MeterRegistry'; @ConditionalOnMissingClass did not find unwanted class 'io.micrometer.tracing.Tracer' (OnClassCondition)

   PersistenceExceptionTranslationAutoConfiguration matched:
      - @ConditionalOnClass found required class 'org.springframework.dao.annotation.PersistenceExceptionTranslationPostProcessor' (OnClassCondition)

   RepositoryMetricsAutoConfiguration matched:
      - @ConditionalOnClass found required class 'org.springframework.data.repository.Repository' (OnClassCondition)

   RestClientAutoConfiguration matched:
      - @ConditionalOnClass found required class 'org.springframework.web.client.RestClient' (OnClassCondition)
      - NoneNestedConditions 0 matched 1 did not; NestedCondition on NotReactiveWebApplicationCondition.ReactiveWebApplication did not find reactive web application classes (NotReactiveWebApplicationCondition)

   RestClientObservationConfiguration matched:
      - @ConditionalOnClass found required class 'org.springframework.web.client.RestClient' (OnClassCondition)

   RestTemplateAutoConfiguration matched:
      - @ConditionalOnClass found required class 'org.springframework.web.client.RestTemplate' (OnClassCondition)
      - NoneNestedConditions 0 matched 1 did not; NestedCondition on NotReactiveWebApplicationCondition.ReactiveWebApplication did not find reactive web application classes (NotReactiveWebApplicationCondition)

   RestTemplateObservationConfiguration matched:
      - @ConditionalOnClass found required class 'org.springframework.web.client.RestTemplate' (OnClassCondition)

   ScheduledTasksObservabilityAutoConfiguration matched:
      - @ConditionalOnClass found required class 'org.springframework.scheduling.concurrent.ThreadPoolTaskScheduler' (OnClassCondition)

   ServletEndpointManagementContextConfiguration matched:
      - found 'session' scope (OnWebApplicationCondition)

   ServletEndpointManagementContextConfiguration.WebMvcServletEndpointManagementContextConfiguration matched:
      - @ConditionalOnClass found required class 'org.springframework.web.servlet.DispatcherServlet' (OnClassCondition)

   ServletManagementContextAutoConfiguration matched:
      - @ConditionalOnClass found required class 'jakarta.servlet.Servlet' (OnClassCondition)
      - found 'session' scope (OnWebApplicationCondition)

   ServletWebServerFactoryAutoConfiguration matched:
      - @ConditionalOnClass found required class 'jakarta.servlet.ServletRequest' (OnClassCondition)
      - found 'session' scope (OnWebApplicationCondition)

   ServletWebServerFactoryConfiguration.EmbeddedTomcat matched:
      - @ConditionalOnClass found required classes 'jakarta.servlet.Servlet', 'org.apache.catalina.startup.Tomcat', 'org.apache.coyote.UpgradeProtocol' (OnClassCondition)

   SimpleCacheConfiguration matched:
      - Cache org.springframework.boot.autoconfigure.cache.SimpleCacheConfiguration automatic cache type (CacheCondition)

   SimpleMetricsExportAutoConfiguration matched:
      - @ConditionalOnEnabledMetricsExport management.simple.metrics.export.enabled is true (OnMetricsExportEnabledCondition)

   SpringDataWebAutoConfiguration matched:
      - @ConditionalOnClass found required classes 'org.springframework.data.web.PageableHandlerMethodArgumentResolver', 'org.springframework.web.servlet.config.annotation.WebMvcConfigurer' (OnClassCondition)
      - found 'session' scope (OnWebApplicationCondition)

   SqlInitializationAutoConfiguration matched:
      - @ConditionalOnProperty (spring.sql.init.enabled) matched (OnPropertyCondition)
      - NoneNestedConditions 0 matched 1 did not; NestedCondition on SqlInitializationAutoConfiguration.SqlInitializationModeCondition.ModeIsNever @ConditionalOnProperty (spring.sql.init.mode=never) did not find property 'mode' (SqlInitializationAutoConfiguration.SqlInitializationModeCondition)

   StartupTimeMetricsListenerAutoConfiguration matched:
      - @ConditionalOnClass found required class 'io.micrometer.core.instrument.MeterRegistry' (OnClassCondition)

   SystemMetricsAutoConfiguration matched:
      - @ConditionalOnClass found required class 'io.micrometer.core.instrument.MeterRegistry' (OnClassCondition)

   TaskExecutionAutoConfiguration matched:
      - @ConditionalOnClass found required class 'org.springframework.scheduling.concurrent.ThreadPoolTaskExecutor' (OnClassCondition)

   TaskExecutorMetricsAutoConfiguration matched:
      - @ConditionalOnClass found required class 'io.micrometer.core.instrument.binder.jvm.ExecutorServiceMetrics' (OnClassCondition)

   TaskSchedulingAutoConfiguration matched:
      - @ConditionalOnClass found required class 'org.springframework.scheduling.concurrent.ThreadPoolTaskScheduler' (OnClassCondition)

   TestcontainersPropertySourceAutoConfiguration matched:
      - @ConditionalOnClass found required class 'org.springframework.test.context.DynamicPropertyRegistry' (OnClassCondition)

   TomcatMetricsAutoConfiguration matched:
      - @ConditionalOnClass found required classes 'io.micrometer.core.instrument.binder.tomcat.TomcatMetrics', 'org.apache.catalina.Manager' (OnClassCondition)
      - @ConditionalOnWebApplication (required) found 'session' scope (OnWebApplicationCondition)

   TransactionAutoConfiguration matched:
      - @ConditionalOnClass found required class 'org.springframework.transaction.PlatformTransactionManager' (OnClassCondition)

   TransactionAutoConfiguration.EnableTransactionManagementConfiguration.CglibAutoProxyConfiguration matched:
      - @ConditionalOnProperty (spring.aop.proxy-target-class=true) matched (OnPropertyCondition)

   TransactionManagerCustomizationAutoConfiguration matched:
      - @ConditionalOnClass found required class 'org.springframework.transaction.PlatformTransactionManager' (OnClassCondition)

   ValidationAutoConfiguration matched:
      - @ConditionalOnClass found required class 'jakarta.validation.executable.ExecutableValidator' (OnClassCondition)
      - @ConditionalOnResource found location classpath:META-INF/services/jakarta.validation.spi.ValidationProvider (OnResourceCondition)

   WebEndpointAutoConfiguration matched:
      - @ConditionalOnWebApplication (required) found 'session' scope (OnWebApplicationCondition)

   WebEndpointAutoConfiguration.WebEndpointServletConfiguration matched:
      - found 'session' scope (OnWebApplicationCondition)

   WebMvcAutoConfiguration matched:
      - @ConditionalOnClass found required classes 'jakarta.servlet.Servlet', 'org.springframework.web.servlet.DispatcherServlet', 'org.springframework.web.servlet.config.annotation.WebMvcConfigurer' (OnClassCondition)
      - found 'session' scope (OnWebApplicationCondition)

   WebMvcEndpointManagementContextConfiguration matched:
      - @ConditionalOnClass found required class 'org.springframework.web.servlet.DispatcherServlet' (OnClassCondition)
      - found 'session' scope (OnWebApplicationCondition)

   WebMvcObservationAutoConfiguration matched:
      - @ConditionalOnClass found required classes 'org.springframework.web.servlet.DispatcherServlet', 'io.micrometer.observation.Observation' (OnClassCondition)
      - found 'session' scope (OnWebApplicationCondition)

   WebMvcObservationAutoConfiguration.MeterFilterConfiguration matched:
      - @ConditionalOnClass found required class 'io.micrometer.core.instrument.MeterRegistry' (OnClassCondition)

   WebSocketServletAutoConfiguration matched:
      - @ConditionalOnClass found required classes 'jakarta.servlet.Servlet', 'jakarta.websocket.server.ServerContainer' (OnClassCondition)
      - found 'session' scope (OnWebApplicationCondition)

   WebSocketServletAutoConfiguration.TomcatWebSocketConfiguration matched:
      - @ConditionalOnClass found required classes 'org.apache.catalina.startup.Tomcat', 'org.apache.tomcat.websocket.server.WsSci' (OnClassCondition)

   XADataSourceAutoConfiguration matched:
      - @ConditionalOnClass found required classes 'javax.sql.DataSource', 'jakarta.transaction.TransactionManager', 'org.springframework.jdbc.datasource.embedded.EmbeddedDatabaseType' (OnClassCondition)


Negative matches:
-----------------

   ActiveMQAutoConfiguration:
      Did not match:
         - @ConditionalOnClass did not find required class 'jakarta.jms.ConnectionFactory' (OnClassCondition)

   AopAutoConfiguration.AspectJAutoProxyingConfiguration.JdkDynamicAutoProxyConfiguration:
      Did not match:
         - @ConditionalOnProperty (spring.aop.proxy-target-class=false) did not find property 'proxy-target-class' (OnPropertyCondition)

   AopAutoConfiguration.ClassProxyingConfiguration:
      Did not match:
         - @ConditionalOnMissingClass found unwanted class 'org.aspectj.weaver.Advice' (OnClassCondition)

   AppOpticsMetricsExportAutoConfiguration:
      Did not match:
         - @ConditionalOnClass did not find required class 'io.micrometer.appoptics.AppOpticsMeterRegistry' (OnClassCondition)

   ArtemisAutoConfiguration:
      Did not match:
         - @ConditionalOnClass did not find required class 'jakarta.jms.ConnectionFactory' (OnClassCondition)

   AtlasMetricsExportAutoConfiguration:
      Did not match:
         - @ConditionalOnClass did not find required class 'io.micrometer.atlas.AtlasMeterRegistry' (OnClassCondition)

   AuditEventsEndpointAutoConfiguration:
      Did not match:
         - @ConditionalOnAvailableEndpoint no 'management.endpoints' property marked it as exposed (OnAvailableEndpointCondition)

   AvailabilityProbesAutoConfiguration:
      Did not match:
         - Probes availability not running on a supported cloud platform (AvailabilityProbesAutoConfiguration.ProbesCondition)

   BatchAutoConfiguration:
      Did not match:
         - @ConditionalOnClass did not find required class 'org.springframework.batch.core.launch.JobLauncher' (OnClassCondition)

   BatchObservationAutoConfiguration:
      Did not match:
         - @ConditionalOnClass did not find required class 'org.springframework.batch.core.configuration.annotation.BatchObservabilityBeanPostProcessor' (OnClassCondition)

   BeansEndpointAutoConfiguration:
      Did not match:
         - @ConditionalOnAvailableEndpoint no 'management.endpoints' property marked it as exposed (OnAvailableEndpointCondition)

   BraveAutoConfiguration:
      Did not match:
         - @ConditionalOnClass did not find required class 'brave.Tracer' (OnClassCondition)

   Cache2kCacheConfiguration:
      Did not match:
         - @ConditionalOnClass did not find required class 'org.cache2k.Cache2kBuilder' (OnClassCondition)

   CacheMeterBinderProvidersConfiguration.Cache2kCacheMeterBinderProviderConfiguration:
      Did not match:
         - @ConditionalOnClass did not find required classes 'org.cache2k.Cache2kBuilder', 'org.cache2k.extra.spring.SpringCache2kCache', 'org.cache2k.extra.micrometer.Cache2kCacheMetrics' (OnClassCondition)

   CacheMeterBinderProvidersConfiguration.CaffeineCacheMeterBinderProviderConfiguration:
      Did not match:
         - @ConditionalOnClass did not find required class 'com.github.benmanes.caffeine.cache.Cache' (OnClassCondition)

   CacheMeterBinderProvidersConfiguration.HazelcastCacheMeterBinderProviderConfiguration:
      Did not match:
         - @ConditionalOnClass did not find required classes 'com.hazelcast.spring.cache.HazelcastCache', 'com.hazelcast.core.Hazelcast' (OnClassCondition)

   CacheMeterBinderProvidersConfiguration.JCacheCacheMeterBinderProviderConfiguration:
      Did not match:
         - @ConditionalOnClass did not find required class 'javax.cache.CacheManager' (OnClassCondition)

   CacheMeterBinderProvidersConfiguration.RedisCacheMeterBinderProviderConfiguration:
      Did not match:
         - @ConditionalOnClass did not find required class 'org.springframework.data.redis.cache.RedisCache' (OnClassCondition)

   CachesEndpointAutoConfiguration:
      Did not match:
         - @ConditionalOnAvailableEndpoint no 'management.endpoints' property marked it as exposed (OnAvailableEndpointCondition)
      Matched:
         - @ConditionalOnClass found required class 'org.springframework.cache.CacheManager' (OnClassCondition)

   CaffeineCacheConfiguration:
      Did not match:
         - @ConditionalOnClass did not find required class 'com.github.benmanes.caffeine.cache.Caffeine' (OnClassCondition)

   CassandraAutoConfiguration:
      Did not match:
         - @ConditionalOnClass did not find required class 'com.datastax.oss.driver.api.core.CqlSession' (OnClassCondition)

   CassandraDataAutoConfiguration:
      Did not match:
         - @ConditionalOnClass did not find required class 'com.datastax.oss.driver.api.core.CqlSession' (OnClassCondition)

   CassandraHealthContributorAutoConfiguration:
      Did not match:
         - @ConditionalOnClass did not find required class 'com.datastax.oss.driver.api.core.CqlSession' (OnClassCondition)

   CassandraReactiveDataAutoConfiguration:
      Did not match:
         - @ConditionalOnClass did not find required class 'com.datastax.oss.driver.api.core.CqlSession' (OnClassCondition)

   CassandraReactiveHealthContributorAutoConfiguration:
      Did not match:
         - @ConditionalOnClass did not find required class 'com.datastax.oss.driver.api.core.CqlSession' (OnClassCondition)

   CassandraReactiveRepositoriesAutoConfiguration:
      Did not match:
         - @ConditionalOnClass did not find required class 'org.springframework.data.cassandra.ReactiveSession' (OnClassCondition)

   CassandraRepositoriesAutoConfiguration:
      Did not match:
         - @ConditionalOnClass did not find required class 'com.datastax.oss.driver.api.core.CqlSession' (OnClassCondition)

   ClientHttpConnectorAutoConfiguration:
      Did not match:
         - @ConditionalOnClass did not find required class 'org.springframework.web.reactive.function.client.WebClient' (OnClassCondition)

   CloudFoundryActuatorAutoConfiguration:
      Did not match:
         - @ConditionalOnCloudPlatform did not find CLOUD_FOUNDRY (OnCloudPlatformCondition)
      Matched:
         - @ConditionalOnClass found required class 'org.springframework.web.servlet.DispatcherServlet' (OnClassCondition)
         - found 'session' scope (OnWebApplicationCondition)
         - @ConditionalOnProperty (management.cloudfoundry.enabled) matched (OnPropertyCondition)

   CodecsAutoConfiguration:
      Did not match:
         - @ConditionalOnClass did not find required class 'org.springframework.web.reactive.function.client.WebClient' (OnClassCondition)

   ConditionsReportEndpointAutoConfiguration:
      Did not match:
         - @ConditionalOnAvailableEndpoint no 'management.endpoints' property marked it as exposed (OnAvailableEndpointCondition)

   ConfigurationPropertiesReportEndpointAutoConfiguration:
      Did not match:
         - @ConditionalOnAvailableEndpoint no 'management.endpoints' property marked it as exposed (OnAvailableEndpointCondition)

   ConnectionFactoryHealthContributorAutoConfiguration:
      Did not match:
         - @ConditionalOnClass did not find required class 'io.r2dbc.spi.ConnectionFactory' (OnClassCondition)

   ConnectionPoolMetricsAutoConfiguration:
      Did not match:
         - @ConditionalOnClass did not find required class 'io.r2dbc.pool.ConnectionPool' (OnClassCondition)

   CouchbaseAutoConfiguration:
      Did not match:
         - @ConditionalOnClass did not find required class 'com.couchbase.client.java.Cluster' (OnClassCondition)

   CouchbaseCacheConfiguration:
      Did not match:
         - @ConditionalOnClass did not find required class 'com.couchbase.client.java.Cluster' (OnClassCondition)

   CouchbaseDataAutoConfiguration:
      Did not match:
         - @ConditionalOnClass did not find required class 'com.couchbase.client.java.Bucket' (OnClassCondition)

   CouchbaseHealthContributorAutoConfiguration:
      Did not match:
         - @ConditionalOnClass did not find required class 'com.couchbase.client.java.Cluster' (OnClassCondition)

   CouchbaseReactiveDataAutoConfiguration:
      Did not match:
         - @ConditionalOnClass did not find required class 'com.couchbase.client.java.Cluster' (OnClassCondition)

   CouchbaseReactiveHealthContributorAutoConfiguration:
      Did not match:
         - @ConditionalOnClass did not find required class 'com.couchbase.client.java.Cluster' (OnClassCondition)

   CouchbaseReactiveRepositoriesAutoConfiguration:
      Did not match:
         - @ConditionalOnClass did not find required class 'com.couchbase.client.java.Cluster' (OnClassCondition)

   CouchbaseRepositoriesAutoConfiguration:
      Did not match:
         - @ConditionalOnClass did not find required class 'com.couchbase.client.java.Bucket' (OnClassCondition)

   DataSourceAutoConfiguration.EmbeddedDatabaseConfiguration:
      Did not match:
         - EmbeddedDataSource found supported pooled data source (DataSourceAutoConfiguration.EmbeddedDatabaseCondition)

   DataSourceCheckpointRestoreConfiguration:
      Did not match:
         - @ConditionalOnClass did not find required class 'org.crac.Resource' (OnClassCondition)

   DataSourceConfiguration.Dbcp2:
      Did not match:
         - @ConditionalOnClass did not find required class 'org.apache.commons.dbcp2.BasicDataSource' (OnClassCondition)

   DataSourceConfiguration.Generic:
      Did not match:
         - @ConditionalOnProperty (spring.datasource.type) did not find property 'spring.datasource.type' (OnPropertyCondition)

   DataSourceConfiguration.OracleUcp:
      Did not match:
         - @ConditionalOnClass did not find required classes 'oracle.ucp.jdbc.PoolDataSourceImpl', 'oracle.jdbc.OracleConnection' (OnClassCondition)

   DataSourceConfiguration.Tomcat:
      Did not match:
         - @ConditionalOnClass did not find required class 'org.apache.tomcat.jdbc.pool.DataSource' (OnClassCondition)

   DataSourceJmxConfiguration:
      Did not match:
         - @ConditionalOnProperty (spring.jmx.enabled=true) found different value in property 'enabled' (OnPropertyCondition)

   DataSourcePoolMetadataProvidersConfiguration.CommonsDbcp2PoolDataSourceMetadataProviderConfiguration:
      Did not match:
         - @ConditionalOnClass did not find required class 'org.apache.commons.dbcp2.BasicDataSource' (OnClassCondition)

   DataSourcePoolMetadataProvidersConfiguration.OracleUcpPoolDataSourceMetadataProviderConfiguration:
      Did not match:
         - @ConditionalOnClass did not find required classes 'oracle.ucp.jdbc.PoolDataSource', 'oracle.jdbc.OracleConnection' (OnClassCondition)

   DataSourcePoolMetadataProvidersConfiguration.TomcatDataSourcePoolMetadataProviderConfiguration:
      Did not match:
         - @ConditionalOnClass did not find required class 'org.apache.tomcat.jdbc.pool.DataSource' (OnClassCondition)

   DatadogMetricsExportAutoConfiguration:
      Did not match:
         - @ConditionalOnClass did not find required class 'io.micrometer.datadog.DatadogMeterRegistry' (OnClassCondition)

   DevToolsDataSourceAutoConfiguration:
      Did not match:
         - Devtools devtools is disabled for current context. (OnEnabledDevToolsCondition)
      Matched:
         - @ConditionalOnClass found required class 'javax.sql.DataSource' (OnClassCondition)

   DevToolsR2dbcAutoConfiguration:
      Did not match:
         - @ConditionalOnClass did not find required class 'io.r2dbc.spi.ConnectionFactory' (OnClassCondition)

   DynatraceMetricsExportAutoConfiguration:
      Did not match:
         - @ConditionalOnClass did not find required class 'io.micrometer.dynatrace.DynatraceMeterRegistry' (OnClassCondition)

   ElasticMetricsExportAutoConfiguration:
      Did not match:
         - @ConditionalOnClass did not find required class 'io.micrometer.elastic.ElasticMeterRegistry' (OnClassCondition)

   ElasticsearchClientAutoConfiguration:
      Did not match:
         - @ConditionalOnClass did not find required class 'co.elastic.clients.elasticsearch.ElasticsearchClient' (OnClassCondition)

   ElasticsearchDataAutoConfiguration:
      Did not match:
         - @ConditionalOnClass did not find required class 'org.springframework.data.elasticsearch.client.elc.ElasticsearchTemplate' (OnClassCondition)

   ElasticsearchReactiveHealthContributorAutoConfiguration:
      Did not match:
         - @ConditionalOnClass did not find required class 'reactor.core.publisher.Flux' (OnClassCondition)

   ElasticsearchRepositoriesAutoConfiguration:
      Did not match:
         - @ConditionalOnClass did not find required class 'org.springframework.data.elasticsearch.repository.ElasticsearchRepository' (OnClassCondition)

   ElasticsearchRestClientAutoConfiguration:
      Did not match:
         - @ConditionalOnClass did not find required class 'org.elasticsearch.client.RestClientBuilder' (OnClassCondition)

   ElasticsearchRestHealthContributorAutoConfiguration:
      Did not match:
         - @ConditionalOnClass did not find required class 'org.elasticsearch.client.RestClient' (OnClassCondition)

   EmbeddedLdapAutoConfiguration:
      Did not match:
         - @ConditionalOnClass did not find required class 'com.unboundid.ldap.listener.InMemoryDirectoryServer' (OnClassCondition)

   EmbeddedWebServerFactoryCustomizerAutoConfiguration:
      Did not match:
         - Application is deployed as a WAR file. (OnWarDeploymentCondition)
      Matched:
         - @ConditionalOnWebApplication (required) found 'session' scope (OnWebApplicationCondition)

   EnvironmentEndpointAutoConfiguration:
      Did not match:
         - @ConditionalOnAvailableEndpoint no 'management.endpoints' property marked it as exposed (OnAvailableEndpointCondition)

   ErrorWebFluxAutoConfiguration:
      Did not match:
         - @ConditionalOnClass did not find required class 'org.springframework.web.reactive.config.WebFluxConfigurer' (OnClassCondition)

   FlywayAutoConfiguration:
      Did not match:
         - @ConditionalOnClass did not find required class 'org.flywaydb.core.Flyway' (OnClassCondition)

   FlywayEndpointAutoConfiguration:
      Did not match:
         - @ConditionalOnClass did not find required class 'org.flywaydb.core.Flyway' (OnClassCondition)

   FreeMarkerAutoConfiguration:
      Did not match:
         - @ConditionalOnClass did not find required class 'freemarker.template.Configuration' (OnClassCondition)

   GangliaMetricsExportAutoConfiguration:
      Did not match:
         - @ConditionalOnClass did not find required class 'io.micrometer.ganglia.GangliaMeterRegistry' (OnClassCondition)

   GraphQlAutoConfiguration:
      Did not match:
         - @ConditionalOnClass did not find required class 'graphql.GraphQL' (OnClassCondition)

   GraphQlObservationAutoConfiguration:
      Did not match:
         - @ConditionalOnClass did not find required class 'graphql.GraphQL' (OnClassCondition)

   GraphQlQueryByExampleAutoConfiguration:
      Did not match:
         - @ConditionalOnClass did not find required class 'graphql.GraphQL' (OnClassCondition)

   GraphQlQuerydslAutoConfiguration:
      Did not match:
         - @ConditionalOnClass did not find required class 'com.querydsl.core.Query' (OnClassCondition)

   GraphQlRSocketAutoConfiguration:
      Did not match:
         - @ConditionalOnClass did not find required class 'graphql.GraphQL' (OnClassCondition)

   GraphQlReactiveQueryByExampleAutoConfiguration:
      Did not match:
         - @ConditionalOnClass did not find required class 'graphql.GraphQL' (OnClassCondition)

   GraphQlReactiveQuerydslAutoConfiguration:
      Did not match:
         - @ConditionalOnClass did not find required class 'com.querydsl.core.Query' (OnClassCondition)

   GraphQlWebFluxAutoConfiguration:
      Did not match:
         - @ConditionalOnClass did not find required class 'graphql.GraphQL' (OnClassCondition)

   GraphQlWebFluxSecurityAutoConfiguration:
      Did not match:
         - @ConditionalOnClass did not find required class 'graphql.GraphQL' (OnClassCondition)

   GraphQlWebMvcAutoConfiguration:
      Did not match:
         - @ConditionalOnClass did not find required class 'graphql.GraphQL' (OnClassCondition)

   GraphQlWebMvcSecurityAutoConfiguration:
      Did not match:
         - @ConditionalOnClass did not find required class 'graphql.GraphQL' (OnClassCondition)

   GraphiteMetricsExportAutoConfiguration:
      Did not match:
         - @ConditionalOnClass did not find required class 'io.micrometer.graphite.GraphiteMeterRegistry' (OnClassCondition)

   GroovyTemplateAutoConfiguration:
      Did not match:
         - @ConditionalOnClass did not find required class 'groovy.text.markup.MarkupTemplateEngine' (OnClassCondition)

   GsonAutoConfiguration:
      Did not match:
         - @ConditionalOnClass did not find required class 'com.google.gson.Gson' (OnClassCondition)

   GsonHttpMessageConvertersConfiguration:
      Did not match:
         - @ConditionalOnClass did not find required class 'com.google.gson.Gson' (OnClassCondition)

   H2ConsoleAutoConfiguration:
      Did not match:
         - @ConditionalOnClass did not find required class 'org.h2.server.web.JakartaWebServlet' (OnClassCondition)

   HazelcastAutoConfiguration:
      Did not match:
         - @ConditionalOnClass did not find required class 'com.hazelcast.core.HazelcastInstance' (OnClassCondition)

   HazelcastCacheConfiguration:
      Did not match:
         - @ConditionalOnClass did not find required class 'com.hazelcast.core.HazelcastInstance' (OnClassCondition)

   HazelcastHealthContributorAutoConfiguration:
      Did not match:
         - @ConditionalOnClass did not find required class 'com.hazelcast.core.HazelcastInstance' (OnClassCondition)

   HazelcastJpaDependencyAutoConfiguration:
      Did not match:
         - @ConditionalOnClass did not find required class 'com.hazelcast.core.HazelcastInstance' (OnClassCondition)

   HealthEndpointReactiveWebExtensionConfiguration:
      Did not match:
         - did not find reactive web application classes (OnWebApplicationCondition)

   HealthEndpointWebExtensionConfiguration.JerseyAdditionalHealthEndpointPathsConfiguration:
      Did not match:
         - @ConditionalOnClass did not find required class 'org.glassfish.jersey.server.ResourceConfig' (OnClassCondition)

   HeapDumpWebEndpointAutoConfiguration:
      Did not match:
         - @ConditionalOnAvailableEndpoint no 'management.endpoints' property marked it as exposed (OnAvailableEndpointCondition)

   HibernateMetricsAutoConfiguration:
      Did not match:
         - @ConditionalOnClass did not find required class 'org.hibernate.stat.HibernateMetrics' (OnClassCondition)

   HttpExchangesAutoConfiguration.ReactiveHttpExchangesConfiguration:
      Did not match:
         - did not find reactive web application classes (OnWebApplicationCondition)

   HttpExchangesEndpointAutoConfiguration:
      Did not match:
         - @ConditionalOnAvailableEndpoint no 'management.endpoints' property marked it as exposed (OnAvailableEndpointCondition)

   HttpHandlerAutoConfiguration:
      Did not match:
         - @ConditionalOnClass did not find required class 'org.springframework.web.reactive.DispatcherHandler' (OnClassCondition)

   HumioMetricsExportAutoConfiguration:
      Did not match:
         - @ConditionalOnClass did not find required class 'io.micrometer.humio.HumioMeterRegistry' (OnClassCondition)

   HypermediaAutoConfiguration:
      Did not match:
         - @ConditionalOnClass did not find required class 'org.springframework.hateoas.EntityModel' (OnClassCondition)

   InfinispanCacheConfiguration:
      Did not match:
         - @ConditionalOnClass did not find required class 'org.infinispan.spring.embedded.provider.SpringEmbeddedCacheManager' (OnClassCondition)

   InfluxDbAutoConfiguration:
      Did not match:
         - @ConditionalOnClass did not find required class 'org.influxdb.InfluxDB' (OnClassCondition)

   InfluxDbHealthContributorAutoConfiguration:
      Did not match:
         - @ConditionalOnClass did not find required class 'org.influxdb.InfluxDB' (OnClassCondition)

   InfluxMetricsExportAutoConfiguration:
      Did not match:
         - @ConditionalOnClass did not find required class 'io.micrometer.influx.InfluxMeterRegistry' (OnClassCondition)

   InfoEndpointAutoConfiguration:
      Did not match:
         - @ConditionalOnAvailableEndpoint no 'management.endpoints' property marked it as exposed (OnAvailableEndpointCondition)

   IntegrationAutoConfiguration:
      Did not match:
         - @ConditionalOnClass did not find required class 'org.springframework.integration.config.EnableIntegration' (OnClassCondition)

   IntegrationGraphEndpointAutoConfiguration:
      Did not match:
         - @ConditionalOnClass did not find required class 'org.springframework.integration.graph.IntegrationGraphServer' (OnClassCondition)

   JCacheCacheConfiguration:
      Did not match:
         - @ConditionalOnClass did not find required class 'javax.cache.Caching' (OnClassCondition)

   JacksonHttpMessageConvertersConfiguration.MappingJackson2XmlHttpMessageConverterConfiguration:
      Did not match:
         - @ConditionalOnClass did not find required class 'com.fasterxml.jackson.dataformat.xml.XmlMapper' (OnClassCondition)

   JdbcRepositoriesAutoConfiguration:
      Did not match:
         - @ConditionalOnClass did not find required class 'org.springframework.data.jdbc.repository.config.AbstractJdbcConfiguration' (OnClassCondition)

   JerseyAutoConfiguration:
      Did not match:
         - @ConditionalOnClass did not find required class 'org.glassfish.jersey.server.spring.SpringComponentProvider' (OnClassCondition)

   JerseySameManagementContextConfiguration:
      Did not match:
         - @ConditionalOnClass did not find required class 'org.glassfish.jersey.server.ResourceConfig' (OnClassCondition)

   JerseyServerMetricsAutoConfiguration:
      Did not match:
         - @ConditionalOnClass did not find required class 'org.glassfish.jersey.micrometer.server.ObservationApplicationEventListener' (OnClassCondition)

   JerseyWebEndpointManagementContextConfiguration:
      Did not match:
         - @ConditionalOnClass did not find required class 'org.glassfish.jersey.server.ResourceConfig' (OnClassCondition)

   JettyMetricsAutoConfiguration:
      Did not match:
         - @ConditionalOnClass did not find required class 'org.eclipse.jetty.server.Server' (OnClassCondition)

   JmsAutoConfiguration:
      Did not match:
         - @ConditionalOnClass did not find required class 'jakarta.jms.Message' (OnClassCondition)

   JmsHealthContributorAutoConfiguration:
      Did not match:
         - @ConditionalOnClass did not find required class 'jakarta.jms.ConnectionFactory' (OnClassCondition)

   JmxAutoConfiguration:
      Did not match:
         - @ConditionalOnProperty (spring.jmx.enabled=true) found different value in property 'enabled' (OnPropertyCondition)
      Matched:
         - @ConditionalOnClass found required class 'org.springframework.jmx.export.MBeanExporter' (OnClassCondition)

   JmxEndpointAutoConfiguration:
      Did not match:
         - @ConditionalOnProperty (spring.jmx.enabled=true) found different value in property 'enabled' (OnPropertyCondition)

   JmxMetricsExportAutoConfiguration:
      Did not match:
         - @ConditionalOnClass did not find required class 'io.micrometer.jmx.JmxMeterRegistry' (OnClassCondition)

   JndiConnectionFactoryAutoConfiguration:
      Did not match:
         - @ConditionalOnClass did not find required class 'org.springframework.jms.core.JmsTemplate' (OnClassCondition)

   JndiDataSourceAutoConfiguration:
      Did not match:
         - @ConditionalOnProperty (spring.datasource.jndi-name) did not find property 'jndi-name' (OnPropertyCondition)
      Matched:
         - @ConditionalOnClass found required classes 'javax.sql.DataSource', 'org.springframework.jdbc.datasource.embedded.EmbeddedDatabaseType' (OnClassCondition)

   JndiJtaConfiguration:
      Did not match:
         - @ConditionalOnJndi JNDI environment is not available (OnJndiCondition)
      Matched:
         - @ConditionalOnClass found required class 'org.springframework.transaction.jta.JtaTransactionManager' (OnClassCondition)

   JooqAutoConfiguration:
      Did not match:
         - @ConditionalOnClass did not find required class 'org.jooq.DSLContext' (OnClassCondition)

   JsonbAutoConfiguration:
      Did not match:
         - @ConditionalOnClass did not find required class 'jakarta.json.bind.Jsonb' (OnClassCondition)

   JsonbHttpMessageConvertersConfiguration:
      Did not match:
         - @ConditionalOnClass did not find required class 'jakarta.json.bind.Jsonb' (OnClassCondition)

   KafkaStreamsAnnotationDrivenConfiguration:
      Did not match:
         - @ConditionalOnClass did not find required class 'org.apache.kafka.streams.StreamsBuilder' (OnClassCondition)

   KairosMetricsExportAutoConfiguration:
      Did not match:
         - @ConditionalOnClass did not find required class 'io.micrometer.kairos.KairosMeterRegistry' (OnClassCondition)

   LdapAutoConfiguration:
      Did not match:
         - @ConditionalOnClass did not find required class 'org.springframework.ldap.core.ContextSource' (OnClassCondition)

   LdapHealthContributorAutoConfiguration:
      Did not match:
         - @ConditionalOnClass did not find required class 'org.springframework.ldap.core.LdapOperations' (OnClassCondition)

   LdapRepositoriesAutoConfiguration:
      Did not match:
         - @ConditionalOnClass did not find required class 'org.springframework.data.ldap.repository.LdapRepository' (OnClassCondition)

   LettuceMetricsAutoConfiguration:
      Did not match:
         - @ConditionalOnClass did not find required class 'io.lettuce.core.metrics.MicrometerCommandLatencyRecorder' (OnClassCondition)

   LiquibaseAutoConfiguration:
      Did not match:
         - @ConditionalOnProperty (spring.liquibase.enabled) found different value in property 'enabled' (OnPropertyCondition)
      Matched:
         - @ConditionalOnClass found required classes 'liquibase.integration.spring.SpringLiquibase', 'liquibase.change.DatabaseChange' (OnClassCondition)

   LiquibaseEndpointAutoConfiguration:
      Did not match:
         - @ConditionalOnAvailableEndpoint no 'management.endpoints' property marked it as exposed (OnAvailableEndpointCondition)
      Matched:
         - @ConditionalOnClass found required class 'liquibase.integration.spring.SpringLiquibase' (OnClassCondition)

   LocalDevToolsAutoConfiguration:
      Did not match:
         - Initialized Restarter Condition initialized without URLs (OnInitializedRestarterCondition)

   Log4J2MetricsAutoConfiguration:
      Did not match:
         - @ConditionalOnClass did not find required class 'org.apache.logging.log4j.core.LoggerContext' (OnClassCondition)

   LogFileWebEndpointAutoConfiguration:
      Did not match:
         - @ConditionalOnAvailableEndpoint no 'management.endpoints' property marked it as exposed (OnAvailableEndpointCondition)

   LoggersEndpointAutoConfiguration:
      Did not match:
         - @ConditionalOnAvailableEndpoint no 'management.endpoints' property marked it as exposed (OnAvailableEndpointCondition)

   MailSenderJndiConfiguration:
      Did not match:
         - @ConditionalOnProperty (spring.mail.jndi-name) did not find property 'jndi-name' (OnPropertyCondition)
      Matched:
         - @ConditionalOnClass found required class 'jakarta.mail.Session' (OnClassCondition)

   MailSenderValidatorAutoConfiguration:
      Did not match:
         - @ConditionalOnProperty (spring.mail.test-connection) did not find property 'test-connection' (OnPropertyCondition)

   ManagementContextAutoConfiguration.DifferentManagementContextConfiguration:
      Did not match:
         - Management Port actual port type (SAME) did not match required type (DIFFERENT) (OnManagementPortCondition)

   MappingsEndpointAutoConfiguration:
      Did not match:
         - @ConditionalOnAvailableEndpoint no 'management.endpoints' property marked it as exposed (OnAvailableEndpointCondition)

   MessageSourceAutoConfiguration:
      Did not match:
         - ResourceBundle did not find bundle with basename messages (MessageSourceAutoConfiguration.ResourceBundleCondition)

   MetricsAspectsAutoConfiguration:
      Did not match:
         - AnyNestedCondition 0 matched 2 did not; NestedCondition on MetricsAspectsAutoConfiguration.ObservationAnnotationsEnabledCondition.ManagementObservationsEnabledCondition @ConditionalOnProperty (management.observations.annotations.enabled=true) did not find property 'enabled'; NestedCondition on MetricsAspectsAutoConfiguration.ObservationAnnotationsEnabledCondition.MicrometerObservationsEnabledCondition @ConditionalOnProperty (micrometer.observations.annotations.enabled=true) did not find property 'enabled' (MetricsAspectsAutoConfiguration.ObservationAnnotationsEnabledCondition)
      Matched:
         - @ConditionalOnClass found required classes 'io.micrometer.core.instrument.MeterRegistry', 'org.aspectj.weaver.Advice' (OnClassCondition)

   MetricsEndpointAutoConfiguration:
      Did not match:
         - @ConditionalOnAvailableEndpoint no 'management.endpoints' property marked it as exposed (OnAvailableEndpointCondition)
      Matched:
         - @ConditionalOnClass found required class 'io.micrometer.core.annotation.Timed' (OnClassCondition)

   MicrometerTracingAutoConfiguration:
      Did not match:
         - @ConditionalOnClass did not find required class 'io.micrometer.tracing.Tracer' (OnClassCondition)

   MongoAutoConfiguration:
      Did not match:
         - @ConditionalOnClass did not find required class 'com.mongodb.client.MongoClient' (OnClassCondition)

   MongoDataAutoConfiguration:
      Did not match:
         - @ConditionalOnClass did not find required class 'com.mongodb.client.MongoClient' (OnClassCondition)

   MongoHealthContributorAutoConfiguration:
      Did not match:
         - @ConditionalOnClass did not find required class 'org.springframework.data.mongodb.core.MongoTemplate' (OnClassCondition)

   MongoMetricsAutoConfiguration:
      Did not match:
         - @ConditionalOnClass did not find required class 'com.mongodb.MongoClientSettings' (OnClassCondition)

   MongoReactiveAutoConfiguration:
      Did not match:
         - @ConditionalOnClass did not find required class 'com.mongodb.reactivestreams.client.MongoClient' (OnClassCondition)

   MongoReactiveDataAutoConfiguration:
      Did not match:
         - @ConditionalOnClass did not find required class 'com.mongodb.reactivestreams.client.MongoClient' (OnClassCondition)

   MongoReactiveHealthContributorAutoConfiguration:
      Did not match:
         - @ConditionalOnClass did not find required class 'reactor.core.publisher.Flux' (OnClassCondition)

   MongoReactiveRepositoriesAutoConfiguration:
      Did not match:
         - @ConditionalOnClass did not find required class 'com.mongodb.reactivestreams.client.MongoClient' (OnClassCondition)

   MongoRepositoriesAutoConfiguration:
      Did not match:
         - @ConditionalOnClass did not find required class 'com.mongodb.client.MongoClient' (OnClassCondition)

   MustacheAutoConfiguration:
      Did not match:
         - @ConditionalOnClass did not find required class 'com.samskivert.mustache.Mustache' (OnClassCondition)

   Neo4jAutoConfiguration:
      Did not match:
         - @ConditionalOnClass did not find required class 'org.neo4j.driver.Driver' (OnClassCondition)

   Neo4jDataAutoConfiguration:
      Did not match:
         - @ConditionalOnClass did not find required class 'org.neo4j.driver.Driver' (OnClassCondition)

   Neo4jHealthContributorAutoConfiguration:
      Did not match:
         - @ConditionalOnClass did not find required class 'org.neo4j.driver.Driver' (OnClassCondition)

   Neo4jReactiveDataAutoConfiguration:
      Did not match:
         - @ConditionalOnClass did not find required class 'org.neo4j.driver.Driver' (OnClassCondition)

   Neo4jReactiveRepositoriesAutoConfiguration:
      Did not match:
         - @ConditionalOnClass did not find required class 'org.neo4j.driver.Driver' (OnClassCondition)

   Neo4jRepositoriesAutoConfiguration:
      Did not match:
         - @ConditionalOnClass did not find required class 'org.neo4j.driver.Driver' (OnClassCondition)

   NewRelicMetricsExportAutoConfiguration:
      Did not match:
         - @ConditionalOnClass did not find required class 'io.micrometer.newrelic.NewRelicMeterRegistry' (OnClassCondition)

   NoopTracerAutoConfiguration:
      Did not match:
         - @ConditionalOnClass did not find required class 'io.micrometer.tracing.Tracer' (OnClassCondition)

   OAuth2AuthorizationServerAutoConfiguration:
      Did not match:
         - @ConditionalOnClass did not find required class 'org.springframework.security.oauth2.server.authorization.OAuth2Authorization' (OnClassCondition)

   OAuth2AuthorizationServerJwtAutoConfiguration:
      Did not match:
         - @ConditionalOnClass did not find required class 'org.springframework.security.oauth2.server.authorization.OAuth2Authorization' (OnClassCondition)

   OAuth2ClientAutoConfiguration:
      Did not match:
         - @ConditionalOnClass did not find required class 'org.springframework.security.config.annotation.web.configuration.EnableWebSecurity' (OnClassCondition)

   OAuth2ResourceServerAutoConfiguration:
      Did not match:
         - @ConditionalOnClass did not find required class 'org.springframework.security.oauth2.server.resource.authentication.BearerTokenAuthenticationToken' (OnClassCondition)

   ObservationAutoConfiguration.MeterObservationHandlerConfiguration.TracingAndMetricsObservationHandlerConfiguration:
      Did not match:
         - @ConditionalOnBean did not find required type 'io.micrometer.tracing.Tracer' (OnBeanCondition)

   ObservationAutoConfiguration.MetricsWithTracingConfiguration:
      Did not match:
         - @ConditionalOnClass did not find required class 'io.micrometer.tracing.Tracer' (OnClassCondition)

   ObservationAutoConfiguration.OnlyTracingConfiguration:
      Did not match:
         - @ConditionalOnClass did not find required class 'io.micrometer.tracing.Tracer' (OnClassCondition)

   org.springframework.boot.actuate.autoconfigure.opentelemetry.OpenTelemetryAutoConfiguration:
      Did not match:
         - @ConditionalOnClass did not find required class 'io.opentelemetry.sdk.OpenTelemetrySdk' (OnClassCondition)

   org.springframework.boot.actuate.autoconfigure.tracing.OpenTelemetryAutoConfiguration:
      Did not match:
         - @ConditionalOnClass did not find required class 'io.micrometer.tracing.otel.bridge.OtelTracer' (OnClassCondition)

   OtlpAutoConfiguration:
      Did not match:
         - @ConditionalOnClass did not find required class 'io.micrometer.tracing.otel.bridge.OtelTracer' (OnClassCondition)

   OtlpMetricsExportAutoConfiguration:
      Did not match:
         - @ConditionalOnClass did not find required class 'io.micrometer.registry.otlp.OtlpMeterRegistry' (OnClassCondition)

   PrometheusExemplarsAutoConfiguration:
      Did not match:
         - @ConditionalOnClass did not find required class 'io.micrometer.tracing.Tracer' (OnClassCondition)

   PrometheusMetricsExportAutoConfiguration:
      Did not match:
         - @ConditionalOnClass did not find required class 'io.micrometer.prometheusmetrics.PrometheusMeterRegistry' (OnClassCondition)

   PrometheusSimpleclientExemplarsAutoConfiguration:
      Did not match:
         - @ConditionalOnClass did not find required class 'io.micrometer.tracing.Tracer' (OnClassCondition)

   PrometheusSimpleclientMetricsExportAutoConfiguration:
      Did not match:
         - @ConditionalOnClass did not find required class 'io.micrometer.prometheus.PrometheusMeterRegistry' (OnClassCondition)

   PulsarAutoConfiguration:
      Did not match:
         - @ConditionalOnClass did not find required class 'org.apache.pulsar.client.api.PulsarClient' (OnClassCondition)

   PulsarReactiveAutoConfiguration:
      Did not match:
         - @ConditionalOnClass did not find required class 'org.apache.pulsar.client.api.PulsarClient' (OnClassCondition)

   QuartzAutoConfiguration:
      Did not match:
         - @ConditionalOnClass did not find required class 'org.quartz.Scheduler' (OnClassCondition)

   QuartzEndpointAutoConfiguration:
      Did not match:
         - @ConditionalOnClass did not find required class 'org.quartz.Scheduler' (OnClassCondition)

   R2dbcAutoConfiguration:
      Did not match:
         - @ConditionalOnClass did not find required class 'io.r2dbc.spi.ConnectionFactory' (OnClassCondition)

   R2dbcDataAutoConfiguration:
      Did not match:
         - @ConditionalOnClass did not find required class 'org.springframework.data.r2dbc.core.R2dbcEntityTemplate' (OnClassCondition)

   R2dbcInitializationConfiguration:
      Did not match:
         - @ConditionalOnClass did not find required classes 'io.r2dbc.spi.ConnectionFactory', 'org.springframework.r2dbc.connection.init.DatabasePopulator' (OnClassCondition)

   R2dbcObservationAutoConfiguration:
      Did not match:
         - @ConditionalOnClass did not find required class 'io.r2dbc.proxy.ProxyConnectionFactory' (OnClassCondition)

   R2dbcRepositoriesAutoConfiguration:
      Did not match:
         - @ConditionalOnClass did not find required class 'io.r2dbc.spi.ConnectionFactory' (OnClassCondition)

   R2dbcTransactionManagerAutoConfiguration:
      Did not match:
         - @ConditionalOnClass did not find required class 'org.springframework.r2dbc.connection.R2dbcTransactionManager' (OnClassCondition)

   RSocketGraphQlClientAutoConfiguration:
      Did not match:
         - @ConditionalOnClass did not find required class 'graphql.GraphQL' (OnClassCondition)

   RSocketMessagingAutoConfiguration:
      Did not match:
         - @ConditionalOnClass did not find required class 'io.rsocket.RSocket' (OnClassCondition)

   RSocketRequesterAutoConfiguration:
      Did not match:
         - @ConditionalOnClass did not find required class 'io.rsocket.RSocket' (OnClassCondition)

   RSocketSecurityAutoConfiguration:
      Did not match:
         - @ConditionalOnClass did not find required class 'org.springframework.security.rsocket.core.SecuritySocketAcceptorInterceptor' (OnClassCondition)

   RSocketServerAutoConfiguration:
      Did not match:
         - @ConditionalOnClass did not find required class 'io.rsocket.core.RSocketServer' (OnClassCondition)

   RSocketStrategiesAutoConfiguration:
      Did not match:
         - @ConditionalOnClass did not find required class 'io.rsocket.RSocket' (OnClassCondition)

   RabbitAutoConfiguration:
      Did not match:
         - @ConditionalOnClass did not find required class 'com.rabbitmq.client.Channel' (OnClassCondition)

   RabbitHealthContributorAutoConfiguration:
      Did not match:
         - @ConditionalOnClass did not find required class 'org.springframework.amqp.rabbit.core.RabbitTemplate' (OnClassCondition)

   RabbitMetricsAutoConfiguration:
      Did not match:
         - @ConditionalOnClass did not find required class 'com.rabbitmq.client.ConnectionFactory' (OnClassCondition)

   ReactiveCloudFoundryActuatorAutoConfiguration:
      Did not match:
         - @ConditionalOnWebApplication did not find reactive web application classes (OnWebApplicationCondition)

   ReactiveElasticsearchClientAutoConfiguration:
      Did not match:
         - @ConditionalOnClass did not find required class 'co.elastic.clients.transport.ElasticsearchTransport' (OnClassCondition)

   ReactiveElasticsearchRepositoriesAutoConfiguration:
      Did not match:
         - @ConditionalOnClass did not find required class 'reactor.core.publisher.Mono' (OnClassCondition)

   ReactiveHealthEndpointConfiguration:
      Did not match:
         - @ConditionalOnClass did not find required class 'reactor.core.publisher.Flux' (OnClassCondition)

   ReactiveManagementContextAutoConfiguration:
      Did not match:
         - @ConditionalOnClass did not find required class 'reactor.core.publisher.Flux' (OnClassCondition)

   ReactiveManagementWebSecurityAutoConfiguration:
      Did not match:
         - @ConditionalOnClass did not find required class 'org.springframework.security.config.annotation.web.reactive.EnableWebFluxSecurity' (OnClassCondition)

   ReactiveMultipartAutoConfiguration:
      Did not match:
         - @ConditionalOnClass did not find required class 'org.springframework.web.reactive.config.WebFluxConfigurer' (OnClassCondition)

   ReactiveOAuth2ClientAutoConfiguration:
      Did not match:
         - @ConditionalOnClass did not find required class 'reactor.core.publisher.Flux' (OnClassCondition)

   ReactiveOAuth2ResourceServerAutoConfiguration:
      Did not match:
         - @ConditionalOnClass did not find required class 'org.springframework.security.config.annotation.web.reactive.EnableWebFluxSecurity' (OnClassCondition)

   ReactiveSecurityAutoConfiguration:
      Did not match:
         - @ConditionalOnClass did not find required class 'reactor.core.publisher.Flux' (OnClassCondition)

   ReactiveUserDetailsServiceAutoConfiguration:
      Did not match:
         - @ConditionalOnClass did not find required class 'org.springframework.security.authentication.ReactiveAuthenticationManager' (OnClassCondition)

   ReactiveWebServerFactoryAutoConfiguration:
      Did not match:
         - @ConditionalOnWebApplication did not find reactive web application classes (OnWebApplicationCondition)

   ReactorAutoConfiguration:
      Did not match:
         - @ConditionalOnClass did not find required class 'reactor.core.publisher.Hooks' (OnClassCondition)

   RedisAutoConfiguration:
      Did not match:
         - @ConditionalOnClass did not find required class 'org.springframework.data.redis.core.RedisOperations' (OnClassCondition)

   RedisCacheConfiguration:
      Did not match:
         - @ConditionalOnClass did not find required class 'org.springframework.data.redis.connection.RedisConnectionFactory' (OnClassCondition)

   RedisHealthContributorAutoConfiguration:
      Did not match:
         - @ConditionalOnClass did not find required class 'org.springframework.data.redis.connection.RedisConnectionFactory' (OnClassCondition)

   RedisReactiveAutoConfiguration:
      Did not match:
         - @ConditionalOnClass did not find required class 'reactor.core.publisher.Flux' (OnClassCondition)

   RedisReactiveHealthContributorAutoConfiguration:
      Did not match:
         - @ConditionalOnClass did not find required class 'reactor.core.publisher.Flux' (OnClassCondition)

   RedisRepositoriesAutoConfiguration:
      Did not match:
         - @ConditionalOnClass did not find required class 'org.springframework.data.redis.repository.configuration.EnableRedisRepositories' (OnClassCondition)

   RemoteDevToolsAutoConfiguration:
      Did not match:
         - @ConditionalOnProperty (spring.devtools.remote.secret) did not find property 'secret' (OnPropertyCondition)
      Matched:
         - @ConditionalOnClass found required classes 'jakarta.servlet.Filter', 'org.springframework.http.server.ServerHttpRequest' (OnClassCondition)

   RepositoryRestMvcAutoConfiguration:
      Did not match:
         - @ConditionalOnClass did not find required class 'org.springframework.data.rest.webmvc.config.RepositoryRestMvcConfiguration' (OnClassCondition)

   Saml2RelyingPartyAutoConfiguration:
      Did not match:
         - @ConditionalOnClass did not find required class 'org.springframework.security.saml2.provider.service.registration.RelyingPartyRegistrationRepository' (OnClassCondition)

   SbomEndpointAutoConfiguration:
      Did not match:
         - @ConditionalOnAvailableEndpoint no 'management.endpoints' property marked it as exposed (OnAvailableEndpointCondition)

   ScheduledTasksEndpointAutoConfiguration:
      Did not match:
         - @ConditionalOnAvailableEndpoint no 'management.endpoints' property marked it as exposed (OnAvailableEndpointCondition)

   SecurityAutoConfiguration:
      Did not match:
         - @ConditionalOnClass did not find required class 'org.springframework.security.authentication.DefaultAuthenticationEventPublisher' (OnClassCondition)

   SecurityFilterAutoConfiguration:
      Did not match:
         - @ConditionalOnClass did not find required class 'org.springframework.security.config.http.SessionCreationPolicy' (OnClassCondition)

   SecurityRequestMatchersManagementContextConfiguration:
      Did not match:
         - @ConditionalOnClass did not find required class 'org.springframework.security.web.util.matcher.RequestMatcher' (OnClassCondition)

   SendGridAutoConfiguration:
      Did not match:
         - @ConditionalOnClass did not find required class 'com.sendgrid.SendGrid' (OnClassCondition)

   ServletEndpointManagementContextConfiguration.JerseyServletEndpointManagementContextConfiguration:
      Did not match:
         - @ConditionalOnClass did not find required class 'org.glassfish.jersey.server.ResourceConfig' (OnClassCondition)

   ServletManagementContextAutoConfiguration.ApplicationContextFilterConfiguration:
      Did not match:
         - @ConditionalOnProperty (management.server.add-application-context-header=true) did not find property 'add-application-context-header' (OnPropertyCondition)

   ServletWebServerFactoryAutoConfiguration.ForwardedHeaderFilterConfiguration:
      Did not match:
         - @ConditionalOnProperty (server.forward-headers-strategy=framework) did not find property 'server.forward-headers-strategy' (OnPropertyCondition)

   ServletWebServerFactoryConfiguration.EmbeddedJetty:
      Did not match:
         - @ConditionalOnClass did not find required classes 'org.eclipse.jetty.server.Server', 'org.eclipse.jetty.util.Loader', 'org.eclipse.jetty.ee10.webapp.WebAppContext' (OnClassCondition)

   ServletWebServerFactoryConfiguration.EmbeddedUndertow:
      Did not match:
         - @ConditionalOnClass did not find required classes 'io.undertow.Undertow', 'org.xnio.SslClientAuthMode' (OnClassCondition)

   SessionAutoConfiguration:
      Did not match:
         - @ConditionalOnClass did not find required class 'org.springframework.session.Session' (OnClassCondition)

   SessionsEndpointAutoConfiguration:
      Did not match:
         - @ConditionalOnClass did not find required class 'org.springframework.session.Session' (OnClassCondition)

   ShutdownEndpointAutoConfiguration:
      Did not match:
         - @ConditionalOnAvailableEndpoint no property management.endpoint.shutdown.enabled found so using endpoint default of false (OnAvailableEndpointCondition)

   SignalFxMetricsExportAutoConfiguration:
      Did not match:
         - @ConditionalOnClass did not find required class 'io.micrometer.signalfx.SignalFxMeterRegistry' (OnClassCondition)

   SpringApplicationAdminJmxAutoConfiguration:
      Did not match:
         - @ConditionalOnProperty (spring.application.admin.enabled=true) did not find property 'enabled' (OnPropertyCondition)

   StackdriverMetricsExportAutoConfiguration:
      Did not match:
         - @ConditionalOnClass did not find required class 'io.micrometer.stackdriver.StackdriverMeterRegistry' (OnClassCondition)

   StartupEndpointAutoConfiguration:
      Did not match:
         - ApplicationStartup configured applicationStartup is of type class org.springframework.core.metrics.DefaultApplicationStartup, expected BufferingApplicationStartup. (StartupEndpointAutoConfiguration.ApplicationStartupCondition)

   StatsdMetricsExportAutoConfiguration:
      Did not match:
         - @ConditionalOnClass did not find required class 'io.micrometer.statsd.StatsdMeterRegistry' (OnClassCondition)

   ThreadDumpEndpointAutoConfiguration:
      Did not match:
         - @ConditionalOnAvailableEndpoint no 'management.endpoints' property marked it as exposed (OnAvailableEndpointCondition)

   ThymeleafAutoConfiguration:
      Did not match:
         - @ConditionalOnClass did not find required class 'org.thymeleaf.spring6.SpringTemplateEngine' (OnClassCondition)

   TransactionAutoConfiguration.EnableTransactionManagementConfiguration.JdkDynamicAutoProxyConfiguration:
      Did not match:
         - @ConditionalOnProperty (spring.aop.proxy-target-class=false) did not find property 'proxy-target-class' (OnPropertyCondition)

   UserDetailsServiceAutoConfiguration:
      Did not match:
         - @ConditionalOnClass did not find required class 'org.springframework.security.authentication.AuthenticationManager' (OnClassCondition)

   WavefrontAutoConfiguration:
      Did not match:
         - @ConditionalOnClass did not find required class 'com.wavefront.sdk.common.application.ApplicationTags' (OnClassCondition)

   WavefrontMetricsExportAutoConfiguration:
      Did not match:
         - @ConditionalOnClass did not find required class 'com.wavefront.sdk.common.WavefrontSender' (OnClassCondition)

   WavefrontTracingAutoConfiguration:
      Did not match:
         - @ConditionalOnClass did not find required class 'com.wavefront.sdk.common.WavefrontSender' (OnClassCondition)

   WebClientAutoConfiguration:
      Did not match:
         - @ConditionalOnClass did not find required class 'org.springframework.web.reactive.function.client.WebClient' (OnClassCondition)

   WebClientObservationConfiguration:
      Did not match:
         - @ConditionalOnClass did not find required class 'org.springframework.web.reactive.function.client.WebClient' (OnClassCondition)

   WebFluxAutoConfiguration:
      Did not match:
         - @ConditionalOnClass did not find required class 'org.springframework.web.reactive.config.WebFluxConfigurer' (OnClassCondition)

   WebFluxEndpointManagementContextConfiguration:
      Did not match:
         - @ConditionalOnClass did not find required class 'org.springframework.web.reactive.DispatcherHandler' (OnClassCondition)

   WebFluxObservationAutoConfiguration:
      Did not match:
         - @ConditionalOnWebApplication did not find reactive web application classes (OnWebApplicationCondition)

   WebMvcAutoConfiguration.ProblemDetailsErrorHandlingConfiguration:
      Did not match:
         - @ConditionalOnProperty (spring.mvc.problemdetails.enabled=true) did not find property 'enabled' (OnPropertyCondition)

   WebMvcAutoConfiguration.ResourceChainCustomizerConfiguration:
      Did not match:
         - @ConditionalOnEnabledResourceChain did not find class org.webjars.WebJarAssetLocator (OnEnabledResourceChainCondition)

   WebServiceTemplateAutoConfiguration:
      Did not match:
         - @ConditionalOnClass did not find required class 'org.springframework.oxm.Marshaller' (OnClassCondition)

   WebServicesAutoConfiguration:
      Did not match:
         - @ConditionalOnClass did not find required class 'org.springframework.ws.transport.http.MessageDispatcherServlet' (OnClassCondition)

   WebSessionIdResolverAutoConfiguration:
      Did not match:
         - @ConditionalOnClass did not find required class 'reactor.core.publisher.Mono' (OnClassCondition)

   WebSocketMessagingAutoConfiguration:
      Did not match:
         - @ConditionalOnClass did not find required class 'org.springframework.web.socket.config.annotation.WebSocketMessageBrokerConfigurer' (OnClassCondition)

   WebSocketReactiveAutoConfiguration:
      Did not match:
         - @ConditionalOnWebApplication did not find reactive web application classes (OnWebApplicationCondition)

   WebSocketServletAutoConfiguration.JettyWebSocketConfiguration:
      Did not match:
         - @ConditionalOnClass did not find required class 'org.eclipse.jetty.ee10.websocket.jakarta.server.config.JakartaWebSocketServletContainerInitializer' (OnClassCondition)

   WebSocketServletAutoConfiguration.UndertowWebSocketConfiguration:
      Did not match:
         - @ConditionalOnClass did not find required class 'io.undertow.websockets.jsr.Bootstrap' (OnClassCondition)

   ZipkinAutoConfiguration:
      Did not match:
         - @ConditionalOnClass did not find required class 'zipkin2.reporter.Encoding' (OnClassCondition)


Exclusions:
-----------

    None


Unconditional classes:
----------------------

    org.springframework.boot.autoconfigure.context.ConfigurationPropertiesAutoConfiguration

    org.springframework.boot.actuate.autoconfigure.availability.AvailabilityHealthContributorAutoConfiguration

    org.springframework.boot.autoconfigure.ssl.SslAutoConfiguration

    org.springframework.boot.actuate.autoconfigure.info.InfoContributorAutoConfiguration

    org.springframework.boot.autoconfigure.context.PropertyPlaceholderAutoConfiguration

    org.springframework.boot.autoconfigure.context.LifecycleAutoConfiguration

    org.springframework.boot.actuate.autoconfigure.metrics.integration.IntegrationMetricsAutoConfiguration

    org.springframework.boot.actuate.autoconfigure.endpoint.EndpointAutoConfiguration

    org.springframework.boot.testcontainers.service.connection.ServiceConnectionAutoConfiguration

    org.springframework.boot.actuate.autoconfigure.web.server.ManagementContextAutoConfiguration

    org.springframework.boot.autoconfigure.jdbc.JdbcClientAutoConfiguration

    org.springframework.boot.actuate.autoconfigure.metrics.cache.CacheMetricsAutoConfiguration

    org.springframework.boot.actuate.autoconfigure.health.HealthContributorAutoConfiguration

    org.springframework.boot.actuate.autoconfigure.endpoint.jackson.JacksonEndpointAutoConfiguration

    org.springframework.boot.autoconfigure.availability.ApplicationAvailabilityAutoConfiguration

    org.springframework.boot.autoconfigure.info.ProjectInfoAutoConfiguration



]]></system-err>
  </testcase>
</testsuite>